Determining if the pthread_create exist failed with the following output:
Change Dir: /home/caster/ros_ws/caster/build/ros_sharp/CMakeFiles/CMakeTmp

Run Build Command:"/usr/bin/make" "cmTC_19ffd/fast"
/usr/bin/make -f CMakeFiles/cmTC_19ffd.dir/build.make CMakeFiles/cmTC_19ffd.dir/build
make[1]: Entering directory '/home/caster/ros_ws/caster/build/ros_sharp/CMakeFiles/CMakeTmp'
Building C object CMakeFiles/cmTC_19ffd.dir/CheckSymbolExists.c.o
/usr/bin/cc    -o CMakeFiles/cmTC_19ffd.dir/CheckSymbolExists.c.o   -c /home/caster/ros_ws/caster/build/ros_sharp/CMakeFiles/CMakeTmp/CheckSymbolExists.c
Linking C executable cmTC_19ffd
/usr/bin/cmake -E cmake_link_script CMakeFiles/cmTC_19ffd.dir/link.txt --verbose=1
/usr/bin/cc      -rdynamic CMakeFiles/cmTC_19ffd.dir/CheckSymbolExists.c.o  -o cmTC_19ffd 
CMakeFiles/cmTC_19ffd.dir/CheckSymbolExists.c.o: In function `main':
CheckSymbolExists.c:(.text+0x1b): undefined reference to `pthread_create'
collect2: error: ld returned 1 exit status
CMakeFiles/cmTC_19ffd.dir/build.make:97: recipe for target 'cmTC_19ffd' failed
make[1]: *** [cmTC_19ffd] Error 1
make[1]: Leaving directory '/home/caster/ros_ws/caster/build/ros_sharp/CMakeFiles/CMakeTmp'
Makefile:126: recipe for target 'cmTC_19ffd/fast' failed
make: *** [cmTC_19ffd/fast] Error 2

File /home/caster/ros_ws/caster/build/ros_sharp/CMakeFiles/CMakeTmp/CheckSymbolExists.c:
/* */
#include <pthread.h>

int main(int argc, char** argv)
{
  (void)argv;
#ifndef pthread_create
  return ((int*)(&pthread_create))[argc];
#else
  (void)argc;
  return 0;
#endif
}

Determining if the function pthread_create exists in the pthreads failed with the following output:
Change Dir: /home/caster/ros_ws/caster/build/ros_sharp/CMakeFiles/CMakeTmp

Run Build Command:"/usr/bin/make" "cmTC_93ea1/fast"
/usr/bin/make -f CMakeFiles/cmTC_93ea1.dir/build.make CMakeFiles/cmTC_93ea1.dir/build
make[1]: Entering directory '/home/caster/ros_ws/caster/build/ros_sharp/CMakeFiles/CMakeTmp'
Building C object CMakeFiles/cmTC_93ea1.dir/CheckFunctionExists.c.o
/usr/bin/cc   -DCHECK_FUNCTION_EXISTS=pthread_create   -o CMakeFiles/cmTC_93ea1.dir/CheckFunctionExists.c.o   -c /usr/share/cmake-3.10/Modules/CheckFunctionExists.c
Linking C executable cmTC_93ea1
/usr/bin/cmake -E cmake_link_script CMakeFiles/cmTC_93ea1.dir/link.txt --verbose=1
/usr/bin/cc  -DCHECK_FUNCTION_EXISTS=pthread_create    -rdynamic CMakeFiles/cmTC_93ea1.dir/CheckFunctionExists.c.o  -o cmTC_93ea1 -lpthreads 
/usr/bin/ld: cannot find -lpthreads
collect2: error: ld returned 1 exit status
CMakeFiles/cmTC_93ea1.dir/build.make:97: recipe for target 'cmTC_93ea1' failed
make[1]: *** [cmTC_93ea1] Error 1
make[1]: Leaving directory '/home/caster/ros_ws/caster/build/ros_sharp/CMakeFiles/CMakeTmp'
Makefile:126: recipe for target 'cmTC_93ea1/fast' failed
make: *** [cmTC_93ea1/fast] Error 2


