Linked: (/home/caster/ros_ws/caster/devel/.private/caster_man_app/lib/caster_man_app/marker_detect_node, /home/caster/ros_ws/caster/devel/lib/caster_man_app/marker_detect_node)
Linked: (/home/caster/ros_ws/caster/devel/.private/caster_man_app/lib/caster_man_app/caster_man_app_node, /home/caster/ros_ws/caster/devel/lib/caster_man_app/caster_man_app_node)
Linked: (/home/caster/ros_ws/caster/devel/.private/caster_man_app/lib/pkgconfig/caster_man_app.pc, /home/caster/ros_ws/caster/devel/lib/pkgconfig/caster_man_app.pc)
Linked: (/home/caster/ros_ws/caster/devel/.private/caster_man_app/lib/python2.7/dist-packages/caster_man_app/__init__.py, /home/caster/ros_ws/caster/devel/lib/python2.7/dist-packages/caster_man_app/__init__.py)
Linked: (/home/caster/ros_ws/caster/devel/.private/caster_man_app/lib/python2.7/dist-packages/caster_man_app/srv/__init__.py, /home/caster/ros_ws/caster/devel/lib/python2.7/dist-packages/caster_man_app/srv/__init__.py)
Linked: (/home/caster/ros_ws/caster/devel/.private/caster_man_app/lib/python2.7/dist-packages/caster_man_app/srv/_PickGift.py, /home/caster/ros_ws/caster/devel/lib/python2.7/dist-packages/caster_man_app/srv/_PickGift.py)
Linked: (/home/caster/ros_ws/caster/devel/.private/caster_man_app/include/caster_man_app/PickGiftRequest.h, /home/caster/ros_ws/caster/devel/include/caster_man_app/PickGiftRequest.h)
Linked: (/home/caster/ros_ws/caster/devel/.private/caster_man_app/include/caster_man_app/PickGiftResponse.h, /home/caster/ros_ws/caster/devel/include/caster_man_app/PickGiftResponse.h)
Linked: (/home/caster/ros_ws/caster/devel/.private/caster_man_app/include/caster_man_app/PickGift.h, /home/caster/ros_ws/caster/devel/include/caster_man_app/PickGift.h)
Linked: (/home/caster/ros_ws/caster/devel/.private/caster_man_app/share/gennodejs/ros/caster_man_app/_index.js, /home/caster/ros_ws/caster/devel/share/gennodejs/ros/caster_man_app/_index.js)
Linked: (/home/caster/ros_ws/caster/devel/.private/caster_man_app/share/gennodejs/ros/caster_man_app/srv/_index.js, /home/caster/ros_ws/caster/devel/share/gennodejs/ros/caster_man_app/srv/_index.js)
Linked: (/home/caster/ros_ws/caster/devel/.private/caster_man_app/share/gennodejs/ros/caster_man_app/srv/PickGift.js, /home/caster/ros_ws/caster/devel/share/gennodejs/ros/caster_man_app/srv/PickGift.js)
Linked: (/home/caster/ros_ws/caster/devel/.private/caster_man_app/share/caster_man_app/cmake/caster_man_app-msg-extras.cmake, /home/caster/ros_ws/caster/devel/share/caster_man_app/cmake/caster_man_app-msg-extras.cmake)
Linked: (/home/caster/ros_ws/caster/devel/.private/caster_man_app/share/caster_man_app/cmake/caster_man_appConfig.cmake, /home/caster/ros_ws/caster/devel/share/caster_man_app/cmake/caster_man_appConfig.cmake)
Linked: (/home/caster/ros_ws/caster/devel/.private/caster_man_app/share/caster_man_app/cmake/caster_man_app-msg-paths.cmake, /home/caster/ros_ws/caster/devel/share/caster_man_app/cmake/caster_man_app-msg-paths.cmake)
Linked: (/home/caster/ros_ws/caster/devel/.private/caster_man_app/share/caster_man_app/cmake/caster_man_appConfig-version.cmake, /home/caster/ros_ws/caster/devel/share/caster_man_app/cmake/caster_man_appConfig-version.cmake)
Linked: (/home/caster/ros_ws/caster/devel/.private/caster_man_app/share/common-lisp/ros/caster_man_app/srv/_package_PickGift.lisp, /home/caster/ros_ws/caster/devel/share/common-lisp/ros/caster_man_app/srv/_package_PickGift.lisp)
Linked: (/home/caster/ros_ws/caster/devel/.private/caster_man_app/share/common-lisp/ros/caster_man_app/srv/caster_man_app-srv.asd, /home/caster/ros_ws/caster/devel/share/common-lisp/ros/caster_man_app/srv/caster_man_app-srv.asd)
Linked: (/home/caster/ros_ws/caster/devel/.private/caster_man_app/share/common-lisp/ros/caster_man_app/srv/PickGift.lisp, /home/caster/ros_ws/caster/devel/share/common-lisp/ros/caster_man_app/srv/PickGift.lisp)
Linked: (/home/caster/ros_ws/caster/devel/.private/caster_man_app/share/common-lisp/ros/caster_man_app/srv/_package.lisp, /home/caster/ros_ws/caster/devel/share/common-lisp/ros/caster_man_app/srv/_package.lisp)
Linked: (/home/caster/ros_ws/caster/devel/.private/caster_man_app/share/roseus/ros/caster_man_app/manifest.l, /home/caster/ros_ws/caster/devel/share/roseus/ros/caster_man_app/manifest.l)
Linked: (/home/caster/ros_ws/caster/devel/.private/caster_man_app/share/roseus/ros/caster_man_app/srv/PickGift.l, /home/caster/ros_ws/caster/devel/share/roseus/ros/caster_man_app/srv/PickGift.l)
