Determining if the pthread_create exist failed with the following output:
Change Dir: /home/caster/ros_ws/caster/build/realsense2_description/CMakeFiles/CMakeTmp

Run Build Command:"/usr/bin/make" "cmTC_970fb/fast"
/usr/bin/make -f CMakeFiles/cmTC_970fb.dir/build.make CMakeFiles/cmTC_970fb.dir/build
make[1]: Entering directory '/home/caster/ros_ws/caster/build/realsense2_description/CMakeFiles/CMakeTmp'
Building C object CMakeFiles/cmTC_970fb.dir/CheckSymbolExists.c.o
/usr/bin/cc    -o CMakeFiles/cmTC_970fb.dir/CheckSymbolExists.c.o   -c /home/caster/ros_ws/caster/build/realsense2_description/CMakeFiles/CMakeTmp/CheckSymbolExists.c
Linking C executable cmTC_970fb
/usr/bin/cmake -E cmake_link_script CMakeFiles/cmTC_970fb.dir/link.txt --verbose=1
/usr/bin/cc      -rdynamic CMakeFiles/cmTC_970fb.dir/CheckSymbolExists.c.o  -o cmTC_970fb 
CMakeFiles/cmTC_970fb.dir/CheckSymbolExists.c.o: In function `main':
CheckSymbolExists.c:(.text+0x1b): undefined reference to `pthread_create'
collect2: error: ld returned 1 exit status
CMakeFiles/cmTC_970fb.dir/build.make:97: recipe for target 'cmTC_970fb' failed
make[1]: *** [cmTC_970fb] Error 1
make[1]: Leaving directory '/home/caster/ros_ws/caster/build/realsense2_description/CMakeFiles/CMakeTmp'
Makefile:126: recipe for target 'cmTC_970fb/fast' failed
make: *** [cmTC_970fb/fast] Error 2

File /home/caster/ros_ws/caster/build/realsense2_description/CMakeFiles/CMakeTmp/CheckSymbolExists.c:
/* */
#include <pthread.h>

int main(int argc, char** argv)
{
  (void)argv;
#ifndef pthread_create
  return ((int*)(&pthread_create))[argc];
#else
  (void)argc;
  return 0;
#endif
}

Determining if the function pthread_create exists in the pthreads failed with the following output:
Change Dir: /home/caster/ros_ws/caster/build/realsense2_description/CMakeFiles/CMakeTmp

Run Build Command:"/usr/bin/make" "cmTC_4216a/fast"
/usr/bin/make -f CMakeFiles/cmTC_4216a.dir/build.make CMakeFiles/cmTC_4216a.dir/build
make[1]: Entering directory '/home/caster/ros_ws/caster/build/realsense2_description/CMakeFiles/CMakeTmp'
Building C object CMakeFiles/cmTC_4216a.dir/CheckFunctionExists.c.o
/usr/bin/cc   -DCHECK_FUNCTION_EXISTS=pthread_create   -o CMakeFiles/cmTC_4216a.dir/CheckFunctionExists.c.o   -c /usr/share/cmake-3.10/Modules/CheckFunctionExists.c
Linking C executable cmTC_4216a
/usr/bin/cmake -E cmake_link_script CMakeFiles/cmTC_4216a.dir/link.txt --verbose=1
/usr/bin/cc  -DCHECK_FUNCTION_EXISTS=pthread_create    -rdynamic CMakeFiles/cmTC_4216a.dir/CheckFunctionExists.c.o  -o cmTC_4216a -lpthreads 
/usr/bin/ld: cannot find -lpthreads
collect2: error: ld returned 1 exit status
CMakeFiles/cmTC_4216a.dir/build.make:97: recipe for target 'cmTC_4216a' failed
make[1]: *** [cmTC_4216a] Error 1
make[1]: Leaving directory '/home/caster/ros_ws/caster/build/realsense2_description/CMakeFiles/CMakeTmp'
Makefile:126: recipe for target 'cmTC_4216a/fast' failed
make: *** [cmTC_4216a/fast] Error 2


