Determining if the pthread_create exist failed with the following output:
Change Dir: /home/caster/ros_ws/caster/build/kinect2_calibration/CMakeFiles/CMakeTmp

Run Build Command:"/usr/bin/make" "cmTC_a451a/fast"
/usr/bin/make -f CMakeFiles/cmTC_a451a.dir/build.make CMakeFiles/cmTC_a451a.dir/build
make[1]: Entering directory '/home/caster/ros_ws/caster/build/kinect2_calibration/CMakeFiles/CMakeTmp'
Building C object CMakeFiles/cmTC_a451a.dir/CheckSymbolExists.c.o
/usr/bin/cc    -o CMakeFiles/cmTC_a451a.dir/CheckSymbolExists.c.o   -c /home/caster/ros_ws/caster/build/kinect2_calibration/CMakeFiles/CMakeTmp/CheckSymbolExists.c
Linking C executable cmTC_a451a
/usr/bin/cmake -E cmake_link_script CMakeFiles/cmTC_a451a.dir/link.txt --verbose=1
/usr/bin/cc      -rdynamic CMakeFiles/cmTC_a451a.dir/CheckSymbolExists.c.o  -o cmTC_a451a 
CMakeFiles/cmTC_a451a.dir/CheckSymbolExists.c.o: In function `main':
CheckSymbolExists.c:(.text+0x1b): undefined reference to `pthread_create'
collect2: error: ld returned 1 exit status
CMakeFiles/cmTC_a451a.dir/build.make:97: recipe for target 'cmTC_a451a' failed
make[1]: *** [cmTC_a451a] Error 1
make[1]: Leaving directory '/home/caster/ros_ws/caster/build/kinect2_calibration/CMakeFiles/CMakeTmp'
Makefile:126: recipe for target 'cmTC_a451a/fast' failed
make: *** [cmTC_a451a/fast] Error 2

File /home/caster/ros_ws/caster/build/kinect2_calibration/CMakeFiles/CMakeTmp/CheckSymbolExists.c:
/* */
#include <pthread.h>

int main(int argc, char** argv)
{
  (void)argv;
#ifndef pthread_create
  return ((int*)(&pthread_create))[argc];
#else
  (void)argc;
  return 0;
#endif
}

Determining if the function pthread_create exists in the pthreads failed with the following output:
Change Dir: /home/caster/ros_ws/caster/build/kinect2_calibration/CMakeFiles/CMakeTmp

Run Build Command:"/usr/bin/make" "cmTC_852a3/fast"
/usr/bin/make -f CMakeFiles/cmTC_852a3.dir/build.make CMakeFiles/cmTC_852a3.dir/build
make[1]: Entering directory '/home/caster/ros_ws/caster/build/kinect2_calibration/CMakeFiles/CMakeTmp'
Building C object CMakeFiles/cmTC_852a3.dir/CheckFunctionExists.c.o
/usr/bin/cc   -DCHECK_FUNCTION_EXISTS=pthread_create   -o CMakeFiles/cmTC_852a3.dir/CheckFunctionExists.c.o   -c /usr/share/cmake-3.10/Modules/CheckFunctionExists.c
Linking C executable cmTC_852a3
/usr/bin/cmake -E cmake_link_script CMakeFiles/cmTC_852a3.dir/link.txt --verbose=1
/usr/bin/cc  -DCHECK_FUNCTION_EXISTS=pthread_create    -rdynamic CMakeFiles/cmTC_852a3.dir/CheckFunctionExists.c.o  -o cmTC_852a3 -lpthreads 
/usr/bin/ld: cannot find -lpthreads
collect2: error: ld returned 1 exit status
CMakeFiles/cmTC_852a3.dir/build.make:97: recipe for target 'cmTC_852a3' failed
make[1]: *** [cmTC_852a3] Error 1
make[1]: Leaving directory '/home/caster/ros_ws/caster/build/kinect2_calibration/CMakeFiles/CMakeTmp'
Makefile:126: recipe for target 'cmTC_852a3/fast' failed
make: *** [cmTC_852a3/fast] Error 2


