Determining if the pthread_create exist failed with the following output:
Change Dir: /home/caster/ros_ws/caster/build/kinova_control/CMakeFiles/CMakeTmp

Run Build Command:"/usr/bin/make" "cmTC_33015/fast"
/usr/bin/make -f CMakeFiles/cmTC_33015.dir/build.make CMakeFiles/cmTC_33015.dir/build
make[1]: Entering directory '/home/caster/ros_ws/caster/build/kinova_control/CMakeFiles/CMakeTmp'
Building C object CMakeFiles/cmTC_33015.dir/CheckSymbolExists.c.o
/usr/bin/cc    -o CMakeFiles/cmTC_33015.dir/CheckSymbolExists.c.o   -c /home/caster/ros_ws/caster/build/kinova_control/CMakeFiles/CMakeTmp/CheckSymbolExists.c
Linking C executable cmTC_33015
/usr/bin/cmake -E cmake_link_script CMakeFiles/cmTC_33015.dir/link.txt --verbose=1
/usr/bin/cc      -rdynamic CMakeFiles/cmTC_33015.dir/CheckSymbolExists.c.o  -o cmTC_33015 
CMakeFiles/cmTC_33015.dir/CheckSymbolExists.c.o: In function `main':
CheckSymbolExists.c:(.text+0x1b): undefined reference to `pthread_create'
collect2: error: ld returned 1 exit status
CMakeFiles/cmTC_33015.dir/build.make:97: recipe for target 'cmTC_33015' failed
make[1]: *** [cmTC_33015] Error 1
make[1]: Leaving directory '/home/caster/ros_ws/caster/build/kinova_control/CMakeFiles/CMakeTmp'
Makefile:126: recipe for target 'cmTC_33015/fast' failed
make: *** [cmTC_33015/fast] Error 2

File /home/caster/ros_ws/caster/build/kinova_control/CMakeFiles/CMakeTmp/CheckSymbolExists.c:
/* */
#include <pthread.h>

int main(int argc, char** argv)
{
  (void)argv;
#ifndef pthread_create
  return ((int*)(&pthread_create))[argc];
#else
  (void)argc;
  return 0;
#endif
}

Determining if the function pthread_create exists in the pthreads failed with the following output:
Change Dir: /home/caster/ros_ws/caster/build/kinova_control/CMakeFiles/CMakeTmp

Run Build Command:"/usr/bin/make" "cmTC_dcf5b/fast"
/usr/bin/make -f CMakeFiles/cmTC_dcf5b.dir/build.make CMakeFiles/cmTC_dcf5b.dir/build
make[1]: Entering directory '/home/caster/ros_ws/caster/build/kinova_control/CMakeFiles/CMakeTmp'
Building C object CMakeFiles/cmTC_dcf5b.dir/CheckFunctionExists.c.o
/usr/bin/cc   -DCHECK_FUNCTION_EXISTS=pthread_create   -o CMakeFiles/cmTC_dcf5b.dir/CheckFunctionExists.c.o   -c /usr/share/cmake-3.10/Modules/CheckFunctionExists.c
Linking C executable cmTC_dcf5b
/usr/bin/cmake -E cmake_link_script CMakeFiles/cmTC_dcf5b.dir/link.txt --verbose=1
/usr/bin/cc  -DCHECK_FUNCTION_EXISTS=pthread_create    -rdynamic CMakeFiles/cmTC_dcf5b.dir/CheckFunctionExists.c.o  -o cmTC_dcf5b -lpthreads 
/usr/bin/ld: cannot find -lpthreads
collect2: error: ld returned 1 exit status
CMakeFiles/cmTC_dcf5b.dir/build.make:97: recipe for target 'cmTC_dcf5b' failed
make[1]: *** [cmTC_dcf5b] Error 1
make[1]: Leaving directory '/home/caster/ros_ws/caster/build/kinova_control/CMakeFiles/CMakeTmp'
Makefile:126: recipe for target 'cmTC_dcf5b/fast' failed
make: *** [cmTC_dcf5b/fast] Error 2


