Determining if the pthread_create exist failed with the following output:
Change Dir: /home/caster/ros_ws/caster/build/caster_man_bringup/CMakeFiles/CMakeTmp

Run Build Command:"/usr/bin/make" "cmTC_f16cd/fast"
/usr/bin/make -f CMakeFiles/cmTC_f16cd.dir/build.make CMakeFiles/cmTC_f16cd.dir/build
make[1]: Entering directory '/home/caster/ros_ws/caster/build/caster_man_bringup/CMakeFiles/CMakeTmp'
Building C object CMakeFiles/cmTC_f16cd.dir/CheckSymbolExists.c.o
/usr/bin/cc    -o CMakeFiles/cmTC_f16cd.dir/CheckSymbolExists.c.o   -c /home/caster/ros_ws/caster/build/caster_man_bringup/CMakeFiles/CMakeTmp/CheckSymbolExists.c
Linking C executable cmTC_f16cd
/usr/bin/cmake -E cmake_link_script CMakeFiles/cmTC_f16cd.dir/link.txt --verbose=1
/usr/bin/cc      -rdynamic CMakeFiles/cmTC_f16cd.dir/CheckSymbolExists.c.o  -o cmTC_f16cd 
CMakeFiles/cmTC_f16cd.dir/CheckSymbolExists.c.o: In function `main':
CheckSymbolExists.c:(.text+0x1b): undefined reference to `pthread_create'
collect2: error: ld returned 1 exit status
CMakeFiles/cmTC_f16cd.dir/build.make:97: recipe for target 'cmTC_f16cd' failed
make[1]: *** [cmTC_f16cd] Error 1
make[1]: Leaving directory '/home/caster/ros_ws/caster/build/caster_man_bringup/CMakeFiles/CMakeTmp'
Makefile:126: recipe for target 'cmTC_f16cd/fast' failed
make: *** [cmTC_f16cd/fast] Error 2

File /home/caster/ros_ws/caster/build/caster_man_bringup/CMakeFiles/CMakeTmp/CheckSymbolExists.c:
/* */
#include <pthread.h>

int main(int argc, char** argv)
{
  (void)argv;
#ifndef pthread_create
  return ((int*)(&pthread_create))[argc];
#else
  (void)argc;
  return 0;
#endif
}

Determining if the function pthread_create exists in the pthreads failed with the following output:
Change Dir: /home/caster/ros_ws/caster/build/caster_man_bringup/CMakeFiles/CMakeTmp

Run Build Command:"/usr/bin/make" "cmTC_b01af/fast"
/usr/bin/make -f CMakeFiles/cmTC_b01af.dir/build.make CMakeFiles/cmTC_b01af.dir/build
make[1]: Entering directory '/home/caster/ros_ws/caster/build/caster_man_bringup/CMakeFiles/CMakeTmp'
Building C object CMakeFiles/cmTC_b01af.dir/CheckFunctionExists.c.o
/usr/bin/cc   -DCHECK_FUNCTION_EXISTS=pthread_create   -o CMakeFiles/cmTC_b01af.dir/CheckFunctionExists.c.o   -c /usr/share/cmake-3.10/Modules/CheckFunctionExists.c
Linking C executable cmTC_b01af
/usr/bin/cmake -E cmake_link_script CMakeFiles/cmTC_b01af.dir/link.txt --verbose=1
/usr/bin/cc  -DCHECK_FUNCTION_EXISTS=pthread_create    -rdynamic CMakeFiles/cmTC_b01af.dir/CheckFunctionExists.c.o  -o cmTC_b01af -lpthreads 
/usr/bin/ld: cannot find -lpthreads
collect2: error: ld returned 1 exit status
CMakeFiles/cmTC_b01af.dir/build.make:97: recipe for target 'cmTC_b01af' failed
make[1]: *** [cmTC_b01af] Error 1
make[1]: Leaving directory '/home/caster/ros_ws/caster/build/caster_man_bringup/CMakeFiles/CMakeTmp'
Makefile:126: recipe for target 'cmTC_b01af/fast' failed
make: *** [cmTC_b01af/fast] Error 2


