[  0%] Built target rosgraph_msgs_generate_messages_nodejs
[  0%] Built target hongfu_bms_msg_generate_messages_eus
[  0%] Built target hongfu_bms_msg_generate_messages_cpp
[  0%] Built target std_msgs_generate_messages_nodejs
[  0%] Built target std_msgs_generate_messages_lisp
[  0%] Built target hongfu_bms_msg_generate_messages_py
[  0%] Built target hongfu_bms_msg_generate_messages_lisp
[  0%] Built target std_msgs_generate_messages_cpp
[  0%] Built target roscpp_generate_messages_cpp
[  0%] Built target roscpp_generate_messages_lisp
[  0%] Built target roscpp_generate_messages_eus
[  0%] Built target std_msgs_generate_messages_py
[  0%] Built target roscpp_generate_messages_nodejs
[  0%] Built target roscpp_generate_messages_py
[  0%] Built target rosgraph_msgs_generate_messages_cpp
[  0%] Built target rosgraph_msgs_generate_messages_eus
[  0%] Built target hongfu_bms_msg_generate_messages_nodejs
[  0%] Built target rosgraph_msgs_generate_messages_lisp
[  0%] Built target std_msgs_generate_messages_eus
[  0%] Built target rosgraph_msgs_generate_messages_py
[ 33%] [32mBuilding CXX object CMakeFiles/hongfu_bms_status_node.dir/src/hongfu_bms_status_node.cpp.o[0m
[ 66%] [32mBuilding CXX object CMakeFiles/hongfu_bms_status_node.dir/src/hongfu_bms_status.cpp.o[0m
[100%] [32m[1mLinking CXX executable /home/caster/ros_ws/caster/devel/.private/hongfu_bms_status/lib/hongfu_bms_status/hongfu_bms_status_node[0m
[100%] Built target hongfu_bms_status_node
