Symlinking /home/caster/ros_ws/caster/devel/lib/librealsense2_camera.so
Symlinking /home/caster/ros_ws/caster/devel/lib/pkgconfig/realsense2_camera.pc
Symlinking /home/caster/ros_ws/caster/devel/lib/python2.7/dist-packages/realsense2_camera/__init__.py
Symlinking /home/caster/ros_ws/caster/devel/lib/python2.7/dist-packages/realsense2_camera/msg/__init__.py
Symlinking /home/caster/ros_ws/caster/devel/lib/python2.7/dist-packages/realsense2_camera/msg/_IMUInfo.py
Symlinking /home/caster/ros_ws/caster/devel/lib/python2.7/dist-packages/realsense2_camera/msg/_Extrinsics.py
Symlinking /home/caster/ros_ws/caster/devel/include/realsense2_camera/IMUInfo.h
Symlinking /home/caster/ros_ws/caster/devel/include/realsense2_camera/Extrinsics.h
Symlinking /home/caster/ros_ws/caster/devel/share/gennodejs/ros/realsense2_camera/_index.js
Symlinking /home/caster/ros_ws/caster/devel/share/gennodejs/ros/realsense2_camera/msg/_index.js
Symlinking /home/caster/ros_ws/caster/devel/share/gennodejs/ros/realsense2_camera/msg/Extrinsics.js
Symlinking /home/caster/ros_ws/caster/devel/share/gennodejs/ros/realsense2_camera/msg/IMUInfo.js
Symlinking /home/caster/ros_ws/caster/devel/share/common-lisp/ros/realsense2_camera/msg/Extrinsics.lisp
Symlinking /home/caster/ros_ws/caster/devel/share/common-lisp/ros/realsense2_camera/msg/_package_IMUInfo.lisp
Symlinking /home/caster/ros_ws/caster/devel/share/common-lisp/ros/realsense2_camera/msg/realsense2_camera-msg.asd
Symlinking /home/caster/ros_ws/caster/devel/share/common-lisp/ros/realsense2_camera/msg/IMUInfo.lisp
Symlinking /home/caster/ros_ws/caster/devel/share/common-lisp/ros/realsense2_camera/msg/_package.lisp
Symlinking /home/caster/ros_ws/caster/devel/share/common-lisp/ros/realsense2_camera/msg/_package_Extrinsics.lisp
Symlinking /home/caster/ros_ws/caster/devel/share/realsense2_camera/cmake/realsense2_cameraConfig.cmake
Symlinking /home/caster/ros_ws/caster/devel/share/realsense2_camera/cmake/realsense2_camera-msg-extras.cmake
Symlinking /home/caster/ros_ws/caster/devel/share/realsense2_camera/cmake/realsense2_cameraConfig-version.cmake
Symlinking /home/caster/ros_ws/caster/devel/share/realsense2_camera/cmake/realsense2_camera-msg-paths.cmake
Symlinking /home/caster/ros_ws/caster/devel/share/roseus/ros/realsense2_camera/manifest.l
Symlinking /home/caster/ros_ws/caster/devel/share/roseus/ros/realsense2_camera/msg/IMUInfo.l
Symlinking /home/caster/ros_ws/caster/devel/share/roseus/ros/realsense2_camera/msg/Extrinsics.l
