[35m[1mScanning dependencies of target _caster_app_generate_messages_check_deps_DockResult[0m
[  0%] Built target _caster_app_generate_messages_check_deps_DockResult
[35m[1mScanning dependencies of target _caster_app_generate_messages_check_deps_MovetoGoalResult[0m
[  0%] Built target _caster_app_generate_messages_check_deps_MovetoGoalResult
[35m[1mScanning dependencies of target _caster_app_generate_messages_check_deps_DockActionResult[0m
[  0%] Built target _caster_app_generate_messages_check_deps_DockActionResult
[35m[1mScanning dependencies of target _caster_app_generate_messages_check_deps_DockActionGoal[0m
[  0%] Built target _caster_app_generate_messages_check_deps_DockActionGoal
[35m[1mScanning dependencies of target _caster_app_generate_messages_check_deps_DockAction[0m
[  0%] Built target _caster_app_generate_messages_check_deps_DockAction
[35m[1mScanning dependencies of target _caster_app_generate_messages_check_deps_DockGoal[0m
[  0%] Built target _caster_app_generate_messages_check_deps_DockGoal
[35m[1mScanning dependencies of target actionlib_msgs_generate_messages_py[0m
[  0%] Built target actionlib_msgs_generate_messages_py
[35m[1mScanning dependencies of target _caster_app_generate_messages_check_deps_MovetoGoalAction[0m
[  0%] Built target _caster_app_generate_messages_check_deps_MovetoGoalAction
[35m[1mScanning dependencies of target _caster_app_generate_messages_check_deps_MovetoGoalActionResult[0m
[  0%] Built target _caster_app_generate_messages_check_deps_MovetoGoalActionResult
[35m[1mScanning dependencies of target _caster_app_generate_messages_check_deps_DockActionFeedback[0m
[  0%] Built target _caster_app_generate_messages_check_deps_DockActionFeedback
[35m[1mScanning dependencies of target _caster_app_generate_messages_check_deps_MovetoGoalActionFeedback[0m
[  0%] Built target _caster_app_generate_messages_check_deps_MovetoGoalActionFeedback
[35m[1mScanning dependencies of target _caster_app_generate_messages_check_deps_MovetoGoalGoal[0m
[  0%] Built target _caster_app_generate_messages_check_deps_MovetoGoalGoal
[35m[1mScanning dependencies of target _caster_app_generate_messages_check_deps_MovetoGoalActionGoal[0m
[  0%] Built target _caster_app_generate_messages_check_deps_MovetoGoalActionGoal
[35m[1mScanning dependencies of target _caster_app_generate_messages_check_deps_MovetoGoalFeedback[0m
[  0%] Built target _caster_app_generate_messages_check_deps_MovetoGoalFeedback
[35m[1mScanning dependencies of target _caster_app_generate_messages_check_deps_DockFeedback[0m
[35m[1mScanning dependencies of target actionlib_msgs_generate_messages_nodejs[0m
[  0%] Built target actionlib_msgs_generate_messages_nodejs
[  0%] Built target _caster_app_generate_messages_check_deps_DockFeedback
[35m[1mScanning dependencies of target actionlib_msgs_generate_messages_eus[0m
[  0%] Built target actionlib_msgs_generate_messages_eus
[35m[1mScanning dependencies of target actionlib_msgs_generate_messages_cpp[0m
[  0%] Built target actionlib_msgs_generate_messages_cpp
[35m[1mScanning dependencies of target actionlib_msgs_generate_messages_lisp[0m
[  0%] Built target actionlib_msgs_generate_messages_lisp
[35m[1mScanning dependencies of target std_msgs_generate_messages_eus[0m
[  0%] Built target std_msgs_generate_messages_eus
[35m[1mScanning dependencies of target sensor_msgs_generate_messages_nodejs[0m
[  0%] Built target sensor_msgs_generate_messages_nodejs
[35m[1mScanning dependencies of target actionlib_generate_messages_cpp[0m
[  0%] Built target actionlib_generate_messages_cpp
[35m[1mScanning dependencies of target roscpp_generate_messages_cpp[0m
[  0%] Built target roscpp_generate_messages_cpp
[35m[1mScanning dependencies of target rosgraph_msgs_generate_messages_lisp[0m
[  0%] Built target rosgraph_msgs_generate_messages_lisp
[35m[1mScanning dependencies of target rosgraph_msgs_generate_messages_cpp[0m
[  0%] Built target rosgraph_msgs_generate_messages_cpp
[35m[1mScanning dependencies of target geometry_msgs_generate_messages_eus[0m
[  0%] Built target geometry_msgs_generate_messages_eus
[35m[1mScanning dependencies of target rosgraph_msgs_generate_messages_eus[0m
[  0%] Built target rosgraph_msgs_generate_messages_eus
[35m[1mScanning dependencies of target tf_generate_messages_nodejs[0m
[  0%] Built target tf_generate_messages_nodejs
[35m[1mScanning dependencies of target sensor_msgs_generate_messages_py[0m
[  0%] Built target sensor_msgs_generate_messages_py
[35m[1mScanning dependencies of target tf_generate_messages_py[0m
[  0%] Built target tf_generate_messages_py
[35m[1mScanning dependencies of target roscpp_generate_messages_lisp[0m
[  0%] Built target roscpp_generate_messages_lisp
[35m[1mScanning dependencies of target tf_generate_messages_lisp[0m
[  0%] Built target tf_generate_messages_lisp
[35m[1mScanning dependencies of target std_msgs_generate_messages_cpp[0m
[  0%] Built target std_msgs_generate_messages_cpp
[35m[1mScanning dependencies of target roscpp_generate_messages_py[0m
[  0%] Built target roscpp_generate_messages_py
[35m[1mScanning dependencies of target rosgraph_msgs_generate_messages_nodejs[0m
[  0%] Built target rosgraph_msgs_generate_messages_nodejs
[35m[1mScanning dependencies of target geometry_msgs_generate_messages_nodejs[0m
[  0%] Built target geometry_msgs_generate_messages_nodejs
[35m[1mScanning dependencies of target geometry_msgs_generate_messages_py[0m
[  0%] Built target geometry_msgs_generate_messages_py
[35m[1mScanning dependencies of target sensor_msgs_generate_messages_eus[0m
[  0%] Built target sensor_msgs_generate_messages_eus
[35m[1mScanning dependencies of target sensor_msgs_generate_messages_cpp[0m
[  0%] Built target sensor_msgs_generate_messages_cpp
[35m[1mScanning dependencies of target std_msgs_generate_messages_nodejs[0m
[  0%] Built target std_msgs_generate_messages_nodejs
[35m[1mScanning dependencies of target std_msgs_generate_messages_py[0m
[  0%] Built target std_msgs_generate_messages_py
[35m[1mScanning dependencies of target actionlib_generate_messages_eus[0m
[  0%] Built target actionlib_generate_messages_eus
[35m[1mScanning dependencies of target geometry_msgs_generate_messages_cpp[0m
[  0%] Built target geometry_msgs_generate_messages_cpp
[35m[1mScanning dependencies of target actionlib_generate_messages_lisp[0m
[  0%] Built target actionlib_generate_messages_lisp
[35m[1mScanning dependencies of target tf_generate_messages_cpp[0m
[  0%] Built target tf_generate_messages_cpp
[35m[1mScanning dependencies of target actionlib_generate_messages_nodejs[0m
[  0%] Built target actionlib_generate_messages_nodejs
[35m[1mScanning dependencies of target tf_generate_messages_eus[0m
[  0%] Built target tf_generate_messages_eus
[35m[1mScanning dependencies of target roscpp_generate_messages_eus[0m
[  0%] Built target roscpp_generate_messages_eus
[35m[1mScanning dependencies of target rosgraph_msgs_generate_messages_py[0m
[  0%] Built target rosgraph_msgs_generate_messages_py
[35m[1mScanning dependencies of target tf2_msgs_generate_messages_cpp[0m
[  0%] Built target tf2_msgs_generate_messages_cpp
[35m[1mScanning dependencies of target tf2_msgs_generate_messages_eus[0m
[35m[1mScanning dependencies of target tf2_msgs_generate_messages_lisp[0m
[  0%] Built target tf2_msgs_generate_messages_lisp
[  0%] Built target tf2_msgs_generate_messages_eus
[35m[1mScanning dependencies of target tf2_msgs_generate_messages_py[0m
[35m[1mScanning dependencies of target actionlib_generate_messages_py[0m
[  0%] Built target actionlib_generate_messages_py
[  0%] Built target tf2_msgs_generate_messages_py
[35m[1mScanning dependencies of target tf2_msgs_generate_messages_nodejs[0m
[35m[1mScanning dependencies of target sensor_msgs_generate_messages_lisp[0m
[  0%] Built target tf2_msgs_generate_messages_nodejs
[  0%] Built target sensor_msgs_generate_messages_lisp
[35m[1mScanning dependencies of target geometry_msgs_generate_messages_lisp[0m
[35m[1mScanning dependencies of target roscpp_generate_messages_nodejs[0m
[  0%] Built target geometry_msgs_generate_messages_lisp
[  0%] Built target roscpp_generate_messages_nodejs
[35m[1mScanning dependencies of target std_msgs_generate_messages_lisp[0m
[  0%] Built target std_msgs_generate_messages_lisp
[35m[1mScanning dependencies of target caster_app_generate_messages_py[0m
[  1%] [34m[1mGenerating Python from MSG caster_app/MovetoGoalAction[0m
[  2%] [34m[1mGenerating Python from MSG caster_app/MovetoGoalActionResult[0m
[  3%] [34m[1mGenerating Python from MSG caster_app/DockActionFeedback[0m
[  5%] [34m[1mGenerating Python from MSG caster_app/DockAction[0m
[  6%] [34m[1mGenerating Python from MSG caster_app/DockGoal[0m
[  7%] [34m[1mGenerating Python from MSG caster_app/DockActionGoal[0m
[  8%] [34m[1mGenerating Python from MSG caster_app/MovetoGoalActionFeedback[0m
[ 10%] [34m[1mGenerating Python from MSG caster_app/MovetoGoalGoal[0m
[ 11%] [34m[1mGenerating Python from MSG caster_app/MovetoGoalActionGoal[0m
[ 12%] [34m[1mGenerating Python from MSG caster_app/MovetoGoalFeedback[0m
[ 13%] [34m[1mGenerating Python from MSG caster_app/DockFeedback[0m
[ 15%] [34m[1mGenerating Python from MSG caster_app/MovetoGoalResult[0m
[ 16%] [34m[1mGenerating Python from MSG caster_app/DockActionResult[0m
[ 17%] [34m[1mGenerating Python from MSG caster_app/DockResult[0m
[ 18%] [34m[1mGenerating Python msg __init__.py for caster_app[0m
[ 18%] Built target caster_app_generate_messages_py
[35m[1mScanning dependencies of target caster_app_generate_messages_nodejs[0m
[ 20%] [34m[1mGenerating Javascript code from caster_app/MovetoGoalAction.msg[0m
[ 21%] [34m[1mGenerating Javascript code from caster_app/MovetoGoalActionResult.msg[0m
[ 22%] [34m[1mGenerating Javascript code from caster_app/DockActionFeedback.msg[0m
[ 24%] [34m[1mGenerating Javascript code from caster_app/DockAction.msg[0m
[ 25%] [34m[1mGenerating Javascript code from caster_app/DockGoal.msg[0m
[ 26%] [34m[1mGenerating Javascript code from caster_app/DockActionGoal.msg[0m
[ 27%] [34m[1mGenerating Javascript code from caster_app/MovetoGoalActionFeedback.msg[0m
[ 29%] [34m[1mGenerating Javascript code from caster_app/MovetoGoalGoal.msg[0m
[ 30%] [34m[1mGenerating Javascript code from caster_app/MovetoGoalActionGoal.msg[0m
[ 31%] [34m[1mGenerating Javascript code from caster_app/MovetoGoalFeedback.msg[0m
[ 32%] [34m[1mGenerating Javascript code from caster_app/DockFeedback.msg[0m
[ 34%] [34m[1mGenerating Javascript code from caster_app/MovetoGoalResult.msg[0m
[ 35%] [34m[1mGenerating Javascript code from caster_app/DockActionResult.msg[0m
[ 36%] [34m[1mGenerating Javascript code from caster_app/DockResult.msg[0m
[ 36%] Built target caster_app_generate_messages_nodejs
[35m[1mScanning dependencies of target caster_app_generate_messages_eus[0m
[ 37%] [34m[1mGenerating EusLisp code from caster_app/MovetoGoalAction.msg[0m
[ 39%] [34m[1mGenerating EusLisp code from caster_app/MovetoGoalActionResult.msg[0m
[ 40%] [34m[1mGenerating EusLisp code from caster_app/DockActionFeedback.msg[0m
[ 41%] [34m[1mGenerating EusLisp code from caster_app/DockAction.msg[0m
[ 43%] [34m[1mGenerating EusLisp code from caster_app/DockGoal.msg[0m
[ 44%] [34m[1mGenerating EusLisp code from caster_app/DockActionGoal.msg[0m
[ 45%] [34m[1mGenerating EusLisp code from caster_app/MovetoGoalActionFeedback.msg[0m
[ 46%] [34m[1mGenerating EusLisp code from caster_app/MovetoGoalGoal.msg[0m
[ 48%] [34m[1mGenerating EusLisp code from caster_app/MovetoGoalActionGoal.msg[0m
[ 49%] [34m[1mGenerating EusLisp code from caster_app/MovetoGoalFeedback.msg[0m
[ 50%] [34m[1mGenerating EusLisp code from caster_app/DockFeedback.msg[0m
[ 51%] [34m[1mGenerating EusLisp code from caster_app/MovetoGoalResult.msg[0m
[ 53%] [34m[1mGenerating EusLisp code from caster_app/DockActionResult.msg[0m
[ 54%] [34m[1mGenerating EusLisp code from caster_app/DockResult.msg[0m
[ 55%] [34m[1mGenerating EusLisp manifest code for caster_app[0m
[ 55%] Built target caster_app_generate_messages_eus
[35m[1mScanning dependencies of target caster_app_generate_messages_cpp[0m
[ 56%] [34m[1mGenerating C++ code from caster_app/MovetoGoalAction.msg[0m
[ 58%] [34m[1mGenerating C++ code from caster_app/MovetoGoalActionResult.msg[0m
[ 59%] [34m[1mGenerating C++ code from caster_app/DockActionFeedback.msg[0m
[ 60%] [34m[1mGenerating C++ code from caster_app/DockAction.msg[0m
[ 62%] [34m[1mGenerating C++ code from caster_app/DockGoal.msg[0m
[ 63%] [34m[1mGenerating C++ code from caster_app/DockActionGoal.msg[0m
[ 64%] [34m[1mGenerating C++ code from caster_app/MovetoGoalActionFeedback.msg[0m
[ 65%] [34m[1mGenerating C++ code from caster_app/MovetoGoalGoal.msg[0m
[ 67%] [34m[1mGenerating C++ code from caster_app/MovetoGoalActionGoal.msg[0m
[ 68%] [34m[1mGenerating C++ code from caster_app/MovetoGoalFeedback.msg[0m
[ 69%] [34m[1mGenerating C++ code from caster_app/DockFeedback.msg[0m
[ 70%] [34m[1mGenerating C++ code from caster_app/MovetoGoalResult.msg[0m
[ 72%] [34m[1mGenerating C++ code from caster_app/DockActionResult.msg[0m
[ 73%] [34m[1mGenerating C++ code from caster_app/DockResult.msg[0m
[ 73%] Built target caster_app_generate_messages_cpp
[35m[1mScanning dependencies of target caster_app_generate_messages_lisp[0m
[ 74%] [34m[1mGenerating Lisp code from caster_app/MovetoGoalAction.msg[0m
[ 75%] [34m[1mGenerating Lisp code from caster_app/MovetoGoalActionResult.msg[0m
[ 77%] [34m[1mGenerating Lisp code from caster_app/DockActionFeedback.msg[0m
[ 78%] [34m[1mGenerating Lisp code from caster_app/DockAction.msg[0m
[ 79%] [34m[1mGenerating Lisp code from caster_app/DockGoal.msg[0m
[ 81%] [34m[1mGenerating Lisp code from caster_app/DockActionGoal.msg[0m
[ 82%] [34m[1mGenerating Lisp code from caster_app/MovetoGoalActionFeedback.msg[0m
[ 83%] [34m[1mGenerating Lisp code from caster_app/MovetoGoalGoal.msg[0m
[ 84%] [34m[1mGenerating Lisp code from caster_app/MovetoGoalActionGoal.msg[0m
[ 86%] [34m[1mGenerating Lisp code from caster_app/MovetoGoalFeedback.msg[0m
[ 87%] [34m[1mGenerating Lisp code from caster_app/DockFeedback.msg[0m
[ 88%] [34m[1mGenerating Lisp code from caster_app/MovetoGoalResult.msg[0m
[ 89%] [34m[1mGenerating Lisp code from caster_app/DockActionResult.msg[0m
[ 91%] [34m[1mGenerating Lisp code from caster_app/DockResult.msg[0m
[ 91%] Built target caster_app_generate_messages_lisp
[35m[1mScanning dependencies of target caster_app_generate_messages[0m
[35m[1mScanning dependencies of target caster_app_node[0m
[ 91%] Built target caster_app_generate_messages
[ 92%] [32mBuilding CXX object CMakeFiles/caster_app_node.dir/src/caster_app_node.cpp.o[0m
[ 93%] [32mBuilding CXX object CMakeFiles/caster_app_node.dir/src/dock_server.cpp.o[0m
[ 94%] [32mBuilding CXX object CMakeFiles/caster_app_node.dir/src/icp_2d.cpp.o[0m
[ 96%] [32mBuilding CXX object CMakeFiles/caster_app_node.dir/src/laser_processor.cpp.o[0m
[ 97%] [32mBuilding CXX object CMakeFiles/caster_app_node.dir/src/perception.cpp.o[0m
[ 98%] [32mBuilding CXX object CMakeFiles/caster_app_node.dir/src/linear_pose_filter_2d.cpp.o[0m
[100%] [32m[1mLinking CXX executable /home/caster/ros_ws/caster/devel/.private/caster_app/lib/caster_app/caster_app_node[0m
[100%] Built target caster_app_node
