Symlinking /home/caster/ros_ws/caster/devel/lib/pkgconfig/caster_app.pc
Symlinking /home/caster/ros_ws/caster/devel/lib/caster_app/caster_app_node
Symlinking /home/caster/ros_ws/caster/devel/lib/python2.7/dist-packages/caster_app/__init__.py
Symlinking /home/caster/ros_ws/caster/devel/lib/python2.7/dist-packages/caster_app/msg/_DockAction.py
Symlinking /home/caster/ros_ws/caster/devel/lib/python2.7/dist-packages/caster_app/msg/_DockGoal.py
Symlinking /home/caster/ros_ws/caster/devel/lib/python2.7/dist-packages/caster_app/msg/__init__.py
Symlinking /home/caster/ros_ws/caster/devel/lib/python2.7/dist-packages/caster_app/msg/_MovetoGoalFeedback.py
Symlinking /home/caster/ros_ws/caster/devel/lib/python2.7/dist-packages/caster_app/msg/_DockActionGoal.py
Symlinking /home/caster/ros_ws/caster/devel/lib/python2.7/dist-packages/caster_app/msg/_DockFeedback.py
Symlinking /home/caster/ros_ws/caster/devel/lib/python2.7/dist-packages/caster_app/msg/_MovetoGoalActionResult.py
Symlinking /home/caster/ros_ws/caster/devel/lib/python2.7/dist-packages/caster_app/msg/_MovetoGoalAction.py
Symlinking /home/caster/ros_ws/caster/devel/lib/python2.7/dist-packages/caster_app/msg/_MovetoGoalActionGoal.py
Symlinking /home/caster/ros_ws/caster/devel/lib/python2.7/dist-packages/caster_app/msg/_DockActionFeedback.py
Symlinking /home/caster/ros_ws/caster/devel/lib/python2.7/dist-packages/caster_app/msg/_MovetoGoalActionFeedback.py
Symlinking /home/caster/ros_ws/caster/devel/lib/python2.7/dist-packages/caster_app/msg/_MovetoGoalGoal.py
Symlinking /home/caster/ros_ws/caster/devel/lib/python2.7/dist-packages/caster_app/msg/_DockResult.py
Symlinking /home/caster/ros_ws/caster/devel/lib/python2.7/dist-packages/caster_app/msg/_MovetoGoalResult.py
Symlinking /home/caster/ros_ws/caster/devel/lib/python2.7/dist-packages/caster_app/msg/_DockActionResult.py
Symlinking /home/caster/ros_ws/caster/devel/include/caster_app/MovetoGoalActionFeedback.h
Symlinking /home/caster/ros_ws/caster/devel/include/caster_app/DockActionGoal.h
Symlinking /home/caster/ros_ws/caster/devel/include/caster_app/MovetoGoalActionGoal.h
Symlinking /home/caster/ros_ws/caster/devel/include/caster_app/MovetoGoalAction.h
Symlinking /home/caster/ros_ws/caster/devel/include/caster_app/DockFeedback.h
Symlinking /home/caster/ros_ws/caster/devel/include/caster_app/DockResult.h
Symlinking /home/caster/ros_ws/caster/devel/include/caster_app/DockAction.h
Symlinking /home/caster/ros_ws/caster/devel/include/caster_app/MovetoGoalResult.h
Symlinking /home/caster/ros_ws/caster/devel/include/caster_app/MovetoGoalActionResult.h
Symlinking /home/caster/ros_ws/caster/devel/include/caster_app/MovetoGoalFeedback.h
Symlinking /home/caster/ros_ws/caster/devel/include/caster_app/DockGoal.h
Symlinking /home/caster/ros_ws/caster/devel/include/caster_app/DockActionFeedback.h
Symlinking /home/caster/ros_ws/caster/devel/include/caster_app/DockActionResult.h
Symlinking /home/caster/ros_ws/caster/devel/include/caster_app/MovetoGoalGoal.h
Symlinking /home/caster/ros_ws/caster/devel/share/gennodejs/ros/caster_app/_index.js
Symlinking /home/caster/ros_ws/caster/devel/share/gennodejs/ros/caster_app/msg/_index.js
Symlinking /home/caster/ros_ws/caster/devel/share/gennodejs/ros/caster_app/msg/MovetoGoalActionResult.js
Symlinking /home/caster/ros_ws/caster/devel/share/gennodejs/ros/caster_app/msg/DockResult.js
Symlinking /home/caster/ros_ws/caster/devel/share/gennodejs/ros/caster_app/msg/DockActionFeedback.js
Symlinking /home/caster/ros_ws/caster/devel/share/gennodejs/ros/caster_app/msg/MovetoGoalActionFeedback.js
Symlinking /home/caster/ros_ws/caster/devel/share/gennodejs/ros/caster_app/msg/DockActionGoal.js
Symlinking /home/caster/ros_ws/caster/devel/share/gennodejs/ros/caster_app/msg/MovetoGoalAction.js
Symlinking /home/caster/ros_ws/caster/devel/share/gennodejs/ros/caster_app/msg/DockActionResult.js
Symlinking /home/caster/ros_ws/caster/devel/share/gennodejs/ros/caster_app/msg/DockGoal.js
Symlinking /home/caster/ros_ws/caster/devel/share/gennodejs/ros/caster_app/msg/MovetoGoalFeedback.js
Symlinking /home/caster/ros_ws/caster/devel/share/gennodejs/ros/caster_app/msg/MovetoGoalResult.js
Symlinking /home/caster/ros_ws/caster/devel/share/gennodejs/ros/caster_app/msg/DockFeedback.js
Symlinking /home/caster/ros_ws/caster/devel/share/gennodejs/ros/caster_app/msg/DockAction.js
Symlinking /home/caster/ros_ws/caster/devel/share/gennodejs/ros/caster_app/msg/MovetoGoalGoal.js
Symlinking /home/caster/ros_ws/caster/devel/share/gennodejs/ros/caster_app/msg/MovetoGoalActionGoal.js
Symlinking /home/caster/ros_ws/caster/devel/share/common-lisp/ros/caster_app/msg/_package_DockGoal.lisp
Symlinking /home/caster/ros_ws/caster/devel/share/common-lisp/ros/caster_app/msg/MovetoGoalFeedback.lisp
Symlinking /home/caster/ros_ws/caster/devel/share/common-lisp/ros/caster_app/msg/DockGoal.lisp
Symlinking /home/caster/ros_ws/caster/devel/share/common-lisp/ros/caster_app/msg/_package_MovetoGoalResult.lisp
Symlinking /home/caster/ros_ws/caster/devel/share/common-lisp/ros/caster_app/msg/_package_MovetoGoalGoal.lisp
Symlinking /home/caster/ros_ws/caster/devel/share/common-lisp/ros/caster_app/msg/_package_MovetoGoalActionFeedback.lisp
Symlinking /home/caster/ros_ws/caster/devel/share/common-lisp/ros/caster_app/msg/DockActionGoal.lisp
Symlinking /home/caster/ros_ws/caster/devel/share/common-lisp/ros/caster_app/msg/MovetoGoalGoal.lisp
Symlinking /home/caster/ros_ws/caster/devel/share/common-lisp/ros/caster_app/msg/_package_DockAction.lisp
Symlinking /home/caster/ros_ws/caster/devel/share/common-lisp/ros/caster_app/msg/MovetoGoalResult.lisp
Symlinking /home/caster/ros_ws/caster/devel/share/common-lisp/ros/caster_app/msg/_package_DockActionResult.lisp
Symlinking /home/caster/ros_ws/caster/devel/share/common-lisp/ros/caster_app/msg/DockResult.lisp
Symlinking /home/caster/ros_ws/caster/devel/share/common-lisp/ros/caster_app/msg/MovetoGoalActionFeedback.lisp
Symlinking /home/caster/ros_ws/caster/devel/share/common-lisp/ros/caster_app/msg/_package_MovetoGoalFeedback.lisp
Symlinking /home/caster/ros_ws/caster/devel/share/common-lisp/ros/caster_app/msg/DockFeedback.lisp
Symlinking /home/caster/ros_ws/caster/devel/share/common-lisp/ros/caster_app/msg/_package_MovetoGoalActionResult.lisp
Symlinking /home/caster/ros_ws/caster/devel/share/common-lisp/ros/caster_app/msg/DockActionResult.lisp
Symlinking /home/caster/ros_ws/caster/devel/share/common-lisp/ros/caster_app/msg/MovetoGoalAction.lisp
Symlinking /home/caster/ros_ws/caster/devel/share/common-lisp/ros/caster_app/msg/_package_DockActionFeedback.lisp
Symlinking /home/caster/ros_ws/caster/devel/share/common-lisp/ros/caster_app/msg/_package_DockActionGoal.lisp
Symlinking /home/caster/ros_ws/caster/devel/share/common-lisp/ros/caster_app/msg/_package_DockResult.lisp
Symlinking /home/caster/ros_ws/caster/devel/share/common-lisp/ros/caster_app/msg/DockActionFeedback.lisp
Symlinking /home/caster/ros_ws/caster/devel/share/common-lisp/ros/caster_app/msg/DockAction.lisp
Symlinking /home/caster/ros_ws/caster/devel/share/common-lisp/ros/caster_app/msg/caster_app-msg.asd
Symlinking /home/caster/ros_ws/caster/devel/share/common-lisp/ros/caster_app/msg/_package_DockFeedback.lisp
Symlinking /home/caster/ros_ws/caster/devel/share/common-lisp/ros/caster_app/msg/_package_MovetoGoalAction.lisp
Symlinking /home/caster/ros_ws/caster/devel/share/common-lisp/ros/caster_app/msg/_package.lisp
Symlinking /home/caster/ros_ws/caster/devel/share/common-lisp/ros/caster_app/msg/_package_MovetoGoalActionGoal.lisp
Symlinking /home/caster/ros_ws/caster/devel/share/common-lisp/ros/caster_app/msg/MovetoGoalActionResult.lisp
Symlinking /home/caster/ros_ws/caster/devel/share/common-lisp/ros/caster_app/msg/MovetoGoalActionGoal.lisp
Symlinking /home/caster/ros_ws/caster/devel/share/caster_app/cmake/caster_appConfig-version.cmake
Symlinking /home/caster/ros_ws/caster/devel/share/caster_app/cmake/caster_app-msg-extras.cmake
Symlinking /home/caster/ros_ws/caster/devel/share/caster_app/cmake/caster_app-msg-paths.cmake
Symlinking /home/caster/ros_ws/caster/devel/share/caster_app/cmake/caster_appConfig.cmake
Symlinking /home/caster/ros_ws/caster/devel/share/caster_app/msg/MovetoGoalActionFeedback.msg
Symlinking /home/caster/ros_ws/caster/devel/share/caster_app/msg/MovetoGoalActionResult.msg
Symlinking /home/caster/ros_ws/caster/devel/share/caster_app/msg/MovetoGoalAction.msg
Symlinking /home/caster/ros_ws/caster/devel/share/caster_app/msg/MovetoGoalActionGoal.msg
Symlinking /home/caster/ros_ws/caster/devel/share/caster_app/msg/DockActionResult.msg
Symlinking /home/caster/ros_ws/caster/devel/share/caster_app/msg/DockResult.msg
Symlinking /home/caster/ros_ws/caster/devel/share/caster_app/msg/DockGoal.msg
Symlinking /home/caster/ros_ws/caster/devel/share/caster_app/msg/DockFeedback.msg
Symlinking /home/caster/ros_ws/caster/devel/share/caster_app/msg/MovetoGoalFeedback.msg
Symlinking /home/caster/ros_ws/caster/devel/share/caster_app/msg/DockActionGoal.msg
Symlinking /home/caster/ros_ws/caster/devel/share/caster_app/msg/MovetoGoalResult.msg
Symlinking /home/caster/ros_ws/caster/devel/share/caster_app/msg/DockActionFeedback.msg
Symlinking /home/caster/ros_ws/caster/devel/share/caster_app/msg/DockAction.msg
Symlinking /home/caster/ros_ws/caster/devel/share/caster_app/msg/MovetoGoalGoal.msg
Symlinking /home/caster/ros_ws/caster/devel/share/roseus/ros/caster_app/manifest.l
Symlinking /home/caster/ros_ws/caster/devel/share/roseus/ros/caster_app/msg/MovetoGoalActionFeedback.l
Symlinking /home/caster/ros_ws/caster/devel/share/roseus/ros/caster_app/msg/DockAction.l
Symlinking /home/caster/ros_ws/caster/devel/share/roseus/ros/caster_app/msg/DockFeedback.l
Symlinking /home/caster/ros_ws/caster/devel/share/roseus/ros/caster_app/msg/MovetoGoalFeedback.l
Symlinking /home/caster/ros_ws/caster/devel/share/roseus/ros/caster_app/msg/DockActionResult.l
Symlinking /home/caster/ros_ws/caster/devel/share/roseus/ros/caster_app/msg/DockActionFeedback.l
Symlinking /home/caster/ros_ws/caster/devel/share/roseus/ros/caster_app/msg/DockGoal.l
Symlinking /home/caster/ros_ws/caster/devel/share/roseus/ros/caster_app/msg/MovetoGoalAction.l
Symlinking /home/caster/ros_ws/caster/devel/share/roseus/ros/caster_app/msg/MovetoGoalActionResult.l
Symlinking /home/caster/ros_ws/caster/devel/share/roseus/ros/caster_app/msg/MovetoGoalGoal.l
Symlinking /home/caster/ros_ws/caster/devel/share/roseus/ros/caster_app/msg/MovetoGoalResult.l
Symlinking /home/caster/ros_ws/caster/devel/share/roseus/ros/caster_app/msg/DockResult.l
Symlinking /home/caster/ros_ws/caster/devel/share/roseus/ros/caster_app/msg/DockActionGoal.l
Symlinking /home/caster/ros_ws/caster/devel/share/roseus/ros/caster_app/msg/MovetoGoalActionGoal.l
