Symlinking /home/caster/ros_ws/caster/devel/lib/pkgconfig/ros_sharp.pc
Symlinking /home/caster/ros_ws/caster/devel/lib/python2.7/dist-packages/ros_sharp/__init__.py
Symlinking /home/caster/ros_ws/caster/devel/lib/python2.7/dist-packages/ros_sharp/msg/__init__.py
Symlinking /home/caster/ros_ws/caster/devel/lib/python2.7/dist-packages/ros_sharp/msg/_DefaultWandState.py
Symlinking /home/caster/ros_ws/caster/devel/lib/python2.7/dist-packages/ros_sharp/msg/_RobotWandState.py
Symlinking /home/caster/ros_ws/caster/devel/include/ros_sharp/RobotWandState.h
Symlinking /home/caster/ros_ws/caster/devel/include/ros_sharp/DefaultWandState.h
Symlinking /home/caster/ros_ws/caster/devel/share/gennodejs/ros/ros_sharp/_index.js
Symlinking /home/caster/ros_ws/caster/devel/share/gennodejs/ros/ros_sharp/msg/_index.js
Symlinking /home/caster/ros_ws/caster/devel/share/gennodejs/ros/ros_sharp/msg/RobotWandState.js
Symlinking /home/caster/ros_ws/caster/devel/share/gennodejs/ros/ros_sharp/msg/DefaultWandState.js
Symlinking /home/caster/ros_ws/caster/devel/share/ros_sharp/cmake/ros_sharp-msg-paths.cmake
Symlinking /home/caster/ros_ws/caster/devel/share/ros_sharp/cmake/ros_sharp-msg-extras.cmake
Symlinking /home/caster/ros_ws/caster/devel/share/ros_sharp/cmake/ros_sharpConfig-version.cmake
Symlinking /home/caster/ros_ws/caster/devel/share/ros_sharp/cmake/ros_sharpConfig.cmake
Symlinking /home/caster/ros_ws/caster/devel/share/common-lisp/ros/ros_sharp/msg/_package_DefaultWandState.lisp
Symlinking /home/caster/ros_ws/caster/devel/share/common-lisp/ros/ros_sharp/msg/RobotWandState.lisp
Symlinking /home/caster/ros_ws/caster/devel/share/common-lisp/ros/ros_sharp/msg/ros_sharp-msg.asd
Symlinking /home/caster/ros_ws/caster/devel/share/common-lisp/ros/ros_sharp/msg/_package.lisp
Symlinking /home/caster/ros_ws/caster/devel/share/common-lisp/ros/ros_sharp/msg/_package_RobotWandState.lisp
Symlinking /home/caster/ros_ws/caster/devel/share/common-lisp/ros/ros_sharp/msg/DefaultWandState.lisp
Symlinking /home/caster/ros_ws/caster/devel/share/roseus/ros/ros_sharp/manifest.l
Symlinking /home/caster/ros_ws/caster/devel/share/roseus/ros/ros_sharp/msg/DefaultWandState.l
Symlinking /home/caster/ros_ws/caster/devel/share/roseus/ros/ros_sharp/msg/RobotWandState.l
