Linked: (/home/caster/ros_ws/caster/devel/.private/ros_sharp/lib/pkgconfig/ros_sharp.pc, /home/caster/ros_ws/caster/devel/lib/pkgconfig/ros_sharp.pc)
Linked: (/home/caster/ros_ws/caster/devel/.private/ros_sharp/lib/python2.7/dist-packages/ros_sharp/__init__.py, /home/caster/ros_ws/caster/devel/lib/python2.7/dist-packages/ros_sharp/__init__.py)
Linked: (/home/caster/ros_ws/caster/devel/.private/ros_sharp/lib/python2.7/dist-packages/ros_sharp/msg/__init__.py, /home/caster/ros_ws/caster/devel/lib/python2.7/dist-packages/ros_sharp/msg/__init__.py)
Linked: (/home/caster/ros_ws/caster/devel/.private/ros_sharp/lib/python2.7/dist-packages/ros_sharp/msg/_DefaultWandState.py, /home/caster/ros_ws/caster/devel/lib/python2.7/dist-packages/ros_sharp/msg/_DefaultWandState.py)
Linked: (/home/caster/ros_ws/caster/devel/.private/ros_sharp/lib/python2.7/dist-packages/ros_sharp/msg/_RobotWandState.py, /home/caster/ros_ws/caster/devel/lib/python2.7/dist-packages/ros_sharp/msg/_RobotWandState.py)
Linked: (/home/caster/ros_ws/caster/devel/.private/ros_sharp/include/ros_sharp/RobotWandState.h, /home/caster/ros_ws/caster/devel/include/ros_sharp/RobotWandState.h)
Linked: (/home/caster/ros_ws/caster/devel/.private/ros_sharp/include/ros_sharp/DefaultWandState.h, /home/caster/ros_ws/caster/devel/include/ros_sharp/DefaultWandState.h)
Linked: (/home/caster/ros_ws/caster/devel/.private/ros_sharp/share/gennodejs/ros/ros_sharp/_index.js, /home/caster/ros_ws/caster/devel/share/gennodejs/ros/ros_sharp/_index.js)
Linked: (/home/caster/ros_ws/caster/devel/.private/ros_sharp/share/gennodejs/ros/ros_sharp/msg/_index.js, /home/caster/ros_ws/caster/devel/share/gennodejs/ros/ros_sharp/msg/_index.js)
Linked: (/home/caster/ros_ws/caster/devel/.private/ros_sharp/share/gennodejs/ros/ros_sharp/msg/RobotWandState.js, /home/caster/ros_ws/caster/devel/share/gennodejs/ros/ros_sharp/msg/RobotWandState.js)
Linked: (/home/caster/ros_ws/caster/devel/.private/ros_sharp/share/gennodejs/ros/ros_sharp/msg/DefaultWandState.js, /home/caster/ros_ws/caster/devel/share/gennodejs/ros/ros_sharp/msg/DefaultWandState.js)
Linked: (/home/caster/ros_ws/caster/devel/.private/ros_sharp/share/ros_sharp/cmake/ros_sharp-msg-paths.cmake, /home/caster/ros_ws/caster/devel/share/ros_sharp/cmake/ros_sharp-msg-paths.cmake)
Linked: (/home/caster/ros_ws/caster/devel/.private/ros_sharp/share/ros_sharp/cmake/ros_sharp-msg-extras.cmake, /home/caster/ros_ws/caster/devel/share/ros_sharp/cmake/ros_sharp-msg-extras.cmake)
Linked: (/home/caster/ros_ws/caster/devel/.private/ros_sharp/share/ros_sharp/cmake/ros_sharpConfig-version.cmake, /home/caster/ros_ws/caster/devel/share/ros_sharp/cmake/ros_sharpConfig-version.cmake)
Linked: (/home/caster/ros_ws/caster/devel/.private/ros_sharp/share/ros_sharp/cmake/ros_sharpConfig.cmake, /home/caster/ros_ws/caster/devel/share/ros_sharp/cmake/ros_sharpConfig.cmake)
Linked: (/home/caster/ros_ws/caster/devel/.private/ros_sharp/share/common-lisp/ros/ros_sharp/msg/_package_DefaultWandState.lisp, /home/caster/ros_ws/caster/devel/share/common-lisp/ros/ros_sharp/msg/_package_DefaultWandState.lisp)
Linked: (/home/caster/ros_ws/caster/devel/.private/ros_sharp/share/common-lisp/ros/ros_sharp/msg/RobotWandState.lisp, /home/caster/ros_ws/caster/devel/share/common-lisp/ros/ros_sharp/msg/RobotWandState.lisp)
Linked: (/home/caster/ros_ws/caster/devel/.private/ros_sharp/share/common-lisp/ros/ros_sharp/msg/ros_sharp-msg.asd, /home/caster/ros_ws/caster/devel/share/common-lisp/ros/ros_sharp/msg/ros_sharp-msg.asd)
Linked: (/home/caster/ros_ws/caster/devel/.private/ros_sharp/share/common-lisp/ros/ros_sharp/msg/_package.lisp, /home/caster/ros_ws/caster/devel/share/common-lisp/ros/ros_sharp/msg/_package.lisp)
Linked: (/home/caster/ros_ws/caster/devel/.private/ros_sharp/share/common-lisp/ros/ros_sharp/msg/_package_RobotWandState.lisp, /home/caster/ros_ws/caster/devel/share/common-lisp/ros/ros_sharp/msg/_package_RobotWandState.lisp)
Linked: (/home/caster/ros_ws/caster/devel/.private/ros_sharp/share/common-lisp/ros/ros_sharp/msg/DefaultWandState.lisp, /home/caster/ros_ws/caster/devel/share/common-lisp/ros/ros_sharp/msg/DefaultWandState.lisp)
Linked: (/home/caster/ros_ws/caster/devel/.private/ros_sharp/share/roseus/ros/ros_sharp/manifest.l, /home/caster/ros_ws/caster/devel/share/roseus/ros/ros_sharp/manifest.l)
Linked: (/home/caster/ros_ws/caster/devel/.private/ros_sharp/share/roseus/ros/ros_sharp/msg/DefaultWandState.l, /home/caster/ros_ws/caster/devel/share/roseus/ros/ros_sharp/msg/DefaultWandState.l)
Linked: (/home/caster/ros_ws/caster/devel/.private/ros_sharp/share/roseus/ros/ros_sharp/msg/RobotWandState.l, /home/caster/ros_ws/caster/devel/share/roseus/ros/ros_sharp/msg/RobotWandState.l)
