[35m[1mScanning dependencies of target _ros_sharp_generate_messages_check_deps_DefaultWandState[0m
[  0%] Built target _ros_sharp_generate_messages_check_deps_DefaultWandState
[35m[1mScanning dependencies of target std_msgs_generate_messages_py[0m
[  0%] Built target std_msgs_generate_messages_py
[35m[1mScanning dependencies of target _ros_sharp_generate_messages_check_deps_RobotWandState[0m
[  0%] Built target _ros_sharp_generate_messages_check_deps_RobotWandState
[35m[1mScanning dependencies of target std_msgs_generate_messages_eus[0m
[  0%] Built target std_msgs_generate_messages_eus
[35m[1mScanning dependencies of target std_msgs_generate_messages_cpp[0m
[  0%] Built target std_msgs_generate_messages_cpp
[35m[1mScanning dependencies of target std_msgs_generate_messages_lisp[0m
[  0%] Built target std_msgs_generate_messages_lisp
[35m[1mScanning dependencies of target std_msgs_generate_messages_nodejs[0m
[  0%] Built target std_msgs_generate_messages_nodejs
[35m[1mScanning dependencies of target ros_sharp_generate_messages_py[0m
[  8%] [34m[1mGenerating Python from MSG ros_sharp/DefaultWandState[0m
[ 16%] [34m[1mGenerating Python from MSG ros_sharp/RobotWandState[0m
[ 25%] [34m[1mGenerating Python msg __init__.py for ros_sharp[0m
[ 25%] Built target ros_sharp_generate_messages_py
[35m[1mScanning dependencies of target ros_sharp_generate_messages_eus[0m
[ 33%] [34m[1mGenerating EusLisp code from ros_sharp/DefaultWandState.msg[0m
[ 41%] [34m[1mGenerating EusLisp code from ros_sharp/RobotWandState.msg[0m
[ 50%] [34m[1mGenerating EusLisp manifest code for ros_sharp[0m
[ 50%] Built target ros_sharp_generate_messages_eus
[35m[1mScanning dependencies of target ros_sharp_generate_messages_cpp[0m
[ 58%] [34m[1mGenerating C++ code from ros_sharp/DefaultWandState.msg[0m
[ 66%] [34m[1mGenerating C++ code from ros_sharp/RobotWandState.msg[0m
[ 66%] Built target ros_sharp_generate_messages_cpp
[35m[1mScanning dependencies of target ros_sharp_generate_messages_lisp[0m
[ 75%] [34m[1mGenerating Lisp code from ros_sharp/DefaultWandState.msg[0m
[ 83%] [34m[1mGenerating Lisp code from ros_sharp/RobotWandState.msg[0m
[ 83%] Built target ros_sharp_generate_messages_lisp
[35m[1mScanning dependencies of target ros_sharp_generate_messages_nodejs[0m
[ 91%] [34m[1mGenerating Javascript code from ros_sharp/DefaultWandState.msg[0m
[100%] [34m[1mGenerating Javascript code from ros_sharp/RobotWandState.msg[0m
[100%] Built target ros_sharp_generate_messages_nodejs
[35m[1mScanning dependencies of target ros_sharp_generate_messages[0m
[100%] Built target ros_sharp_generate_messages
