Linked: (/home/caster/ros_ws/caster/devel/.private/kinova_msgs/lib/pkgconfig/kinova_msgs.pc, /home/caster/ros_ws/caster/devel/lib/pkgconfig/kinova_msgs.pc)
Linked: (/home/caster/ros_ws/caster/devel/.private/kinova_msgs/lib/python2.7/dist-packages/kinova_msgs/__init__.py, /home/caster/ros_ws/caster/devel/lib/python2.7/dist-packages/kinova_msgs/__init__.py)
Linked: (/home/caster/ros_ws/caster/devel/.private/kinova_msgs/lib/python2.7/dist-packages/kinova_msgs/msg/_SetFingersPositionAction.py, /home/caster/ros_ws/caster/devel/lib/python2.7/dist-packages/kinova_msgs/msg/_SetFingersPositionAction.py)
Linked: (/home/caster/ros_ws/caster/devel/.private/kinova_msgs/lib/python2.7/dist-packages/kinova_msgs/msg/_Arm_KinovaPoseFeedback.py, /home/caster/ros_ws/caster/devel/lib/python2.7/dist-packages/kinova_msgs/msg/_Arm_KinovaPoseFeedback.py)
Linked: (/home/caster/ros_ws/caster/devel/.private/kinova_msgs/lib/python2.7/dist-packages/kinova_msgs/msg/_JointVelocity.py, /home/caster/ros_ws/caster/devel/lib/python2.7/dist-packages/kinova_msgs/msg/_JointVelocity.py)
Linked: (/home/caster/ros_ws/caster/devel/.private/kinova_msgs/lib/python2.7/dist-packages/kinova_msgs/msg/_SetFingersPositionResult.py, /home/caster/ros_ws/caster/devel/lib/python2.7/dist-packages/kinova_msgs/msg/_SetFingersPositionResult.py)
Linked: (/home/caster/ros_ws/caster/devel/.private/kinova_msgs/lib/python2.7/dist-packages/kinova_msgs/msg/__init__.py, /home/caster/ros_ws/caster/devel/lib/python2.7/dist-packages/kinova_msgs/msg/__init__.py)
Linked: (/home/caster/ros_ws/caster/devel/.private/kinova_msgs/lib/python2.7/dist-packages/kinova_msgs/msg/_Arm_KinovaPoseActionFeedback.py, /home/caster/ros_ws/caster/devel/lib/python2.7/dist-packages/kinova_msgs/msg/_Arm_KinovaPoseActionFeedback.py)
Linked: (/home/caster/ros_ws/caster/devel/.private/kinova_msgs/lib/python2.7/dist-packages/kinova_msgs/msg/_CartesianForce.py, /home/caster/ros_ws/caster/devel/lib/python2.7/dist-packages/kinova_msgs/msg/_CartesianForce.py)
Linked: (/home/caster/ros_ws/caster/devel/.private/kinova_msgs/lib/python2.7/dist-packages/kinova_msgs/msg/_ArmJointAnglesResult.py, /home/caster/ros_ws/caster/devel/lib/python2.7/dist-packages/kinova_msgs/msg/_ArmJointAnglesResult.py)
Linked: (/home/caster/ros_ws/caster/devel/.private/kinova_msgs/lib/python2.7/dist-packages/kinova_msgs/msg/_Arm_KinovaPoseActionGoal.py, /home/caster/ros_ws/caster/devel/lib/python2.7/dist-packages/kinova_msgs/msg/_Arm_KinovaPoseActionGoal.py)
Linked: (/home/caster/ros_ws/caster/devel/.private/kinova_msgs/lib/python2.7/dist-packages/kinova_msgs/msg/_PoseVelocity.py, /home/caster/ros_ws/caster/devel/lib/python2.7/dist-packages/kinova_msgs/msg/_PoseVelocity.py)
Linked: (/home/caster/ros_ws/caster/devel/.private/kinova_msgs/lib/python2.7/dist-packages/kinova_msgs/msg/_ArmJointAnglesActionResult.py, /home/caster/ros_ws/caster/devel/lib/python2.7/dist-packages/kinova_msgs/msg/_ArmJointAnglesActionResult.py)
Linked: (/home/caster/ros_ws/caster/devel/.private/kinova_msgs/lib/python2.7/dist-packages/kinova_msgs/msg/_ArmJointAnglesGoal.py, /home/caster/ros_ws/caster/devel/lib/python2.7/dist-packages/kinova_msgs/msg/_ArmJointAnglesGoal.py)
Linked: (/home/caster/ros_ws/caster/devel/.private/kinova_msgs/lib/python2.7/dist-packages/kinova_msgs/msg/_FingerPosition.py, /home/caster/ros_ws/caster/devel/lib/python2.7/dist-packages/kinova_msgs/msg/_FingerPosition.py)
Linked: (/home/caster/ros_ws/caster/devel/.private/kinova_msgs/lib/python2.7/dist-packages/kinova_msgs/msg/_ArmPoseActionResult.py, /home/caster/ros_ws/caster/devel/lib/python2.7/dist-packages/kinova_msgs/msg/_ArmPoseActionResult.py)
Linked: (/home/caster/ros_ws/caster/devel/.private/kinova_msgs/lib/python2.7/dist-packages/kinova_msgs/msg/_KinovaPose.py, /home/caster/ros_ws/caster/devel/lib/python2.7/dist-packages/kinova_msgs/msg/_KinovaPose.py)
Linked: (/home/caster/ros_ws/caster/devel/.private/kinova_msgs/lib/python2.7/dist-packages/kinova_msgs/msg/_SetFingersPositionGoal.py, /home/caster/ros_ws/caster/devel/lib/python2.7/dist-packages/kinova_msgs/msg/_SetFingersPositionGoal.py)
Linked: (/home/caster/ros_ws/caster/devel/.private/kinova_msgs/lib/python2.7/dist-packages/kinova_msgs/msg/_Arm_KinovaPoseGoal.py, /home/caster/ros_ws/caster/devel/lib/python2.7/dist-packages/kinova_msgs/msg/_Arm_KinovaPoseGoal.py)
Linked: (/home/caster/ros_ws/caster/devel/.private/kinova_msgs/lib/python2.7/dist-packages/kinova_msgs/msg/_ArmPoseGoal.py, /home/caster/ros_ws/caster/devel/lib/python2.7/dist-packages/kinova_msgs/msg/_ArmPoseGoal.py)
Linked: (/home/caster/ros_ws/caster/devel/.private/kinova_msgs/lib/python2.7/dist-packages/kinova_msgs/msg/_Arm_KinovaPoseAction.py, /home/caster/ros_ws/caster/devel/lib/python2.7/dist-packages/kinova_msgs/msg/_Arm_KinovaPoseAction.py)
Linked: (/home/caster/ros_ws/caster/devel/.private/kinova_msgs/lib/python2.7/dist-packages/kinova_msgs/msg/_ArmJointAnglesFeedback.py, /home/caster/ros_ws/caster/devel/lib/python2.7/dist-packages/kinova_msgs/msg/_ArmJointAnglesFeedback.py)
Linked: (/home/caster/ros_ws/caster/devel/.private/kinova_msgs/lib/python2.7/dist-packages/kinova_msgs/msg/_ArmPoseActionGoal.py, /home/caster/ros_ws/caster/devel/lib/python2.7/dist-packages/kinova_msgs/msg/_ArmPoseActionGoal.py)
Linked: (/home/caster/ros_ws/caster/devel/.private/kinova_msgs/lib/python2.7/dist-packages/kinova_msgs/msg/_ArmPoseActionFeedback.py, /home/caster/ros_ws/caster/devel/lib/python2.7/dist-packages/kinova_msgs/msg/_ArmPoseActionFeedback.py)
Linked: (/home/caster/ros_ws/caster/devel/.private/kinova_msgs/lib/python2.7/dist-packages/kinova_msgs/msg/_SetFingersPositionActionFeedback.py, /home/caster/ros_ws/caster/devel/lib/python2.7/dist-packages/kinova_msgs/msg/_SetFingersPositionActionFeedback.py)
Linked: (/home/caster/ros_ws/caster/devel/.private/kinova_msgs/lib/python2.7/dist-packages/kinova_msgs/msg/_Arm_KinovaPoseResult.py, /home/caster/ros_ws/caster/devel/lib/python2.7/dist-packages/kinova_msgs/msg/_Arm_KinovaPoseResult.py)
Linked: (/home/caster/ros_ws/caster/devel/.private/kinova_msgs/lib/python2.7/dist-packages/kinova_msgs/msg/_JointTorque.py, /home/caster/ros_ws/caster/devel/lib/python2.7/dist-packages/kinova_msgs/msg/_JointTorque.py)
Linked: (/home/caster/ros_ws/caster/devel/.private/kinova_msgs/lib/python2.7/dist-packages/kinova_msgs/msg/_ArmJointAnglesActionFeedback.py, /home/caster/ros_ws/caster/devel/lib/python2.7/dist-packages/kinova_msgs/msg/_ArmJointAnglesActionFeedback.py)
Linked: (/home/caster/ros_ws/caster/devel/.private/kinova_msgs/lib/python2.7/dist-packages/kinova_msgs/msg/_SetFingersPositionActionGoal.py, /home/caster/ros_ws/caster/devel/lib/python2.7/dist-packages/kinova_msgs/msg/_SetFingersPositionActionGoal.py)
Linked: (/home/caster/ros_ws/caster/devel/.private/kinova_msgs/lib/python2.7/dist-packages/kinova_msgs/msg/_SetFingersPositionActionResult.py, /home/caster/ros_ws/caster/devel/lib/python2.7/dist-packages/kinova_msgs/msg/_SetFingersPositionActionResult.py)
Linked: (/home/caster/ros_ws/caster/devel/.private/kinova_msgs/lib/python2.7/dist-packages/kinova_msgs/msg/_Arm_KinovaPoseActionResult.py, /home/caster/ros_ws/caster/devel/lib/python2.7/dist-packages/kinova_msgs/msg/_Arm_KinovaPoseActionResult.py)
Linked: (/home/caster/ros_ws/caster/devel/.private/kinova_msgs/lib/python2.7/dist-packages/kinova_msgs/msg/_JointAngles.py, /home/caster/ros_ws/caster/devel/lib/python2.7/dist-packages/kinova_msgs/msg/_JointAngles.py)
Linked: (/home/caster/ros_ws/caster/devel/.private/kinova_msgs/lib/python2.7/dist-packages/kinova_msgs/msg/_ArmPoseResult.py, /home/caster/ros_ws/caster/devel/lib/python2.7/dist-packages/kinova_msgs/msg/_ArmPoseResult.py)
Linked: (/home/caster/ros_ws/caster/devel/.private/kinova_msgs/lib/python2.7/dist-packages/kinova_msgs/msg/_ArmPoseAction.py, /home/caster/ros_ws/caster/devel/lib/python2.7/dist-packages/kinova_msgs/msg/_ArmPoseAction.py)
Linked: (/home/caster/ros_ws/caster/devel/.private/kinova_msgs/lib/python2.7/dist-packages/kinova_msgs/msg/_ArmPoseFeedback.py, /home/caster/ros_ws/caster/devel/lib/python2.7/dist-packages/kinova_msgs/msg/_ArmPoseFeedback.py)
Linked: (/home/caster/ros_ws/caster/devel/.private/kinova_msgs/lib/python2.7/dist-packages/kinova_msgs/msg/_ArmJointAnglesActionGoal.py, /home/caster/ros_ws/caster/devel/lib/python2.7/dist-packages/kinova_msgs/msg/_ArmJointAnglesActionGoal.py)
Linked: (/home/caster/ros_ws/caster/devel/.private/kinova_msgs/lib/python2.7/dist-packages/kinova_msgs/msg/_ArmJointAnglesAction.py, /home/caster/ros_ws/caster/devel/lib/python2.7/dist-packages/kinova_msgs/msg/_ArmJointAnglesAction.py)
Linked: (/home/caster/ros_ws/caster/devel/.private/kinova_msgs/lib/python2.7/dist-packages/kinova_msgs/msg/_SetFingersPositionFeedback.py, /home/caster/ros_ws/caster/devel/lib/python2.7/dist-packages/kinova_msgs/msg/_SetFingersPositionFeedback.py)
Linked: (/home/caster/ros_ws/caster/devel/.private/kinova_msgs/lib/python2.7/dist-packages/kinova_msgs/srv/_SetNullSpaceModeState.py, /home/caster/ros_ws/caster/devel/lib/python2.7/dist-packages/kinova_msgs/srv/_SetNullSpaceModeState.py)
Linked: (/home/caster/ros_ws/caster/devel/.private/kinova_msgs/lib/python2.7/dist-packages/kinova_msgs/srv/__init__.py, /home/caster/ros_ws/caster/devel/lib/python2.7/dist-packages/kinova_msgs/srv/__init__.py)
Linked: (/home/caster/ros_ws/caster/devel/.private/kinova_msgs/lib/python2.7/dist-packages/kinova_msgs/srv/_HomeArm.py, /home/caster/ros_ws/caster/devel/lib/python2.7/dist-packages/kinova_msgs/srv/_HomeArm.py)
Linked: (/home/caster/ros_ws/caster/devel/.private/kinova_msgs/lib/python2.7/dist-packages/kinova_msgs/srv/_ClearTrajectories.py, /home/caster/ros_ws/caster/devel/lib/python2.7/dist-packages/kinova_msgs/srv/_ClearTrajectories.py)
Linked: (/home/caster/ros_ws/caster/devel/.private/kinova_msgs/lib/python2.7/dist-packages/kinova_msgs/srv/_SetForceControlParams.py, /home/caster/ros_ws/caster/devel/lib/python2.7/dist-packages/kinova_msgs/srv/_SetForceControlParams.py)
Linked: (/home/caster/ros_ws/caster/devel/.private/kinova_msgs/lib/python2.7/dist-packages/kinova_msgs/srv/_SetTorqueControlParameters.py, /home/caster/ros_ws/caster/devel/lib/python2.7/dist-packages/kinova_msgs/srv/_SetTorqueControlParameters.py)
Linked: (/home/caster/ros_ws/caster/devel/.private/kinova_msgs/lib/python2.7/dist-packages/kinova_msgs/srv/_ZeroTorques.py, /home/caster/ros_ws/caster/devel/lib/python2.7/dist-packages/kinova_msgs/srv/_ZeroTorques.py)
Linked: (/home/caster/ros_ws/caster/devel/.private/kinova_msgs/lib/python2.7/dist-packages/kinova_msgs/srv/_Stop.py, /home/caster/ros_ws/caster/devel/lib/python2.7/dist-packages/kinova_msgs/srv/_Stop.py)
Linked: (/home/caster/ros_ws/caster/devel/.private/kinova_msgs/lib/python2.7/dist-packages/kinova_msgs/srv/_AddPoseToCartesianTrajectory.py, /home/caster/ros_ws/caster/devel/lib/python2.7/dist-packages/kinova_msgs/srv/_AddPoseToCartesianTrajectory.py)
Linked: (/home/caster/ros_ws/caster/devel/.private/kinova_msgs/lib/python2.7/dist-packages/kinova_msgs/srv/_RunCOMParametersEstimation.py, /home/caster/ros_ws/caster/devel/lib/python2.7/dist-packages/kinova_msgs/srv/_RunCOMParametersEstimation.py)
Linked: (/home/caster/ros_ws/caster/devel/.private/kinova_msgs/lib/python2.7/dist-packages/kinova_msgs/srv/_SetEndEffectorOffset.py, /home/caster/ros_ws/caster/devel/lib/python2.7/dist-packages/kinova_msgs/srv/_SetEndEffectorOffset.py)
Linked: (/home/caster/ros_ws/caster/devel/.private/kinova_msgs/lib/python2.7/dist-packages/kinova_msgs/srv/_SetTorqueControlMode.py, /home/caster/ros_ws/caster/devel/lib/python2.7/dist-packages/kinova_msgs/srv/_SetTorqueControlMode.py)
Linked: (/home/caster/ros_ws/caster/devel/.private/kinova_msgs/lib/python2.7/dist-packages/kinova_msgs/srv/_Start.py, /home/caster/ros_ws/caster/devel/lib/python2.7/dist-packages/kinova_msgs/srv/_Start.py)
Linked: (/home/caster/ros_ws/caster/devel/.private/kinova_msgs/include/kinova_msgs/ArmJointAnglesFeedback.h, /home/caster/ros_ws/caster/devel/include/kinova_msgs/ArmJointAnglesFeedback.h)
Linked: (/home/caster/ros_ws/caster/devel/.private/kinova_msgs/include/kinova_msgs/SetTorqueControlMode.h, /home/caster/ros_ws/caster/devel/include/kinova_msgs/SetTorqueControlMode.h)
Linked: (/home/caster/ros_ws/caster/devel/.private/kinova_msgs/include/kinova_msgs/SetNullSpaceModeStateResponse.h, /home/caster/ros_ws/caster/devel/include/kinova_msgs/SetNullSpaceModeStateResponse.h)
Linked: (/home/caster/ros_ws/caster/devel/.private/kinova_msgs/include/kinova_msgs/ArmJointAnglesActionGoal.h, /home/caster/ros_ws/caster/devel/include/kinova_msgs/ArmJointAnglesActionGoal.h)
Linked: (/home/caster/ros_ws/caster/devel/.private/kinova_msgs/include/kinova_msgs/Arm_KinovaPoseActionFeedback.h, /home/caster/ros_ws/caster/devel/include/kinova_msgs/Arm_KinovaPoseActionFeedback.h)
Linked: (/home/caster/ros_ws/caster/devel/.private/kinova_msgs/include/kinova_msgs/ZeroTorques.h, /home/caster/ros_ws/caster/devel/include/kinova_msgs/ZeroTorques.h)
Linked: (/home/caster/ros_ws/caster/devel/.private/kinova_msgs/include/kinova_msgs/AddPoseToCartesianTrajectory.h, /home/caster/ros_ws/caster/devel/include/kinova_msgs/AddPoseToCartesianTrajectory.h)
Linked: (/home/caster/ros_ws/caster/devel/.private/kinova_msgs/include/kinova_msgs/SetFingersPositionActionResult.h, /home/caster/ros_ws/caster/devel/include/kinova_msgs/SetFingersPositionActionResult.h)
Linked: (/home/caster/ros_ws/caster/devel/.private/kinova_msgs/include/kinova_msgs/ArmPoseFeedback.h, /home/caster/ros_ws/caster/devel/include/kinova_msgs/ArmPoseFeedback.h)
Linked: (/home/caster/ros_ws/caster/devel/.private/kinova_msgs/include/kinova_msgs/ArmJointAnglesAction.h, /home/caster/ros_ws/caster/devel/include/kinova_msgs/ArmJointAnglesAction.h)
Linked: (/home/caster/ros_ws/caster/devel/.private/kinova_msgs/include/kinova_msgs/Stop.h, /home/caster/ros_ws/caster/devel/include/kinova_msgs/Stop.h)
Linked: (/home/caster/ros_ws/caster/devel/.private/kinova_msgs/include/kinova_msgs/SetTorqueControlParametersRequest.h, /home/caster/ros_ws/caster/devel/include/kinova_msgs/SetTorqueControlParametersRequest.h)
Linked: (/home/caster/ros_ws/caster/devel/.private/kinova_msgs/include/kinova_msgs/ArmPoseActionGoal.h, /home/caster/ros_ws/caster/devel/include/kinova_msgs/ArmPoseActionGoal.h)
Linked: (/home/caster/ros_ws/caster/devel/.private/kinova_msgs/include/kinova_msgs/SetFingersPositionGoal.h, /home/caster/ros_ws/caster/devel/include/kinova_msgs/SetFingersPositionGoal.h)
Linked: (/home/caster/ros_ws/caster/devel/.private/kinova_msgs/include/kinova_msgs/ArmPoseAction.h, /home/caster/ros_ws/caster/devel/include/kinova_msgs/ArmPoseAction.h)
Linked: (/home/caster/ros_ws/caster/devel/.private/kinova_msgs/include/kinova_msgs/SetFingersPositionResult.h, /home/caster/ros_ws/caster/devel/include/kinova_msgs/SetFingersPositionResult.h)
Linked: (/home/caster/ros_ws/caster/devel/.private/kinova_msgs/include/kinova_msgs/SetNullSpaceModeStateRequest.h, /home/caster/ros_ws/caster/devel/include/kinova_msgs/SetNullSpaceModeStateRequest.h)
Linked: (/home/caster/ros_ws/caster/devel/.private/kinova_msgs/include/kinova_msgs/Arm_KinovaPoseResult.h, /home/caster/ros_ws/caster/devel/include/kinova_msgs/Arm_KinovaPoseResult.h)
Linked: (/home/caster/ros_ws/caster/devel/.private/kinova_msgs/include/kinova_msgs/KinovaPose.h, /home/caster/ros_ws/caster/devel/include/kinova_msgs/KinovaPose.h)
Linked: (/home/caster/ros_ws/caster/devel/.private/kinova_msgs/include/kinova_msgs/ArmPoseResult.h, /home/caster/ros_ws/caster/devel/include/kinova_msgs/ArmPoseResult.h)
Linked: (/home/caster/ros_ws/caster/devel/.private/kinova_msgs/include/kinova_msgs/JointVelocity.h, /home/caster/ros_ws/caster/devel/include/kinova_msgs/JointVelocity.h)
Linked: (/home/caster/ros_ws/caster/devel/.private/kinova_msgs/include/kinova_msgs/HomeArmResponse.h, /home/caster/ros_ws/caster/devel/include/kinova_msgs/HomeArmResponse.h)
Linked: (/home/caster/ros_ws/caster/devel/.private/kinova_msgs/include/kinova_msgs/SetEndEffectorOffsetResponse.h, /home/caster/ros_ws/caster/devel/include/kinova_msgs/SetEndEffectorOffsetResponse.h)
Linked: (/home/caster/ros_ws/caster/devel/.private/kinova_msgs/include/kinova_msgs/ZeroTorquesRequest.h, /home/caster/ros_ws/caster/devel/include/kinova_msgs/ZeroTorquesRequest.h)
Linked: (/home/caster/ros_ws/caster/devel/.private/kinova_msgs/include/kinova_msgs/JointTorque.h, /home/caster/ros_ws/caster/devel/include/kinova_msgs/JointTorque.h)
Linked: (/home/caster/ros_ws/caster/devel/.private/kinova_msgs/include/kinova_msgs/RunCOMParametersEstimation.h, /home/caster/ros_ws/caster/devel/include/kinova_msgs/RunCOMParametersEstimation.h)
Linked: (/home/caster/ros_ws/caster/devel/.private/kinova_msgs/include/kinova_msgs/AddPoseToCartesianTrajectoryResponse.h, /home/caster/ros_ws/caster/devel/include/kinova_msgs/AddPoseToCartesianTrajectoryResponse.h)
Linked: (/home/caster/ros_ws/caster/devel/.private/kinova_msgs/include/kinova_msgs/StopResponse.h, /home/caster/ros_ws/caster/devel/include/kinova_msgs/StopResponse.h)
Linked: (/home/caster/ros_ws/caster/devel/.private/kinova_msgs/include/kinova_msgs/SetForceControlParamsResponse.h, /home/caster/ros_ws/caster/devel/include/kinova_msgs/SetForceControlParamsResponse.h)
Linked: (/home/caster/ros_ws/caster/devel/.private/kinova_msgs/include/kinova_msgs/SetFingersPositionActionFeedback.h, /home/caster/ros_ws/caster/devel/include/kinova_msgs/SetFingersPositionActionFeedback.h)
Linked: (/home/caster/ros_ws/caster/devel/.private/kinova_msgs/include/kinova_msgs/Arm_KinovaPoseFeedback.h, /home/caster/ros_ws/caster/devel/include/kinova_msgs/Arm_KinovaPoseFeedback.h)
Linked: (/home/caster/ros_ws/caster/devel/.private/kinova_msgs/include/kinova_msgs/RunCOMParametersEstimationRequest.h, /home/caster/ros_ws/caster/devel/include/kinova_msgs/RunCOMParametersEstimationRequest.h)
Linked: (/home/caster/ros_ws/caster/devel/.private/kinova_msgs/include/kinova_msgs/StartRequest.h, /home/caster/ros_ws/caster/devel/include/kinova_msgs/StartRequest.h)
Linked: (/home/caster/ros_ws/caster/devel/.private/kinova_msgs/include/kinova_msgs/SetTorqueControlModeRequest.h, /home/caster/ros_ws/caster/devel/include/kinova_msgs/SetTorqueControlModeRequest.h)
Linked: (/home/caster/ros_ws/caster/devel/.private/kinova_msgs/include/kinova_msgs/ClearTrajectoriesRequest.h, /home/caster/ros_ws/caster/devel/include/kinova_msgs/ClearTrajectoriesRequest.h)
Linked: (/home/caster/ros_ws/caster/devel/.private/kinova_msgs/include/kinova_msgs/ClearTrajectoriesResponse.h, /home/caster/ros_ws/caster/devel/include/kinova_msgs/ClearTrajectoriesResponse.h)
Linked: (/home/caster/ros_ws/caster/devel/.private/kinova_msgs/include/kinova_msgs/ArmPoseActionFeedback.h, /home/caster/ros_ws/caster/devel/include/kinova_msgs/ArmPoseActionFeedback.h)
Linked: (/home/caster/ros_ws/caster/devel/.private/kinova_msgs/include/kinova_msgs/Arm_KinovaPoseAction.h, /home/caster/ros_ws/caster/devel/include/kinova_msgs/Arm_KinovaPoseAction.h)
Linked: (/home/caster/ros_ws/caster/devel/.private/kinova_msgs/include/kinova_msgs/SetTorqueControlParameters.h, /home/caster/ros_ws/caster/devel/include/kinova_msgs/SetTorqueControlParameters.h)
Linked: (/home/caster/ros_ws/caster/devel/.private/kinova_msgs/include/kinova_msgs/ArmJointAnglesGoal.h, /home/caster/ros_ws/caster/devel/include/kinova_msgs/ArmJointAnglesGoal.h)
Linked: (/home/caster/ros_ws/caster/devel/.private/kinova_msgs/include/kinova_msgs/SetFingersPositionActionGoal.h, /home/caster/ros_ws/caster/devel/include/kinova_msgs/SetFingersPositionActionGoal.h)
Linked: (/home/caster/ros_ws/caster/devel/.private/kinova_msgs/include/kinova_msgs/Arm_KinovaPoseActionResult.h, /home/caster/ros_ws/caster/devel/include/kinova_msgs/Arm_KinovaPoseActionResult.h)
Linked: (/home/caster/ros_ws/caster/devel/.private/kinova_msgs/include/kinova_msgs/SetNullSpaceModeState.h, /home/caster/ros_ws/caster/devel/include/kinova_msgs/SetNullSpaceModeState.h)
Linked: (/home/caster/ros_ws/caster/devel/.private/kinova_msgs/include/kinova_msgs/SetFingersPositionAction.h, /home/caster/ros_ws/caster/devel/include/kinova_msgs/SetFingersPositionAction.h)
Linked: (/home/caster/ros_ws/caster/devel/.private/kinova_msgs/include/kinova_msgs/SetForceControlParamsRequest.h, /home/caster/ros_ws/caster/devel/include/kinova_msgs/SetForceControlParamsRequest.h)
Linked: (/home/caster/ros_ws/caster/devel/.private/kinova_msgs/include/kinova_msgs/Arm_KinovaPoseActionGoal.h, /home/caster/ros_ws/caster/devel/include/kinova_msgs/Arm_KinovaPoseActionGoal.h)
Linked: (/home/caster/ros_ws/caster/devel/.private/kinova_msgs/include/kinova_msgs/HomeArmRequest.h, /home/caster/ros_ws/caster/devel/include/kinova_msgs/HomeArmRequest.h)
Linked: (/home/caster/ros_ws/caster/devel/.private/kinova_msgs/include/kinova_msgs/StopRequest.h, /home/caster/ros_ws/caster/devel/include/kinova_msgs/StopRequest.h)
Linked: (/home/caster/ros_ws/caster/devel/.private/kinova_msgs/include/kinova_msgs/SetFingersPositionFeedback.h, /home/caster/ros_ws/caster/devel/include/kinova_msgs/SetFingersPositionFeedback.h)
Linked: (/home/caster/ros_ws/caster/devel/.private/kinova_msgs/include/kinova_msgs/SetTorqueControlModeResponse.h, /home/caster/ros_ws/caster/devel/include/kinova_msgs/SetTorqueControlModeResponse.h)
Linked: (/home/caster/ros_ws/caster/devel/.private/kinova_msgs/include/kinova_msgs/SetTorqueControlParametersResponse.h, /home/caster/ros_ws/caster/devel/include/kinova_msgs/SetTorqueControlParametersResponse.h)
Linked: (/home/caster/ros_ws/caster/devel/.private/kinova_msgs/include/kinova_msgs/ClearTrajectories.h, /home/caster/ros_ws/caster/devel/include/kinova_msgs/ClearTrajectories.h)
Linked: (/home/caster/ros_ws/caster/devel/.private/kinova_msgs/include/kinova_msgs/SetForceControlParams.h, /home/caster/ros_ws/caster/devel/include/kinova_msgs/SetForceControlParams.h)
Linked: (/home/caster/ros_ws/caster/devel/.private/kinova_msgs/include/kinova_msgs/ArmJointAnglesResult.h, /home/caster/ros_ws/caster/devel/include/kinova_msgs/ArmJointAnglesResult.h)
Linked: (/home/caster/ros_ws/caster/devel/.private/kinova_msgs/include/kinova_msgs/StartResponse.h, /home/caster/ros_ws/caster/devel/include/kinova_msgs/StartResponse.h)
Linked: (/home/caster/ros_ws/caster/devel/.private/kinova_msgs/include/kinova_msgs/AddPoseToCartesianTrajectoryRequest.h, /home/caster/ros_ws/caster/devel/include/kinova_msgs/AddPoseToCartesianTrajectoryRequest.h)
Linked: (/home/caster/ros_ws/caster/devel/.private/kinova_msgs/include/kinova_msgs/Arm_KinovaPoseGoal.h, /home/caster/ros_ws/caster/devel/include/kinova_msgs/Arm_KinovaPoseGoal.h)
Linked: (/home/caster/ros_ws/caster/devel/.private/kinova_msgs/include/kinova_msgs/CartesianForce.h, /home/caster/ros_ws/caster/devel/include/kinova_msgs/CartesianForce.h)
Linked: (/home/caster/ros_ws/caster/devel/.private/kinova_msgs/include/kinova_msgs/Start.h, /home/caster/ros_ws/caster/devel/include/kinova_msgs/Start.h)
Linked: (/home/caster/ros_ws/caster/devel/.private/kinova_msgs/include/kinova_msgs/FingerPosition.h, /home/caster/ros_ws/caster/devel/include/kinova_msgs/FingerPosition.h)
Linked: (/home/caster/ros_ws/caster/devel/.private/kinova_msgs/include/kinova_msgs/ArmJointAnglesActionFeedback.h, /home/caster/ros_ws/caster/devel/include/kinova_msgs/ArmJointAnglesActionFeedback.h)
Linked: (/home/caster/ros_ws/caster/devel/.private/kinova_msgs/include/kinova_msgs/RunCOMParametersEstimationResponse.h, /home/caster/ros_ws/caster/devel/include/kinova_msgs/RunCOMParametersEstimationResponse.h)
Linked: (/home/caster/ros_ws/caster/devel/.private/kinova_msgs/include/kinova_msgs/ArmPoseActionResult.h, /home/caster/ros_ws/caster/devel/include/kinova_msgs/ArmPoseActionResult.h)
Linked: (/home/caster/ros_ws/caster/devel/.private/kinova_msgs/include/kinova_msgs/SetEndEffectorOffset.h, /home/caster/ros_ws/caster/devel/include/kinova_msgs/SetEndEffectorOffset.h)
Linked: (/home/caster/ros_ws/caster/devel/.private/kinova_msgs/include/kinova_msgs/ArmPoseGoal.h, /home/caster/ros_ws/caster/devel/include/kinova_msgs/ArmPoseGoal.h)
Linked: (/home/caster/ros_ws/caster/devel/.private/kinova_msgs/include/kinova_msgs/ZeroTorquesResponse.h, /home/caster/ros_ws/caster/devel/include/kinova_msgs/ZeroTorquesResponse.h)
Linked: (/home/caster/ros_ws/caster/devel/.private/kinova_msgs/include/kinova_msgs/PoseVelocity.h, /home/caster/ros_ws/caster/devel/include/kinova_msgs/PoseVelocity.h)
Linked: (/home/caster/ros_ws/caster/devel/.private/kinova_msgs/include/kinova_msgs/HomeArm.h, /home/caster/ros_ws/caster/devel/include/kinova_msgs/HomeArm.h)
Linked: (/home/caster/ros_ws/caster/devel/.private/kinova_msgs/include/kinova_msgs/ArmJointAnglesActionResult.h, /home/caster/ros_ws/caster/devel/include/kinova_msgs/ArmJointAnglesActionResult.h)
Linked: (/home/caster/ros_ws/caster/devel/.private/kinova_msgs/include/kinova_msgs/SetEndEffectorOffsetRequest.h, /home/caster/ros_ws/caster/devel/include/kinova_msgs/SetEndEffectorOffsetRequest.h)
Linked: (/home/caster/ros_ws/caster/devel/.private/kinova_msgs/include/kinova_msgs/JointAngles.h, /home/caster/ros_ws/caster/devel/include/kinova_msgs/JointAngles.h)
Linked: (/home/caster/ros_ws/caster/devel/.private/kinova_msgs/share/gennodejs/ros/kinova_msgs/_index.js, /home/caster/ros_ws/caster/devel/share/gennodejs/ros/kinova_msgs/_index.js)
Linked: (/home/caster/ros_ws/caster/devel/.private/kinova_msgs/share/gennodejs/ros/kinova_msgs/msg/_index.js, /home/caster/ros_ws/caster/devel/share/gennodejs/ros/kinova_msgs/msg/_index.js)
Linked: (/home/caster/ros_ws/caster/devel/.private/kinova_msgs/share/gennodejs/ros/kinova_msgs/msg/KinovaPose.js, /home/caster/ros_ws/caster/devel/share/gennodejs/ros/kinova_msgs/msg/KinovaPose.js)
Linked: (/home/caster/ros_ws/caster/devel/.private/kinova_msgs/share/gennodejs/ros/kinova_msgs/msg/ArmJointAnglesActionResult.js, /home/caster/ros_ws/caster/devel/share/gennodejs/ros/kinova_msgs/msg/ArmJointAnglesActionResult.js)
Linked: (/home/caster/ros_ws/caster/devel/.private/kinova_msgs/share/gennodejs/ros/kinova_msgs/msg/SetFingersPositionGoal.js, /home/caster/ros_ws/caster/devel/share/gennodejs/ros/kinova_msgs/msg/SetFingersPositionGoal.js)
Linked: (/home/caster/ros_ws/caster/devel/.private/kinova_msgs/share/gennodejs/ros/kinova_msgs/msg/Arm_KinovaPoseResult.js, /home/caster/ros_ws/caster/devel/share/gennodejs/ros/kinova_msgs/msg/Arm_KinovaPoseResult.js)
Linked: (/home/caster/ros_ws/caster/devel/.private/kinova_msgs/share/gennodejs/ros/kinova_msgs/msg/ArmJointAnglesFeedback.js, /home/caster/ros_ws/caster/devel/share/gennodejs/ros/kinova_msgs/msg/ArmJointAnglesFeedback.js)
Linked: (/home/caster/ros_ws/caster/devel/.private/kinova_msgs/share/gennodejs/ros/kinova_msgs/msg/CartesianForce.js, /home/caster/ros_ws/caster/devel/share/gennodejs/ros/kinova_msgs/msg/CartesianForce.js)
Linked: (/home/caster/ros_ws/caster/devel/.private/kinova_msgs/share/gennodejs/ros/kinova_msgs/msg/ArmJointAnglesAction.js, /home/caster/ros_ws/caster/devel/share/gennodejs/ros/kinova_msgs/msg/ArmJointAnglesAction.js)
Linked: (/home/caster/ros_ws/caster/devel/.private/kinova_msgs/share/gennodejs/ros/kinova_msgs/msg/JointAngles.js, /home/caster/ros_ws/caster/devel/share/gennodejs/ros/kinova_msgs/msg/JointAngles.js)
Linked: (/home/caster/ros_ws/caster/devel/.private/kinova_msgs/share/gennodejs/ros/kinova_msgs/msg/SetFingersPositionAction.js, /home/caster/ros_ws/caster/devel/share/gennodejs/ros/kinova_msgs/msg/SetFingersPositionAction.js)
Linked: (/home/caster/ros_ws/caster/devel/.private/kinova_msgs/share/gennodejs/ros/kinova_msgs/msg/FingerPosition.js, /home/caster/ros_ws/caster/devel/share/gennodejs/ros/kinova_msgs/msg/FingerPosition.js)
Linked: (/home/caster/ros_ws/caster/devel/.private/kinova_msgs/share/gennodejs/ros/kinova_msgs/msg/Arm_KinovaPoseAction.js, /home/caster/ros_ws/caster/devel/share/gennodejs/ros/kinova_msgs/msg/Arm_KinovaPoseAction.js)
Linked: (/home/caster/ros_ws/caster/devel/.private/kinova_msgs/share/gennodejs/ros/kinova_msgs/msg/ArmJointAnglesActionGoal.js, /home/caster/ros_ws/caster/devel/share/gennodejs/ros/kinova_msgs/msg/ArmJointAnglesActionGoal.js)
Linked: (/home/caster/ros_ws/caster/devel/.private/kinova_msgs/share/gennodejs/ros/kinova_msgs/msg/JointVelocity.js, /home/caster/ros_ws/caster/devel/share/gennodejs/ros/kinova_msgs/msg/JointVelocity.js)
Linked: (/home/caster/ros_ws/caster/devel/.private/kinova_msgs/share/gennodejs/ros/kinova_msgs/msg/ArmPoseActionGoal.js, /home/caster/ros_ws/caster/devel/share/gennodejs/ros/kinova_msgs/msg/ArmPoseActionGoal.js)
Linked: (/home/caster/ros_ws/caster/devel/.private/kinova_msgs/share/gennodejs/ros/kinova_msgs/msg/JointTorque.js, /home/caster/ros_ws/caster/devel/share/gennodejs/ros/kinova_msgs/msg/JointTorque.js)
Linked: (/home/caster/ros_ws/caster/devel/.private/kinova_msgs/share/gennodejs/ros/kinova_msgs/msg/ArmPoseResult.js, /home/caster/ros_ws/caster/devel/share/gennodejs/ros/kinova_msgs/msg/ArmPoseResult.js)
Linked: (/home/caster/ros_ws/caster/devel/.private/kinova_msgs/share/gennodejs/ros/kinova_msgs/msg/SetFingersPositionActionResult.js, /home/caster/ros_ws/caster/devel/share/gennodejs/ros/kinova_msgs/msg/SetFingersPositionActionResult.js)
Linked: (/home/caster/ros_ws/caster/devel/.private/kinova_msgs/share/gennodejs/ros/kinova_msgs/msg/Arm_KinovaPoseGoal.js, /home/caster/ros_ws/caster/devel/share/gennodejs/ros/kinova_msgs/msg/Arm_KinovaPoseGoal.js)
Linked: (/home/caster/ros_ws/caster/devel/.private/kinova_msgs/share/gennodejs/ros/kinova_msgs/msg/ArmPoseActionFeedback.js, /home/caster/ros_ws/caster/devel/share/gennodejs/ros/kinova_msgs/msg/ArmPoseActionFeedback.js)
Linked: (/home/caster/ros_ws/caster/devel/.private/kinova_msgs/share/gennodejs/ros/kinova_msgs/msg/Arm_KinovaPoseActionFeedback.js, /home/caster/ros_ws/caster/devel/share/gennodejs/ros/kinova_msgs/msg/Arm_KinovaPoseActionFeedback.js)
Linked: (/home/caster/ros_ws/caster/devel/.private/kinova_msgs/share/gennodejs/ros/kinova_msgs/msg/SetFingersPositionActionGoal.js, /home/caster/ros_ws/caster/devel/share/gennodejs/ros/kinova_msgs/msg/SetFingersPositionActionGoal.js)
Linked: (/home/caster/ros_ws/caster/devel/.private/kinova_msgs/share/gennodejs/ros/kinova_msgs/msg/SetFingersPositionResult.js, /home/caster/ros_ws/caster/devel/share/gennodejs/ros/kinova_msgs/msg/SetFingersPositionResult.js)
Linked: (/home/caster/ros_ws/caster/devel/.private/kinova_msgs/share/gennodejs/ros/kinova_msgs/msg/ArmJointAnglesGoal.js, /home/caster/ros_ws/caster/devel/share/gennodejs/ros/kinova_msgs/msg/ArmJointAnglesGoal.js)
Linked: (/home/caster/ros_ws/caster/devel/.private/kinova_msgs/share/gennodejs/ros/kinova_msgs/msg/PoseVelocity.js, /home/caster/ros_ws/caster/devel/share/gennodejs/ros/kinova_msgs/msg/PoseVelocity.js)
Linked: (/home/caster/ros_ws/caster/devel/.private/kinova_msgs/share/gennodejs/ros/kinova_msgs/msg/ArmJointAnglesActionFeedback.js, /home/caster/ros_ws/caster/devel/share/gennodejs/ros/kinova_msgs/msg/ArmJointAnglesActionFeedback.js)
Linked: (/home/caster/ros_ws/caster/devel/.private/kinova_msgs/share/gennodejs/ros/kinova_msgs/msg/SetFingersPositionActionFeedback.js, /home/caster/ros_ws/caster/devel/share/gennodejs/ros/kinova_msgs/msg/SetFingersPositionActionFeedback.js)
Linked: (/home/caster/ros_ws/caster/devel/.private/kinova_msgs/share/gennodejs/ros/kinova_msgs/msg/ArmPoseFeedback.js, /home/caster/ros_ws/caster/devel/share/gennodejs/ros/kinova_msgs/msg/ArmPoseFeedback.js)
Linked: (/home/caster/ros_ws/caster/devel/.private/kinova_msgs/share/gennodejs/ros/kinova_msgs/msg/ArmPoseAction.js, /home/caster/ros_ws/caster/devel/share/gennodejs/ros/kinova_msgs/msg/ArmPoseAction.js)
Linked: (/home/caster/ros_ws/caster/devel/.private/kinova_msgs/share/gennodejs/ros/kinova_msgs/msg/Arm_KinovaPoseActionGoal.js, /home/caster/ros_ws/caster/devel/share/gennodejs/ros/kinova_msgs/msg/Arm_KinovaPoseActionGoal.js)
Linked: (/home/caster/ros_ws/caster/devel/.private/kinova_msgs/share/gennodejs/ros/kinova_msgs/msg/SetFingersPositionFeedback.js, /home/caster/ros_ws/caster/devel/share/gennodejs/ros/kinova_msgs/msg/SetFingersPositionFeedback.js)
Linked: (/home/caster/ros_ws/caster/devel/.private/kinova_msgs/share/gennodejs/ros/kinova_msgs/msg/ArmPoseActionResult.js, /home/caster/ros_ws/caster/devel/share/gennodejs/ros/kinova_msgs/msg/ArmPoseActionResult.js)
Linked: (/home/caster/ros_ws/caster/devel/.private/kinova_msgs/share/gennodejs/ros/kinova_msgs/msg/ArmJointAnglesResult.js, /home/caster/ros_ws/caster/devel/share/gennodejs/ros/kinova_msgs/msg/ArmJointAnglesResult.js)
Linked: (/home/caster/ros_ws/caster/devel/.private/kinova_msgs/share/gennodejs/ros/kinova_msgs/msg/ArmPoseGoal.js, /home/caster/ros_ws/caster/devel/share/gennodejs/ros/kinova_msgs/msg/ArmPoseGoal.js)
Linked: (/home/caster/ros_ws/caster/devel/.private/kinova_msgs/share/gennodejs/ros/kinova_msgs/msg/Arm_KinovaPoseFeedback.js, /home/caster/ros_ws/caster/devel/share/gennodejs/ros/kinova_msgs/msg/Arm_KinovaPoseFeedback.js)
Linked: (/home/caster/ros_ws/caster/devel/.private/kinova_msgs/share/gennodejs/ros/kinova_msgs/msg/Arm_KinovaPoseActionResult.js, /home/caster/ros_ws/caster/devel/share/gennodejs/ros/kinova_msgs/msg/Arm_KinovaPoseActionResult.js)
Linked: (/home/caster/ros_ws/caster/devel/.private/kinova_msgs/share/gennodejs/ros/kinova_msgs/srv/_index.js, /home/caster/ros_ws/caster/devel/share/gennodejs/ros/kinova_msgs/srv/_index.js)
Linked: (/home/caster/ros_ws/caster/devel/.private/kinova_msgs/share/gennodejs/ros/kinova_msgs/srv/SetNullSpaceModeState.js, /home/caster/ros_ws/caster/devel/share/gennodejs/ros/kinova_msgs/srv/SetNullSpaceModeState.js)
Linked: (/home/caster/ros_ws/caster/devel/.private/kinova_msgs/share/gennodejs/ros/kinova_msgs/srv/SetEndEffectorOffset.js, /home/caster/ros_ws/caster/devel/share/gennodejs/ros/kinova_msgs/srv/SetEndEffectorOffset.js)
Linked: (/home/caster/ros_ws/caster/devel/.private/kinova_msgs/share/gennodejs/ros/kinova_msgs/srv/ZeroTorques.js, /home/caster/ros_ws/caster/devel/share/gennodejs/ros/kinova_msgs/srv/ZeroTorques.js)
Linked: (/home/caster/ros_ws/caster/devel/.private/kinova_msgs/share/gennodejs/ros/kinova_msgs/srv/SetForceControlParams.js, /home/caster/ros_ws/caster/devel/share/gennodejs/ros/kinova_msgs/srv/SetForceControlParams.js)
Linked: (/home/caster/ros_ws/caster/devel/.private/kinova_msgs/share/gennodejs/ros/kinova_msgs/srv/SetTorqueControlMode.js, /home/caster/ros_ws/caster/devel/share/gennodejs/ros/kinova_msgs/srv/SetTorqueControlMode.js)
Linked: (/home/caster/ros_ws/caster/devel/.private/kinova_msgs/share/gennodejs/ros/kinova_msgs/srv/Stop.js, /home/caster/ros_ws/caster/devel/share/gennodejs/ros/kinova_msgs/srv/Stop.js)
Linked: (/home/caster/ros_ws/caster/devel/.private/kinova_msgs/share/gennodejs/ros/kinova_msgs/srv/SetTorqueControlParameters.js, /home/caster/ros_ws/caster/devel/share/gennodejs/ros/kinova_msgs/srv/SetTorqueControlParameters.js)
Linked: (/home/caster/ros_ws/caster/devel/.private/kinova_msgs/share/gennodejs/ros/kinova_msgs/srv/RunCOMParametersEstimation.js, /home/caster/ros_ws/caster/devel/share/gennodejs/ros/kinova_msgs/srv/RunCOMParametersEstimation.js)
Linked: (/home/caster/ros_ws/caster/devel/.private/kinova_msgs/share/gennodejs/ros/kinova_msgs/srv/ClearTrajectories.js, /home/caster/ros_ws/caster/devel/share/gennodejs/ros/kinova_msgs/srv/ClearTrajectories.js)
Linked: (/home/caster/ros_ws/caster/devel/.private/kinova_msgs/share/gennodejs/ros/kinova_msgs/srv/HomeArm.js, /home/caster/ros_ws/caster/devel/share/gennodejs/ros/kinova_msgs/srv/HomeArm.js)
Linked: (/home/caster/ros_ws/caster/devel/.private/kinova_msgs/share/gennodejs/ros/kinova_msgs/srv/AddPoseToCartesianTrajectory.js, /home/caster/ros_ws/caster/devel/share/gennodejs/ros/kinova_msgs/srv/AddPoseToCartesianTrajectory.js)
Linked: (/home/caster/ros_ws/caster/devel/.private/kinova_msgs/share/gennodejs/ros/kinova_msgs/srv/Start.js, /home/caster/ros_ws/caster/devel/share/gennodejs/ros/kinova_msgs/srv/Start.js)
Linked: (/home/caster/ros_ws/caster/devel/.private/kinova_msgs/share/common-lisp/ros/kinova_msgs/msg/Arm_KinovaPoseActionResult.lisp, /home/caster/ros_ws/caster/devel/share/common-lisp/ros/kinova_msgs/msg/Arm_KinovaPoseActionResult.lisp)
Linked: (/home/caster/ros_ws/caster/devel/.private/kinova_msgs/share/common-lisp/ros/kinova_msgs/msg/_package_ArmJointAnglesResult.lisp, /home/caster/ros_ws/caster/devel/share/common-lisp/ros/kinova_msgs/msg/_package_ArmJointAnglesResult.lisp)
Linked: (/home/caster/ros_ws/caster/devel/.private/kinova_msgs/share/common-lisp/ros/kinova_msgs/msg/_package_ArmPoseGoal.lisp, /home/caster/ros_ws/caster/devel/share/common-lisp/ros/kinova_msgs/msg/_package_ArmPoseGoal.lisp)
Linked: (/home/caster/ros_ws/caster/devel/.private/kinova_msgs/share/common-lisp/ros/kinova_msgs/msg/ArmJointAnglesActionResult.lisp, /home/caster/ros_ws/caster/devel/share/common-lisp/ros/kinova_msgs/msg/ArmJointAnglesActionResult.lisp)
Linked: (/home/caster/ros_ws/caster/devel/.private/kinova_msgs/share/common-lisp/ros/kinova_msgs/msg/ArmPoseResult.lisp, /home/caster/ros_ws/caster/devel/share/common-lisp/ros/kinova_msgs/msg/ArmPoseResult.lisp)
Linked: (/home/caster/ros_ws/caster/devel/.private/kinova_msgs/share/common-lisp/ros/kinova_msgs/msg/Arm_KinovaPoseActionGoal.lisp, /home/caster/ros_ws/caster/devel/share/common-lisp/ros/kinova_msgs/msg/Arm_KinovaPoseActionGoal.lisp)
Linked: (/home/caster/ros_ws/caster/devel/.private/kinova_msgs/share/common-lisp/ros/kinova_msgs/msg/JointAngles.lisp, /home/caster/ros_ws/caster/devel/share/common-lisp/ros/kinova_msgs/msg/JointAngles.lisp)
Linked: (/home/caster/ros_ws/caster/devel/.private/kinova_msgs/share/common-lisp/ros/kinova_msgs/msg/SetFingersPositionResult.lisp, /home/caster/ros_ws/caster/devel/share/common-lisp/ros/kinova_msgs/msg/SetFingersPositionResult.lisp)
Linked: (/home/caster/ros_ws/caster/devel/.private/kinova_msgs/share/common-lisp/ros/kinova_msgs/msg/_package_Arm_KinovaPoseAction.lisp, /home/caster/ros_ws/caster/devel/share/common-lisp/ros/kinova_msgs/msg/_package_Arm_KinovaPoseAction.lisp)
Linked: (/home/caster/ros_ws/caster/devel/.private/kinova_msgs/share/common-lisp/ros/kinova_msgs/msg/_package_SetFingersPositionActionResult.lisp, /home/caster/ros_ws/caster/devel/share/common-lisp/ros/kinova_msgs/msg/_package_SetFingersPositionActionResult.lisp)
Linked: (/home/caster/ros_ws/caster/devel/.private/kinova_msgs/share/common-lisp/ros/kinova_msgs/msg/_package_ArmJointAnglesActionResult.lisp, /home/caster/ros_ws/caster/devel/share/common-lisp/ros/kinova_msgs/msg/_package_ArmJointAnglesActionResult.lisp)
Linked: (/home/caster/ros_ws/caster/devel/.private/kinova_msgs/share/common-lisp/ros/kinova_msgs/msg/SetFingersPositionFeedback.lisp, /home/caster/ros_ws/caster/devel/share/common-lisp/ros/kinova_msgs/msg/SetFingersPositionFeedback.lisp)
Linked: (/home/caster/ros_ws/caster/devel/.private/kinova_msgs/share/common-lisp/ros/kinova_msgs/msg/_package_ArmJointAnglesFeedback.lisp, /home/caster/ros_ws/caster/devel/share/common-lisp/ros/kinova_msgs/msg/_package_ArmJointAnglesFeedback.lisp)
Linked: (/home/caster/ros_ws/caster/devel/.private/kinova_msgs/share/common-lisp/ros/kinova_msgs/msg/_package_ArmJointAnglesActionFeedback.lisp, /home/caster/ros_ws/caster/devel/share/common-lisp/ros/kinova_msgs/msg/_package_ArmJointAnglesActionFeedback.lisp)
Linked: (/home/caster/ros_ws/caster/devel/.private/kinova_msgs/share/common-lisp/ros/kinova_msgs/msg/_package_SetFingersPositionResult.lisp, /home/caster/ros_ws/caster/devel/share/common-lisp/ros/kinova_msgs/msg/_package_SetFingersPositionResult.lisp)
Linked: (/home/caster/ros_ws/caster/devel/.private/kinova_msgs/share/common-lisp/ros/kinova_msgs/msg/_package_Arm_KinovaPoseActionResult.lisp, /home/caster/ros_ws/caster/devel/share/common-lisp/ros/kinova_msgs/msg/_package_Arm_KinovaPoseActionResult.lisp)
Linked: (/home/caster/ros_ws/caster/devel/.private/kinova_msgs/share/common-lisp/ros/kinova_msgs/msg/Arm_KinovaPoseAction.lisp, /home/caster/ros_ws/caster/devel/share/common-lisp/ros/kinova_msgs/msg/Arm_KinovaPoseAction.lisp)
Linked: (/home/caster/ros_ws/caster/devel/.private/kinova_msgs/share/common-lisp/ros/kinova_msgs/msg/_package_ArmJointAnglesGoal.lisp, /home/caster/ros_ws/caster/devel/share/common-lisp/ros/kinova_msgs/msg/_package_ArmJointAnglesGoal.lisp)
Linked: (/home/caster/ros_ws/caster/devel/.private/kinova_msgs/share/common-lisp/ros/kinova_msgs/msg/ArmPoseActionFeedback.lisp, /home/caster/ros_ws/caster/devel/share/common-lisp/ros/kinova_msgs/msg/ArmPoseActionFeedback.lisp)
Linked: (/home/caster/ros_ws/caster/devel/.private/kinova_msgs/share/common-lisp/ros/kinova_msgs/msg/_package_ArmPoseActionFeedback.lisp, /home/caster/ros_ws/caster/devel/share/common-lisp/ros/kinova_msgs/msg/_package_ArmPoseActionFeedback.lisp)
Linked: (/home/caster/ros_ws/caster/devel/.private/kinova_msgs/share/common-lisp/ros/kinova_msgs/msg/SetFingersPositionActionResult.lisp, /home/caster/ros_ws/caster/devel/share/common-lisp/ros/kinova_msgs/msg/SetFingersPositionActionResult.lisp)
Linked: (/home/caster/ros_ws/caster/devel/.private/kinova_msgs/share/common-lisp/ros/kinova_msgs/msg/_package_Arm_KinovaPoseFeedback.lisp, /home/caster/ros_ws/caster/devel/share/common-lisp/ros/kinova_msgs/msg/_package_Arm_KinovaPoseFeedback.lisp)
Linked: (/home/caster/ros_ws/caster/devel/.private/kinova_msgs/share/common-lisp/ros/kinova_msgs/msg/_package_Arm_KinovaPoseActionFeedback.lisp, /home/caster/ros_ws/caster/devel/share/common-lisp/ros/kinova_msgs/msg/_package_Arm_KinovaPoseActionFeedback.lisp)
Linked: (/home/caster/ros_ws/caster/devel/.private/kinova_msgs/share/common-lisp/ros/kinova_msgs/msg/KinovaPose.lisp, /home/caster/ros_ws/caster/devel/share/common-lisp/ros/kinova_msgs/msg/KinovaPose.lisp)
Linked: (/home/caster/ros_ws/caster/devel/.private/kinova_msgs/share/common-lisp/ros/kinova_msgs/msg/_package_ArmPoseActionResult.lisp, /home/caster/ros_ws/caster/devel/share/common-lisp/ros/kinova_msgs/msg/_package_ArmPoseActionResult.lisp)
Linked: (/home/caster/ros_ws/caster/devel/.private/kinova_msgs/share/common-lisp/ros/kinova_msgs/msg/_package_SetFingersPositionActionGoal.lisp, /home/caster/ros_ws/caster/devel/share/common-lisp/ros/kinova_msgs/msg/_package_SetFingersPositionActionGoal.lisp)
Linked: (/home/caster/ros_ws/caster/devel/.private/kinova_msgs/share/common-lisp/ros/kinova_msgs/msg/_package_PoseVelocity.lisp, /home/caster/ros_ws/caster/devel/share/common-lisp/ros/kinova_msgs/msg/_package_PoseVelocity.lisp)
Linked: (/home/caster/ros_ws/caster/devel/.private/kinova_msgs/share/common-lisp/ros/kinova_msgs/msg/JointTorque.lisp, /home/caster/ros_ws/caster/devel/share/common-lisp/ros/kinova_msgs/msg/JointTorque.lisp)
Linked: (/home/caster/ros_ws/caster/devel/.private/kinova_msgs/share/common-lisp/ros/kinova_msgs/msg/ArmPoseGoal.lisp, /home/caster/ros_ws/caster/devel/share/common-lisp/ros/kinova_msgs/msg/ArmPoseGoal.lisp)
Linked: (/home/caster/ros_ws/caster/devel/.private/kinova_msgs/share/common-lisp/ros/kinova_msgs/msg/ArmPoseActionGoal.lisp, /home/caster/ros_ws/caster/devel/share/common-lisp/ros/kinova_msgs/msg/ArmPoseActionGoal.lisp)
Linked: (/home/caster/ros_ws/caster/devel/.private/kinova_msgs/share/common-lisp/ros/kinova_msgs/msg/_package_Arm_KinovaPoseResult.lisp, /home/caster/ros_ws/caster/devel/share/common-lisp/ros/kinova_msgs/msg/_package_Arm_KinovaPoseResult.lisp)
Linked: (/home/caster/ros_ws/caster/devel/.private/kinova_msgs/share/common-lisp/ros/kinova_msgs/msg/_package_SetFingersPositionAction.lisp, /home/caster/ros_ws/caster/devel/share/common-lisp/ros/kinova_msgs/msg/_package_SetFingersPositionAction.lisp)
Linked: (/home/caster/ros_ws/caster/devel/.private/kinova_msgs/share/common-lisp/ros/kinova_msgs/msg/PoseVelocity.lisp, /home/caster/ros_ws/caster/devel/share/common-lisp/ros/kinova_msgs/msg/PoseVelocity.lisp)
Linked: (/home/caster/ros_ws/caster/devel/.private/kinova_msgs/share/common-lisp/ros/kinova_msgs/msg/kinova_msgs-msg.asd, /home/caster/ros_ws/caster/devel/share/common-lisp/ros/kinova_msgs/msg/kinova_msgs-msg.asd)
Linked: (/home/caster/ros_ws/caster/devel/.private/kinova_msgs/share/common-lisp/ros/kinova_msgs/msg/_package_Arm_KinovaPoseGoal.lisp, /home/caster/ros_ws/caster/devel/share/common-lisp/ros/kinova_msgs/msg/_package_Arm_KinovaPoseGoal.lisp)
Linked: (/home/caster/ros_ws/caster/devel/.private/kinova_msgs/share/common-lisp/ros/kinova_msgs/msg/_package_FingerPosition.lisp, /home/caster/ros_ws/caster/devel/share/common-lisp/ros/kinova_msgs/msg/_package_FingerPosition.lisp)
Linked: (/home/caster/ros_ws/caster/devel/.private/kinova_msgs/share/common-lisp/ros/kinova_msgs/msg/Arm_KinovaPoseGoal.lisp, /home/caster/ros_ws/caster/devel/share/common-lisp/ros/kinova_msgs/msg/Arm_KinovaPoseGoal.lisp)
Linked: (/home/caster/ros_ws/caster/devel/.private/kinova_msgs/share/common-lisp/ros/kinova_msgs/msg/ArmJointAnglesResult.lisp, /home/caster/ros_ws/caster/devel/share/common-lisp/ros/kinova_msgs/msg/ArmJointAnglesResult.lisp)
Linked: (/home/caster/ros_ws/caster/devel/.private/kinova_msgs/share/common-lisp/ros/kinova_msgs/msg/_package_Arm_KinovaPoseActionGoal.lisp, /home/caster/ros_ws/caster/devel/share/common-lisp/ros/kinova_msgs/msg/_package_Arm_KinovaPoseActionGoal.lisp)
Linked: (/home/caster/ros_ws/caster/devel/.private/kinova_msgs/share/common-lisp/ros/kinova_msgs/msg/_package_ArmPoseFeedback.lisp, /home/caster/ros_ws/caster/devel/share/common-lisp/ros/kinova_msgs/msg/_package_ArmPoseFeedback.lisp)
Linked: (/home/caster/ros_ws/caster/devel/.private/kinova_msgs/share/common-lisp/ros/kinova_msgs/msg/_package_ArmPoseAction.lisp, /home/caster/ros_ws/caster/devel/share/common-lisp/ros/kinova_msgs/msg/_package_ArmPoseAction.lisp)
Linked: (/home/caster/ros_ws/caster/devel/.private/kinova_msgs/share/common-lisp/ros/kinova_msgs/msg/_package_CartesianForce.lisp, /home/caster/ros_ws/caster/devel/share/common-lisp/ros/kinova_msgs/msg/_package_CartesianForce.lisp)
Linked: (/home/caster/ros_ws/caster/devel/.private/kinova_msgs/share/common-lisp/ros/kinova_msgs/msg/_package_KinovaPose.lisp, /home/caster/ros_ws/caster/devel/share/common-lisp/ros/kinova_msgs/msg/_package_KinovaPose.lisp)
Linked: (/home/caster/ros_ws/caster/devel/.private/kinova_msgs/share/common-lisp/ros/kinova_msgs/msg/SetFingersPositionGoal.lisp, /home/caster/ros_ws/caster/devel/share/common-lisp/ros/kinova_msgs/msg/SetFingersPositionGoal.lisp)
Linked: (/home/caster/ros_ws/caster/devel/.private/kinova_msgs/share/common-lisp/ros/kinova_msgs/msg/ArmPoseFeedback.lisp, /home/caster/ros_ws/caster/devel/share/common-lisp/ros/kinova_msgs/msg/ArmPoseFeedback.lisp)
Linked: (/home/caster/ros_ws/caster/devel/.private/kinova_msgs/share/common-lisp/ros/kinova_msgs/msg/ArmJointAnglesAction.lisp, /home/caster/ros_ws/caster/devel/share/common-lisp/ros/kinova_msgs/msg/ArmJointAnglesAction.lisp)
Linked: (/home/caster/ros_ws/caster/devel/.private/kinova_msgs/share/common-lisp/ros/kinova_msgs/msg/_package_ArmJointAnglesAction.lisp, /home/caster/ros_ws/caster/devel/share/common-lisp/ros/kinova_msgs/msg/_package_ArmJointAnglesAction.lisp)
Linked: (/home/caster/ros_ws/caster/devel/.private/kinova_msgs/share/common-lisp/ros/kinova_msgs/msg/SetFingersPositionActionFeedback.lisp, /home/caster/ros_ws/caster/devel/share/common-lisp/ros/kinova_msgs/msg/SetFingersPositionActionFeedback.lisp)
Linked: (/home/caster/ros_ws/caster/devel/.private/kinova_msgs/share/common-lisp/ros/kinova_msgs/msg/SetFingersPositionActionGoal.lisp, /home/caster/ros_ws/caster/devel/share/common-lisp/ros/kinova_msgs/msg/SetFingersPositionActionGoal.lisp)
Linked: (/home/caster/ros_ws/caster/devel/.private/kinova_msgs/share/common-lisp/ros/kinova_msgs/msg/ArmJointAnglesActionFeedback.lisp, /home/caster/ros_ws/caster/devel/share/common-lisp/ros/kinova_msgs/msg/ArmJointAnglesActionFeedback.lisp)
Linked: (/home/caster/ros_ws/caster/devel/.private/kinova_msgs/share/common-lisp/ros/kinova_msgs/msg/ArmJointAnglesGoal.lisp, /home/caster/ros_ws/caster/devel/share/common-lisp/ros/kinova_msgs/msg/ArmJointAnglesGoal.lisp)
Linked: (/home/caster/ros_ws/caster/devel/.private/kinova_msgs/share/common-lisp/ros/kinova_msgs/msg/FingerPosition.lisp, /home/caster/ros_ws/caster/devel/share/common-lisp/ros/kinova_msgs/msg/FingerPosition.lisp)
Linked: (/home/caster/ros_ws/caster/devel/.private/kinova_msgs/share/common-lisp/ros/kinova_msgs/msg/ArmJointAnglesActionGoal.lisp, /home/caster/ros_ws/caster/devel/share/common-lisp/ros/kinova_msgs/msg/ArmJointAnglesActionGoal.lisp)
Linked: (/home/caster/ros_ws/caster/devel/.private/kinova_msgs/share/common-lisp/ros/kinova_msgs/msg/_package_SetFingersPositionGoal.lisp, /home/caster/ros_ws/caster/devel/share/common-lisp/ros/kinova_msgs/msg/_package_SetFingersPositionGoal.lisp)
Linked: (/home/caster/ros_ws/caster/devel/.private/kinova_msgs/share/common-lisp/ros/kinova_msgs/msg/_package_SetFingersPositionActionFeedback.lisp, /home/caster/ros_ws/caster/devel/share/common-lisp/ros/kinova_msgs/msg/_package_SetFingersPositionActionFeedback.lisp)
Linked: (/home/caster/ros_ws/caster/devel/.private/kinova_msgs/share/common-lisp/ros/kinova_msgs/msg/_package_JointVelocity.lisp, /home/caster/ros_ws/caster/devel/share/common-lisp/ros/kinova_msgs/msg/_package_JointVelocity.lisp)
Linked: (/home/caster/ros_ws/caster/devel/.private/kinova_msgs/share/common-lisp/ros/kinova_msgs/msg/Arm_KinovaPoseResult.lisp, /home/caster/ros_ws/caster/devel/share/common-lisp/ros/kinova_msgs/msg/Arm_KinovaPoseResult.lisp)
Linked: (/home/caster/ros_ws/caster/devel/.private/kinova_msgs/share/common-lisp/ros/kinova_msgs/msg/JointVelocity.lisp, /home/caster/ros_ws/caster/devel/share/common-lisp/ros/kinova_msgs/msg/JointVelocity.lisp)
Linked: (/home/caster/ros_ws/caster/devel/.private/kinova_msgs/share/common-lisp/ros/kinova_msgs/msg/_package_JointTorque.lisp, /home/caster/ros_ws/caster/devel/share/common-lisp/ros/kinova_msgs/msg/_package_JointTorque.lisp)
Linked: (/home/caster/ros_ws/caster/devel/.private/kinova_msgs/share/common-lisp/ros/kinova_msgs/msg/Arm_KinovaPoseFeedback.lisp, /home/caster/ros_ws/caster/devel/share/common-lisp/ros/kinova_msgs/msg/Arm_KinovaPoseFeedback.lisp)
Linked: (/home/caster/ros_ws/caster/devel/.private/kinova_msgs/share/common-lisp/ros/kinova_msgs/msg/ArmPoseActionResult.lisp, /home/caster/ros_ws/caster/devel/share/common-lisp/ros/kinova_msgs/msg/ArmPoseActionResult.lisp)
Linked: (/home/caster/ros_ws/caster/devel/.private/kinova_msgs/share/common-lisp/ros/kinova_msgs/msg/_package_ArmPoseActionGoal.lisp, /home/caster/ros_ws/caster/devel/share/common-lisp/ros/kinova_msgs/msg/_package_ArmPoseActionGoal.lisp)
Linked: (/home/caster/ros_ws/caster/devel/.private/kinova_msgs/share/common-lisp/ros/kinova_msgs/msg/_package.lisp, /home/caster/ros_ws/caster/devel/share/common-lisp/ros/kinova_msgs/msg/_package.lisp)
Linked: (/home/caster/ros_ws/caster/devel/.private/kinova_msgs/share/common-lisp/ros/kinova_msgs/msg/_package_ArmPoseResult.lisp, /home/caster/ros_ws/caster/devel/share/common-lisp/ros/kinova_msgs/msg/_package_ArmPoseResult.lisp)
Linked: (/home/caster/ros_ws/caster/devel/.private/kinova_msgs/share/common-lisp/ros/kinova_msgs/msg/CartesianForce.lisp, /home/caster/ros_ws/caster/devel/share/common-lisp/ros/kinova_msgs/msg/CartesianForce.lisp)
Linked: (/home/caster/ros_ws/caster/devel/.private/kinova_msgs/share/common-lisp/ros/kinova_msgs/msg/_package_JointAngles.lisp, /home/caster/ros_ws/caster/devel/share/common-lisp/ros/kinova_msgs/msg/_package_JointAngles.lisp)
Linked: (/home/caster/ros_ws/caster/devel/.private/kinova_msgs/share/common-lisp/ros/kinova_msgs/msg/ArmJointAnglesFeedback.lisp, /home/caster/ros_ws/caster/devel/share/common-lisp/ros/kinova_msgs/msg/ArmJointAnglesFeedback.lisp)
Linked: (/home/caster/ros_ws/caster/devel/.private/kinova_msgs/share/common-lisp/ros/kinova_msgs/msg/_package_SetFingersPositionFeedback.lisp, /home/caster/ros_ws/caster/devel/share/common-lisp/ros/kinova_msgs/msg/_package_SetFingersPositionFeedback.lisp)
Linked: (/home/caster/ros_ws/caster/devel/.private/kinova_msgs/share/common-lisp/ros/kinova_msgs/msg/SetFingersPositionAction.lisp, /home/caster/ros_ws/caster/devel/share/common-lisp/ros/kinova_msgs/msg/SetFingersPositionAction.lisp)
Linked: (/home/caster/ros_ws/caster/devel/.private/kinova_msgs/share/common-lisp/ros/kinova_msgs/msg/ArmPoseAction.lisp, /home/caster/ros_ws/caster/devel/share/common-lisp/ros/kinova_msgs/msg/ArmPoseAction.lisp)
Linked: (/home/caster/ros_ws/caster/devel/.private/kinova_msgs/share/common-lisp/ros/kinova_msgs/msg/Arm_KinovaPoseActionFeedback.lisp, /home/caster/ros_ws/caster/devel/share/common-lisp/ros/kinova_msgs/msg/Arm_KinovaPoseActionFeedback.lisp)
Linked: (/home/caster/ros_ws/caster/devel/.private/kinova_msgs/share/common-lisp/ros/kinova_msgs/msg/_package_ArmJointAnglesActionGoal.lisp, /home/caster/ros_ws/caster/devel/share/common-lisp/ros/kinova_msgs/msg/_package_ArmJointAnglesActionGoal.lisp)
Linked: (/home/caster/ros_ws/caster/devel/.private/kinova_msgs/share/common-lisp/ros/kinova_msgs/srv/RunCOMParametersEstimation.lisp, /home/caster/ros_ws/caster/devel/share/common-lisp/ros/kinova_msgs/srv/RunCOMParametersEstimation.lisp)
Linked: (/home/caster/ros_ws/caster/devel/.private/kinova_msgs/share/common-lisp/ros/kinova_msgs/srv/ZeroTorques.lisp, /home/caster/ros_ws/caster/devel/share/common-lisp/ros/kinova_msgs/srv/ZeroTorques.lisp)
Linked: (/home/caster/ros_ws/caster/devel/.private/kinova_msgs/share/common-lisp/ros/kinova_msgs/srv/_package_RunCOMParametersEstimation.lisp, /home/caster/ros_ws/caster/devel/share/common-lisp/ros/kinova_msgs/srv/_package_RunCOMParametersEstimation.lisp)
Linked: (/home/caster/ros_ws/caster/devel/.private/kinova_msgs/share/common-lisp/ros/kinova_msgs/srv/_package_AddPoseToCartesianTrajectory.lisp, /home/caster/ros_ws/caster/devel/share/common-lisp/ros/kinova_msgs/srv/_package_AddPoseToCartesianTrajectory.lisp)
Linked: (/home/caster/ros_ws/caster/devel/.private/kinova_msgs/share/common-lisp/ros/kinova_msgs/srv/HomeArm.lisp, /home/caster/ros_ws/caster/devel/share/common-lisp/ros/kinova_msgs/srv/HomeArm.lisp)
Linked: (/home/caster/ros_ws/caster/devel/.private/kinova_msgs/share/common-lisp/ros/kinova_msgs/srv/Start.lisp, /home/caster/ros_ws/caster/devel/share/common-lisp/ros/kinova_msgs/srv/Start.lisp)
Linked: (/home/caster/ros_ws/caster/devel/.private/kinova_msgs/share/common-lisp/ros/kinova_msgs/srv/AddPoseToCartesianTrajectory.lisp, /home/caster/ros_ws/caster/devel/share/common-lisp/ros/kinova_msgs/srv/AddPoseToCartesianTrajectory.lisp)
Linked: (/home/caster/ros_ws/caster/devel/.private/kinova_msgs/share/common-lisp/ros/kinova_msgs/srv/SetNullSpaceModeState.lisp, /home/caster/ros_ws/caster/devel/share/common-lisp/ros/kinova_msgs/srv/SetNullSpaceModeState.lisp)
Linked: (/home/caster/ros_ws/caster/devel/.private/kinova_msgs/share/common-lisp/ros/kinova_msgs/srv/SetTorqueControlParameters.lisp, /home/caster/ros_ws/caster/devel/share/common-lisp/ros/kinova_msgs/srv/SetTorqueControlParameters.lisp)
Linked: (/home/caster/ros_ws/caster/devel/.private/kinova_msgs/share/common-lisp/ros/kinova_msgs/srv/_package_SetTorqueControlMode.lisp, /home/caster/ros_ws/caster/devel/share/common-lisp/ros/kinova_msgs/srv/_package_SetTorqueControlMode.lisp)
Linked: (/home/caster/ros_ws/caster/devel/.private/kinova_msgs/share/common-lisp/ros/kinova_msgs/srv/_package_Start.lisp, /home/caster/ros_ws/caster/devel/share/common-lisp/ros/kinova_msgs/srv/_package_Start.lisp)
Linked: (/home/caster/ros_ws/caster/devel/.private/kinova_msgs/share/common-lisp/ros/kinova_msgs/srv/_package_ZeroTorques.lisp, /home/caster/ros_ws/caster/devel/share/common-lisp/ros/kinova_msgs/srv/_package_ZeroTorques.lisp)
Linked: (/home/caster/ros_ws/caster/devel/.private/kinova_msgs/share/common-lisp/ros/kinova_msgs/srv/_package_SetForceControlParams.lisp, /home/caster/ros_ws/caster/devel/share/common-lisp/ros/kinova_msgs/srv/_package_SetForceControlParams.lisp)
Linked: (/home/caster/ros_ws/caster/devel/.private/kinova_msgs/share/common-lisp/ros/kinova_msgs/srv/SetEndEffectorOffset.lisp, /home/caster/ros_ws/caster/devel/share/common-lisp/ros/kinova_msgs/srv/SetEndEffectorOffset.lisp)
Linked: (/home/caster/ros_ws/caster/devel/.private/kinova_msgs/share/common-lisp/ros/kinova_msgs/srv/kinova_msgs-srv.asd, /home/caster/ros_ws/caster/devel/share/common-lisp/ros/kinova_msgs/srv/kinova_msgs-srv.asd)
Linked: (/home/caster/ros_ws/caster/devel/.private/kinova_msgs/share/common-lisp/ros/kinova_msgs/srv/_package_SetTorqueControlParameters.lisp, /home/caster/ros_ws/caster/devel/share/common-lisp/ros/kinova_msgs/srv/_package_SetTorqueControlParameters.lisp)
Linked: (/home/caster/ros_ws/caster/devel/.private/kinova_msgs/share/common-lisp/ros/kinova_msgs/srv/ClearTrajectories.lisp, /home/caster/ros_ws/caster/devel/share/common-lisp/ros/kinova_msgs/srv/ClearTrajectories.lisp)
Linked: (/home/caster/ros_ws/caster/devel/.private/kinova_msgs/share/common-lisp/ros/kinova_msgs/srv/_package_HomeArm.lisp, /home/caster/ros_ws/caster/devel/share/common-lisp/ros/kinova_msgs/srv/_package_HomeArm.lisp)
Linked: (/home/caster/ros_ws/caster/devel/.private/kinova_msgs/share/common-lisp/ros/kinova_msgs/srv/_package.lisp, /home/caster/ros_ws/caster/devel/share/common-lisp/ros/kinova_msgs/srv/_package.lisp)
Linked: (/home/caster/ros_ws/caster/devel/.private/kinova_msgs/share/common-lisp/ros/kinova_msgs/srv/Stop.lisp, /home/caster/ros_ws/caster/devel/share/common-lisp/ros/kinova_msgs/srv/Stop.lisp)
Linked: (/home/caster/ros_ws/caster/devel/.private/kinova_msgs/share/common-lisp/ros/kinova_msgs/srv/_package_ClearTrajectories.lisp, /home/caster/ros_ws/caster/devel/share/common-lisp/ros/kinova_msgs/srv/_package_ClearTrajectories.lisp)
Linked: (/home/caster/ros_ws/caster/devel/.private/kinova_msgs/share/common-lisp/ros/kinova_msgs/srv/SetForceControlParams.lisp, /home/caster/ros_ws/caster/devel/share/common-lisp/ros/kinova_msgs/srv/SetForceControlParams.lisp)
Linked: (/home/caster/ros_ws/caster/devel/.private/kinova_msgs/share/common-lisp/ros/kinova_msgs/srv/_package_SetEndEffectorOffset.lisp, /home/caster/ros_ws/caster/devel/share/common-lisp/ros/kinova_msgs/srv/_package_SetEndEffectorOffset.lisp)
Linked: (/home/caster/ros_ws/caster/devel/.private/kinova_msgs/share/common-lisp/ros/kinova_msgs/srv/_package_SetNullSpaceModeState.lisp, /home/caster/ros_ws/caster/devel/share/common-lisp/ros/kinova_msgs/srv/_package_SetNullSpaceModeState.lisp)
Linked: (/home/caster/ros_ws/caster/devel/.private/kinova_msgs/share/common-lisp/ros/kinova_msgs/srv/_package_Stop.lisp, /home/caster/ros_ws/caster/devel/share/common-lisp/ros/kinova_msgs/srv/_package_Stop.lisp)
Linked: (/home/caster/ros_ws/caster/devel/.private/kinova_msgs/share/common-lisp/ros/kinova_msgs/srv/SetTorqueControlMode.lisp, /home/caster/ros_ws/caster/devel/share/common-lisp/ros/kinova_msgs/srv/SetTorqueControlMode.lisp)
Linked: (/home/caster/ros_ws/caster/devel/.private/kinova_msgs/share/kinova_msgs/cmake/kinova_msgs-msg-paths.cmake, /home/caster/ros_ws/caster/devel/share/kinova_msgs/cmake/kinova_msgs-msg-paths.cmake)
Linked: (/home/caster/ros_ws/caster/devel/.private/kinova_msgs/share/kinova_msgs/cmake/kinova_msgsConfig-version.cmake, /home/caster/ros_ws/caster/devel/share/kinova_msgs/cmake/kinova_msgsConfig-version.cmake)
Linked: (/home/caster/ros_ws/caster/devel/.private/kinova_msgs/share/kinova_msgs/cmake/kinova_msgs-msg-extras.cmake, /home/caster/ros_ws/caster/devel/share/kinova_msgs/cmake/kinova_msgs-msg-extras.cmake)
Linked: (/home/caster/ros_ws/caster/devel/.private/kinova_msgs/share/kinova_msgs/cmake/kinova_msgsConfig.cmake, /home/caster/ros_ws/caster/devel/share/kinova_msgs/cmake/kinova_msgsConfig.cmake)
Linked: (/home/caster/ros_ws/caster/devel/.private/kinova_msgs/share/kinova_msgs/msg/SetFingersPositionGoal.msg, /home/caster/ros_ws/caster/devel/share/kinova_msgs/msg/SetFingersPositionGoal.msg)
Linked: (/home/caster/ros_ws/caster/devel/.private/kinova_msgs/share/kinova_msgs/msg/Arm_KinovaPoseActionGoal.msg, /home/caster/ros_ws/caster/devel/share/kinova_msgs/msg/Arm_KinovaPoseActionGoal.msg)
Linked: (/home/caster/ros_ws/caster/devel/.private/kinova_msgs/share/kinova_msgs/msg/SetFingersPositionFeedback.msg, /home/caster/ros_ws/caster/devel/share/kinova_msgs/msg/SetFingersPositionFeedback.msg)
Linked: (/home/caster/ros_ws/caster/devel/.private/kinova_msgs/share/kinova_msgs/msg/ArmPoseActionResult.msg, /home/caster/ros_ws/caster/devel/share/kinova_msgs/msg/ArmPoseActionResult.msg)
Linked: (/home/caster/ros_ws/caster/devel/.private/kinova_msgs/share/kinova_msgs/msg/ArmJointAnglesResult.msg, /home/caster/ros_ws/caster/devel/share/kinova_msgs/msg/ArmJointAnglesResult.msg)
Linked: (/home/caster/ros_ws/caster/devel/.private/kinova_msgs/share/kinova_msgs/msg/Arm_KinovaPoseResult.msg, /home/caster/ros_ws/caster/devel/share/kinova_msgs/msg/Arm_KinovaPoseResult.msg)
Linked: (/home/caster/ros_ws/caster/devel/.private/kinova_msgs/share/kinova_msgs/msg/ArmJointAnglesActionFeedback.msg, /home/caster/ros_ws/caster/devel/share/kinova_msgs/msg/ArmJointAnglesActionFeedback.msg)
Linked: (/home/caster/ros_ws/caster/devel/.private/kinova_msgs/share/kinova_msgs/msg/Arm_KinovaPoseGoal.msg, /home/caster/ros_ws/caster/devel/share/kinova_msgs/msg/Arm_KinovaPoseGoal.msg)
Linked: (/home/caster/ros_ws/caster/devel/.private/kinova_msgs/share/kinova_msgs/msg/Arm_KinovaPoseAction.msg, /home/caster/ros_ws/caster/devel/share/kinova_msgs/msg/Arm_KinovaPoseAction.msg)
Linked: (/home/caster/ros_ws/caster/devel/.private/kinova_msgs/share/kinova_msgs/msg/ArmPoseAction.msg, /home/caster/ros_ws/caster/devel/share/kinova_msgs/msg/ArmPoseAction.msg)
Linked: (/home/caster/ros_ws/caster/devel/.private/kinova_msgs/share/kinova_msgs/msg/ArmJointAnglesActionResult.msg, /home/caster/ros_ws/caster/devel/share/kinova_msgs/msg/ArmJointAnglesActionResult.msg)
Linked: (/home/caster/ros_ws/caster/devel/.private/kinova_msgs/share/kinova_msgs/msg/SetFingersPositionActionGoal.msg, /home/caster/ros_ws/caster/devel/share/kinova_msgs/msg/SetFingersPositionActionGoal.msg)
Linked: (/home/caster/ros_ws/caster/devel/.private/kinova_msgs/share/kinova_msgs/msg/ArmPoseActionGoal.msg, /home/caster/ros_ws/caster/devel/share/kinova_msgs/msg/ArmPoseActionGoal.msg)
Linked: (/home/caster/ros_ws/caster/devel/.private/kinova_msgs/share/kinova_msgs/msg/SetFingersPositionAction.msg, /home/caster/ros_ws/caster/devel/share/kinova_msgs/msg/SetFingersPositionAction.msg)
Linked: (/home/caster/ros_ws/caster/devel/.private/kinova_msgs/share/kinova_msgs/msg/ArmPoseFeedback.msg, /home/caster/ros_ws/caster/devel/share/kinova_msgs/msg/ArmPoseFeedback.msg)
Linked: (/home/caster/ros_ws/caster/devel/.private/kinova_msgs/share/kinova_msgs/msg/Arm_KinovaPoseActionFeedback.msg, /home/caster/ros_ws/caster/devel/share/kinova_msgs/msg/Arm_KinovaPoseActionFeedback.msg)
Linked: (/home/caster/ros_ws/caster/devel/.private/kinova_msgs/share/kinova_msgs/msg/SetFingersPositionActionResult.msg, /home/caster/ros_ws/caster/devel/share/kinova_msgs/msg/SetFingersPositionActionResult.msg)
Linked: (/home/caster/ros_ws/caster/devel/.private/kinova_msgs/share/kinova_msgs/msg/SetFingersPositionResult.msg, /home/caster/ros_ws/caster/devel/share/kinova_msgs/msg/SetFingersPositionResult.msg)
Linked: (/home/caster/ros_ws/caster/devel/.private/kinova_msgs/share/kinova_msgs/msg/ArmJointAnglesFeedback.msg, /home/caster/ros_ws/caster/devel/share/kinova_msgs/msg/ArmJointAnglesFeedback.msg)
Linked: (/home/caster/ros_ws/caster/devel/.private/kinova_msgs/share/kinova_msgs/msg/Arm_KinovaPoseFeedback.msg, /home/caster/ros_ws/caster/devel/share/kinova_msgs/msg/Arm_KinovaPoseFeedback.msg)
Linked: (/home/caster/ros_ws/caster/devel/.private/kinova_msgs/share/kinova_msgs/msg/ArmJointAnglesActionGoal.msg, /home/caster/ros_ws/caster/devel/share/kinova_msgs/msg/ArmJointAnglesActionGoal.msg)
Linked: (/home/caster/ros_ws/caster/devel/.private/kinova_msgs/share/kinova_msgs/msg/ArmPoseResult.msg, /home/caster/ros_ws/caster/devel/share/kinova_msgs/msg/ArmPoseResult.msg)
Linked: (/home/caster/ros_ws/caster/devel/.private/kinova_msgs/share/kinova_msgs/msg/SetFingersPositionActionFeedback.msg, /home/caster/ros_ws/caster/devel/share/kinova_msgs/msg/SetFingersPositionActionFeedback.msg)
Linked: (/home/caster/ros_ws/caster/devel/.private/kinova_msgs/share/kinova_msgs/msg/ArmPoseActionFeedback.msg, /home/caster/ros_ws/caster/devel/share/kinova_msgs/msg/ArmPoseActionFeedback.msg)
Linked: (/home/caster/ros_ws/caster/devel/.private/kinova_msgs/share/kinova_msgs/msg/Arm_KinovaPoseActionResult.msg, /home/caster/ros_ws/caster/devel/share/kinova_msgs/msg/Arm_KinovaPoseActionResult.msg)
Linked: (/home/caster/ros_ws/caster/devel/.private/kinova_msgs/share/kinova_msgs/msg/ArmJointAnglesGoal.msg, /home/caster/ros_ws/caster/devel/share/kinova_msgs/msg/ArmJointAnglesGoal.msg)
Linked: (/home/caster/ros_ws/caster/devel/.private/kinova_msgs/share/kinova_msgs/msg/ArmJointAnglesAction.msg, /home/caster/ros_ws/caster/devel/share/kinova_msgs/msg/ArmJointAnglesAction.msg)
Linked: (/home/caster/ros_ws/caster/devel/.private/kinova_msgs/share/kinova_msgs/msg/ArmPoseGoal.msg, /home/caster/ros_ws/caster/devel/share/kinova_msgs/msg/ArmPoseGoal.msg)
Linked: (/home/caster/ros_ws/caster/devel/.private/kinova_msgs/share/roseus/ros/kinova_msgs/manifest.l, /home/caster/ros_ws/caster/devel/share/roseus/ros/kinova_msgs/manifest.l)
Linked: (/home/caster/ros_ws/caster/devel/.private/kinova_msgs/share/roseus/ros/kinova_msgs/msg/ArmPoseActionResult.l, /home/caster/ros_ws/caster/devel/share/roseus/ros/kinova_msgs/msg/ArmPoseActionResult.l)
Linked: (/home/caster/ros_ws/caster/devel/.private/kinova_msgs/share/roseus/ros/kinova_msgs/msg/ArmPoseResult.l, /home/caster/ros_ws/caster/devel/share/roseus/ros/kinova_msgs/msg/ArmPoseResult.l)
Linked: (/home/caster/ros_ws/caster/devel/.private/kinova_msgs/share/roseus/ros/kinova_msgs/msg/JointTorque.l, /home/caster/ros_ws/caster/devel/share/roseus/ros/kinova_msgs/msg/JointTorque.l)
Linked: (/home/caster/ros_ws/caster/devel/.private/kinova_msgs/share/roseus/ros/kinova_msgs/msg/ArmJointAnglesActionGoal.l, /home/caster/ros_ws/caster/devel/share/roseus/ros/kinova_msgs/msg/ArmJointAnglesActionGoal.l)
Linked: (/home/caster/ros_ws/caster/devel/.private/kinova_msgs/share/roseus/ros/kinova_msgs/msg/Arm_KinovaPoseActionGoal.l, /home/caster/ros_ws/caster/devel/share/roseus/ros/kinova_msgs/msg/Arm_KinovaPoseActionGoal.l)
Linked: (/home/caster/ros_ws/caster/devel/.private/kinova_msgs/share/roseus/ros/kinova_msgs/msg/ArmJointAnglesGoal.l, /home/caster/ros_ws/caster/devel/share/roseus/ros/kinova_msgs/msg/ArmJointAnglesGoal.l)
Linked: (/home/caster/ros_ws/caster/devel/.private/kinova_msgs/share/roseus/ros/kinova_msgs/msg/SetFingersPositionFeedback.l, /home/caster/ros_ws/caster/devel/share/roseus/ros/kinova_msgs/msg/SetFingersPositionFeedback.l)
Linked: (/home/caster/ros_ws/caster/devel/.private/kinova_msgs/share/roseus/ros/kinova_msgs/msg/JointAngles.l, /home/caster/ros_ws/caster/devel/share/roseus/ros/kinova_msgs/msg/JointAngles.l)
Linked: (/home/caster/ros_ws/caster/devel/.private/kinova_msgs/share/roseus/ros/kinova_msgs/msg/SetFingersPositionActionGoal.l, /home/caster/ros_ws/caster/devel/share/roseus/ros/kinova_msgs/msg/SetFingersPositionActionGoal.l)
Linked: (/home/caster/ros_ws/caster/devel/.private/kinova_msgs/share/roseus/ros/kinova_msgs/msg/ArmJointAnglesActionResult.l, /home/caster/ros_ws/caster/devel/share/roseus/ros/kinova_msgs/msg/ArmJointAnglesActionResult.l)
Linked: (/home/caster/ros_ws/caster/devel/.private/kinova_msgs/share/roseus/ros/kinova_msgs/msg/ArmPoseFeedback.l, /home/caster/ros_ws/caster/devel/share/roseus/ros/kinova_msgs/msg/ArmPoseFeedback.l)
Linked: (/home/caster/ros_ws/caster/devel/.private/kinova_msgs/share/roseus/ros/kinova_msgs/msg/ArmPoseActionGoal.l, /home/caster/ros_ws/caster/devel/share/roseus/ros/kinova_msgs/msg/ArmPoseActionGoal.l)
Linked: (/home/caster/ros_ws/caster/devel/.private/kinova_msgs/share/roseus/ros/kinova_msgs/msg/Arm_KinovaPoseAction.l, /home/caster/ros_ws/caster/devel/share/roseus/ros/kinova_msgs/msg/Arm_KinovaPoseAction.l)
Linked: (/home/caster/ros_ws/caster/devel/.private/kinova_msgs/share/roseus/ros/kinova_msgs/msg/ArmJointAnglesFeedback.l, /home/caster/ros_ws/caster/devel/share/roseus/ros/kinova_msgs/msg/ArmJointAnglesFeedback.l)
Linked: (/home/caster/ros_ws/caster/devel/.private/kinova_msgs/share/roseus/ros/kinova_msgs/msg/SetFingersPositionAction.l, /home/caster/ros_ws/caster/devel/share/roseus/ros/kinova_msgs/msg/SetFingersPositionAction.l)
Linked: (/home/caster/ros_ws/caster/devel/.private/kinova_msgs/share/roseus/ros/kinova_msgs/msg/ArmPoseActionFeedback.l, /home/caster/ros_ws/caster/devel/share/roseus/ros/kinova_msgs/msg/ArmPoseActionFeedback.l)
Linked: (/home/caster/ros_ws/caster/devel/.private/kinova_msgs/share/roseus/ros/kinova_msgs/msg/SetFingersPositionActionFeedback.l, /home/caster/ros_ws/caster/devel/share/roseus/ros/kinova_msgs/msg/SetFingersPositionActionFeedback.l)
Linked: (/home/caster/ros_ws/caster/devel/.private/kinova_msgs/share/roseus/ros/kinova_msgs/msg/FingerPosition.l, /home/caster/ros_ws/caster/devel/share/roseus/ros/kinova_msgs/msg/FingerPosition.l)
Linked: (/home/caster/ros_ws/caster/devel/.private/kinova_msgs/share/roseus/ros/kinova_msgs/msg/SetFingersPositionActionResult.l, /home/caster/ros_ws/caster/devel/share/roseus/ros/kinova_msgs/msg/SetFingersPositionActionResult.l)
Linked: (/home/caster/ros_ws/caster/devel/.private/kinova_msgs/share/roseus/ros/kinova_msgs/msg/ArmJointAnglesAction.l, /home/caster/ros_ws/caster/devel/share/roseus/ros/kinova_msgs/msg/ArmJointAnglesAction.l)
Linked: (/home/caster/ros_ws/caster/devel/.private/kinova_msgs/share/roseus/ros/kinova_msgs/msg/Arm_KinovaPoseActionResult.l, /home/caster/ros_ws/caster/devel/share/roseus/ros/kinova_msgs/msg/Arm_KinovaPoseActionResult.l)
Linked: (/home/caster/ros_ws/caster/devel/.private/kinova_msgs/share/roseus/ros/kinova_msgs/msg/Arm_KinovaPoseGoal.l, /home/caster/ros_ws/caster/devel/share/roseus/ros/kinova_msgs/msg/Arm_KinovaPoseGoal.l)
Linked: (/home/caster/ros_ws/caster/devel/.private/kinova_msgs/share/roseus/ros/kinova_msgs/msg/SetFingersPositionGoal.l, /home/caster/ros_ws/caster/devel/share/roseus/ros/kinova_msgs/msg/SetFingersPositionGoal.l)
Linked: (/home/caster/ros_ws/caster/devel/.private/kinova_msgs/share/roseus/ros/kinova_msgs/msg/PoseVelocity.l, /home/caster/ros_ws/caster/devel/share/roseus/ros/kinova_msgs/msg/PoseVelocity.l)
Linked: (/home/caster/ros_ws/caster/devel/.private/kinova_msgs/share/roseus/ros/kinova_msgs/msg/ArmPoseAction.l, /home/caster/ros_ws/caster/devel/share/roseus/ros/kinova_msgs/msg/ArmPoseAction.l)
Linked: (/home/caster/ros_ws/caster/devel/.private/kinova_msgs/share/roseus/ros/kinova_msgs/msg/Arm_KinovaPoseResult.l, /home/caster/ros_ws/caster/devel/share/roseus/ros/kinova_msgs/msg/Arm_KinovaPoseResult.l)
Linked: (/home/caster/ros_ws/caster/devel/.private/kinova_msgs/share/roseus/ros/kinova_msgs/msg/ArmJointAnglesActionFeedback.l, /home/caster/ros_ws/caster/devel/share/roseus/ros/kinova_msgs/msg/ArmJointAnglesActionFeedback.l)
Linked: (/home/caster/ros_ws/caster/devel/.private/kinova_msgs/share/roseus/ros/kinova_msgs/msg/Arm_KinovaPoseFeedback.l, /home/caster/ros_ws/caster/devel/share/roseus/ros/kinova_msgs/msg/Arm_KinovaPoseFeedback.l)
Linked: (/home/caster/ros_ws/caster/devel/.private/kinova_msgs/share/roseus/ros/kinova_msgs/msg/ArmPoseGoal.l, /home/caster/ros_ws/caster/devel/share/roseus/ros/kinova_msgs/msg/ArmPoseGoal.l)
Linked: (/home/caster/ros_ws/caster/devel/.private/kinova_msgs/share/roseus/ros/kinova_msgs/msg/Arm_KinovaPoseActionFeedback.l, /home/caster/ros_ws/caster/devel/share/roseus/ros/kinova_msgs/msg/Arm_KinovaPoseActionFeedback.l)
Linked: (/home/caster/ros_ws/caster/devel/.private/kinova_msgs/share/roseus/ros/kinova_msgs/msg/CartesianForce.l, /home/caster/ros_ws/caster/devel/share/roseus/ros/kinova_msgs/msg/CartesianForce.l)
Linked: (/home/caster/ros_ws/caster/devel/.private/kinova_msgs/share/roseus/ros/kinova_msgs/msg/JointVelocity.l, /home/caster/ros_ws/caster/devel/share/roseus/ros/kinova_msgs/msg/JointVelocity.l)
Linked: (/home/caster/ros_ws/caster/devel/.private/kinova_msgs/share/roseus/ros/kinova_msgs/msg/KinovaPose.l, /home/caster/ros_ws/caster/devel/share/roseus/ros/kinova_msgs/msg/KinovaPose.l)
Linked: (/home/caster/ros_ws/caster/devel/.private/kinova_msgs/share/roseus/ros/kinova_msgs/msg/ArmJointAnglesResult.l, /home/caster/ros_ws/caster/devel/share/roseus/ros/kinova_msgs/msg/ArmJointAnglesResult.l)
Linked: (/home/caster/ros_ws/caster/devel/.private/kinova_msgs/share/roseus/ros/kinova_msgs/msg/SetFingersPositionResult.l, /home/caster/ros_ws/caster/devel/share/roseus/ros/kinova_msgs/msg/SetFingersPositionResult.l)
Linked: (/home/caster/ros_ws/caster/devel/.private/kinova_msgs/share/roseus/ros/kinova_msgs/srv/Start.l, /home/caster/ros_ws/caster/devel/share/roseus/ros/kinova_msgs/srv/Start.l)
Linked: (/home/caster/ros_ws/caster/devel/.private/kinova_msgs/share/roseus/ros/kinova_msgs/srv/SetForceControlParams.l, /home/caster/ros_ws/caster/devel/share/roseus/ros/kinova_msgs/srv/SetForceControlParams.l)
Linked: (/home/caster/ros_ws/caster/devel/.private/kinova_msgs/share/roseus/ros/kinova_msgs/srv/SetTorqueControlParameters.l, /home/caster/ros_ws/caster/devel/share/roseus/ros/kinova_msgs/srv/SetTorqueControlParameters.l)
Linked: (/home/caster/ros_ws/caster/devel/.private/kinova_msgs/share/roseus/ros/kinova_msgs/srv/SetEndEffectorOffset.l, /home/caster/ros_ws/caster/devel/share/roseus/ros/kinova_msgs/srv/SetEndEffectorOffset.l)
Linked: (/home/caster/ros_ws/caster/devel/.private/kinova_msgs/share/roseus/ros/kinova_msgs/srv/ClearTrajectories.l, /home/caster/ros_ws/caster/devel/share/roseus/ros/kinova_msgs/srv/ClearTrajectories.l)
Linked: (/home/caster/ros_ws/caster/devel/.private/kinova_msgs/share/roseus/ros/kinova_msgs/srv/HomeArm.l, /home/caster/ros_ws/caster/devel/share/roseus/ros/kinova_msgs/srv/HomeArm.l)
Linked: (/home/caster/ros_ws/caster/devel/.private/kinova_msgs/share/roseus/ros/kinova_msgs/srv/Stop.l, /home/caster/ros_ws/caster/devel/share/roseus/ros/kinova_msgs/srv/Stop.l)
Linked: (/home/caster/ros_ws/caster/devel/.private/kinova_msgs/share/roseus/ros/kinova_msgs/srv/SetNullSpaceModeState.l, /home/caster/ros_ws/caster/devel/share/roseus/ros/kinova_msgs/srv/SetNullSpaceModeState.l)
Linked: (/home/caster/ros_ws/caster/devel/.private/kinova_msgs/share/roseus/ros/kinova_msgs/srv/SetTorqueControlMode.l, /home/caster/ros_ws/caster/devel/share/roseus/ros/kinova_msgs/srv/SetTorqueControlMode.l)
Linked: (/home/caster/ros_ws/caster/devel/.private/kinova_msgs/share/roseus/ros/kinova_msgs/srv/RunCOMParametersEstimation.l, /home/caster/ros_ws/caster/devel/share/roseus/ros/kinova_msgs/srv/RunCOMParametersEstimation.l)
Linked: (/home/caster/ros_ws/caster/devel/.private/kinova_msgs/share/roseus/ros/kinova_msgs/srv/ZeroTorques.l, /home/caster/ros_ws/caster/devel/share/roseus/ros/kinova_msgs/srv/ZeroTorques.l)
Linked: (/home/caster/ros_ws/caster/devel/.private/kinova_msgs/share/roseus/ros/kinova_msgs/srv/AddPoseToCartesianTrajectory.l, /home/caster/ros_ws/caster/devel/share/roseus/ros/kinova_msgs/srv/AddPoseToCartesianTrajectory.l)
