Symlinking /home/caster/ros_ws/caster/devel/lib/pkgconfig/kinova_msgs.pc
Symlinking /home/caster/ros_ws/caster/devel/lib/python2.7/dist-packages/kinova_msgs/__init__.py
Symlinking /home/caster/ros_ws/caster/devel/lib/python2.7/dist-packages/kinova_msgs/msg/_SetFingersPositionAction.py
Symlinking /home/caster/ros_ws/caster/devel/lib/python2.7/dist-packages/kinova_msgs/msg/_Arm_KinovaPoseFeedback.py
Symlinking /home/caster/ros_ws/caster/devel/lib/python2.7/dist-packages/kinova_msgs/msg/_JointVelocity.py
Symlinking /home/caster/ros_ws/caster/devel/lib/python2.7/dist-packages/kinova_msgs/msg/_SetFingersPositionResult.py
Symlinking /home/caster/ros_ws/caster/devel/lib/python2.7/dist-packages/kinova_msgs/msg/__init__.py
Symlinking /home/caster/ros_ws/caster/devel/lib/python2.7/dist-packages/kinova_msgs/msg/_Arm_KinovaPoseActionFeedback.py
Symlinking /home/caster/ros_ws/caster/devel/lib/python2.7/dist-packages/kinova_msgs/msg/_CartesianForce.py
Symlinking /home/caster/ros_ws/caster/devel/lib/python2.7/dist-packages/kinova_msgs/msg/_ArmJointAnglesResult.py
Symlinking /home/caster/ros_ws/caster/devel/lib/python2.7/dist-packages/kinova_msgs/msg/_Arm_KinovaPoseActionGoal.py
Symlinking /home/caster/ros_ws/caster/devel/lib/python2.7/dist-packages/kinova_msgs/msg/_PoseVelocity.py
Symlinking /home/caster/ros_ws/caster/devel/lib/python2.7/dist-packages/kinova_msgs/msg/_ArmJointAnglesActionResult.py
Symlinking /home/caster/ros_ws/caster/devel/lib/python2.7/dist-packages/kinova_msgs/msg/_ArmJointAnglesGoal.py
Symlinking /home/caster/ros_ws/caster/devel/lib/python2.7/dist-packages/kinova_msgs/msg/_FingerPosition.py
Symlinking /home/caster/ros_ws/caster/devel/lib/python2.7/dist-packages/kinova_msgs/msg/_ArmPoseActionResult.py
Symlinking /home/caster/ros_ws/caster/devel/lib/python2.7/dist-packages/kinova_msgs/msg/_KinovaPose.py
Symlinking /home/caster/ros_ws/caster/devel/lib/python2.7/dist-packages/kinova_msgs/msg/_SetFingersPositionGoal.py
Symlinking /home/caster/ros_ws/caster/devel/lib/python2.7/dist-packages/kinova_msgs/msg/_Arm_KinovaPoseGoal.py
Symlinking /home/caster/ros_ws/caster/devel/lib/python2.7/dist-packages/kinova_msgs/msg/_ArmPoseGoal.py
Symlinking /home/caster/ros_ws/caster/devel/lib/python2.7/dist-packages/kinova_msgs/msg/_Arm_KinovaPoseAction.py
Symlinking /home/caster/ros_ws/caster/devel/lib/python2.7/dist-packages/kinova_msgs/msg/_ArmJointAnglesFeedback.py
Symlinking /home/caster/ros_ws/caster/devel/lib/python2.7/dist-packages/kinova_msgs/msg/_ArmPoseActionGoal.py
Symlinking /home/caster/ros_ws/caster/devel/lib/python2.7/dist-packages/kinova_msgs/msg/_ArmPoseActionFeedback.py
Symlinking /home/caster/ros_ws/caster/devel/lib/python2.7/dist-packages/kinova_msgs/msg/_SetFingersPositionActionFeedback.py
Symlinking /home/caster/ros_ws/caster/devel/lib/python2.7/dist-packages/kinova_msgs/msg/_Arm_KinovaPoseResult.py
Symlinking /home/caster/ros_ws/caster/devel/lib/python2.7/dist-packages/kinova_msgs/msg/_JointTorque.py
Symlinking /home/caster/ros_ws/caster/devel/lib/python2.7/dist-packages/kinova_msgs/msg/_ArmJointAnglesActionFeedback.py
Symlinking /home/caster/ros_ws/caster/devel/lib/python2.7/dist-packages/kinova_msgs/msg/_SetFingersPositionActionGoal.py
Symlinking /home/caster/ros_ws/caster/devel/lib/python2.7/dist-packages/kinova_msgs/msg/_SetFingersPositionActionResult.py
Symlinking /home/caster/ros_ws/caster/devel/lib/python2.7/dist-packages/kinova_msgs/msg/_Arm_KinovaPoseActionResult.py
Symlinking /home/caster/ros_ws/caster/devel/lib/python2.7/dist-packages/kinova_msgs/msg/_JointAngles.py
Symlinking /home/caster/ros_ws/caster/devel/lib/python2.7/dist-packages/kinova_msgs/msg/_ArmPoseResult.py
Symlinking /home/caster/ros_ws/caster/devel/lib/python2.7/dist-packages/kinova_msgs/msg/_ArmPoseAction.py
Symlinking /home/caster/ros_ws/caster/devel/lib/python2.7/dist-packages/kinova_msgs/msg/_ArmPoseFeedback.py
Symlinking /home/caster/ros_ws/caster/devel/lib/python2.7/dist-packages/kinova_msgs/msg/_ArmJointAnglesActionGoal.py
Symlinking /home/caster/ros_ws/caster/devel/lib/python2.7/dist-packages/kinova_msgs/msg/_ArmJointAnglesAction.py
Symlinking /home/caster/ros_ws/caster/devel/lib/python2.7/dist-packages/kinova_msgs/msg/_SetFingersPositionFeedback.py
Symlinking /home/caster/ros_ws/caster/devel/lib/python2.7/dist-packages/kinova_msgs/srv/_SetNullSpaceModeState.py
Symlinking /home/caster/ros_ws/caster/devel/lib/python2.7/dist-packages/kinova_msgs/srv/__init__.py
Symlinking /home/caster/ros_ws/caster/devel/lib/python2.7/dist-packages/kinova_msgs/srv/_HomeArm.py
Symlinking /home/caster/ros_ws/caster/devel/lib/python2.7/dist-packages/kinova_msgs/srv/_ClearTrajectories.py
Symlinking /home/caster/ros_ws/caster/devel/lib/python2.7/dist-packages/kinova_msgs/srv/_SetForceControlParams.py
Symlinking /home/caster/ros_ws/caster/devel/lib/python2.7/dist-packages/kinova_msgs/srv/_SetTorqueControlParameters.py
Symlinking /home/caster/ros_ws/caster/devel/lib/python2.7/dist-packages/kinova_msgs/srv/_ZeroTorques.py
Symlinking /home/caster/ros_ws/caster/devel/lib/python2.7/dist-packages/kinova_msgs/srv/_Stop.py
Symlinking /home/caster/ros_ws/caster/devel/lib/python2.7/dist-packages/kinova_msgs/srv/_AddPoseToCartesianTrajectory.py
Symlinking /home/caster/ros_ws/caster/devel/lib/python2.7/dist-packages/kinova_msgs/srv/_RunCOMParametersEstimation.py
Symlinking /home/caster/ros_ws/caster/devel/lib/python2.7/dist-packages/kinova_msgs/srv/_SetEndEffectorOffset.py
Symlinking /home/caster/ros_ws/caster/devel/lib/python2.7/dist-packages/kinova_msgs/srv/_SetTorqueControlMode.py
Symlinking /home/caster/ros_ws/caster/devel/lib/python2.7/dist-packages/kinova_msgs/srv/_Start.py
Symlinking /home/caster/ros_ws/caster/devel/include/kinova_msgs/ArmJointAnglesFeedback.h
Symlinking /home/caster/ros_ws/caster/devel/include/kinova_msgs/SetTorqueControlMode.h
Symlinking /home/caster/ros_ws/caster/devel/include/kinova_msgs/SetNullSpaceModeStateResponse.h
Symlinking /home/caster/ros_ws/caster/devel/include/kinova_msgs/ArmJointAnglesActionGoal.h
Symlinking /home/caster/ros_ws/caster/devel/include/kinova_msgs/Arm_KinovaPoseActionFeedback.h
Symlinking /home/caster/ros_ws/caster/devel/include/kinova_msgs/ZeroTorques.h
Symlinking /home/caster/ros_ws/caster/devel/include/kinova_msgs/AddPoseToCartesianTrajectory.h
Symlinking /home/caster/ros_ws/caster/devel/include/kinova_msgs/SetFingersPositionActionResult.h
Symlinking /home/caster/ros_ws/caster/devel/include/kinova_msgs/ArmPoseFeedback.h
Symlinking /home/caster/ros_ws/caster/devel/include/kinova_msgs/ArmJointAnglesAction.h
Symlinking /home/caster/ros_ws/caster/devel/include/kinova_msgs/Stop.h
Symlinking /home/caster/ros_ws/caster/devel/include/kinova_msgs/SetTorqueControlParametersRequest.h
Symlinking /home/caster/ros_ws/caster/devel/include/kinova_msgs/ArmPoseActionGoal.h
Symlinking /home/caster/ros_ws/caster/devel/include/kinova_msgs/SetFingersPositionGoal.h
Symlinking /home/caster/ros_ws/caster/devel/include/kinova_msgs/ArmPoseAction.h
Symlinking /home/caster/ros_ws/caster/devel/include/kinova_msgs/SetFingersPositionResult.h
Symlinking /home/caster/ros_ws/caster/devel/include/kinova_msgs/SetNullSpaceModeStateRequest.h
Symlinking /home/caster/ros_ws/caster/devel/include/kinova_msgs/Arm_KinovaPoseResult.h
Symlinking /home/caster/ros_ws/caster/devel/include/kinova_msgs/KinovaPose.h
Symlinking /home/caster/ros_ws/caster/devel/include/kinova_msgs/ArmPoseResult.h
Symlinking /home/caster/ros_ws/caster/devel/include/kinova_msgs/JointVelocity.h
Symlinking /home/caster/ros_ws/caster/devel/include/kinova_msgs/HomeArmResponse.h
Symlinking /home/caster/ros_ws/caster/devel/include/kinova_msgs/SetEndEffectorOffsetResponse.h
Symlinking /home/caster/ros_ws/caster/devel/include/kinova_msgs/ZeroTorquesRequest.h
Symlinking /home/caster/ros_ws/caster/devel/include/kinova_msgs/JointTorque.h
Symlinking /home/caster/ros_ws/caster/devel/include/kinova_msgs/RunCOMParametersEstimation.h
Symlinking /home/caster/ros_ws/caster/devel/include/kinova_msgs/AddPoseToCartesianTrajectoryResponse.h
Symlinking /home/caster/ros_ws/caster/devel/include/kinova_msgs/StopResponse.h
Symlinking /home/caster/ros_ws/caster/devel/include/kinova_msgs/SetForceControlParamsResponse.h
Symlinking /home/caster/ros_ws/caster/devel/include/kinova_msgs/SetFingersPositionActionFeedback.h
Symlinking /home/caster/ros_ws/caster/devel/include/kinova_msgs/Arm_KinovaPoseFeedback.h
Symlinking /home/caster/ros_ws/caster/devel/include/kinova_msgs/RunCOMParametersEstimationRequest.h
Symlinking /home/caster/ros_ws/caster/devel/include/kinova_msgs/StartRequest.h
Symlinking /home/caster/ros_ws/caster/devel/include/kinova_msgs/SetTorqueControlModeRequest.h
Symlinking /home/caster/ros_ws/caster/devel/include/kinova_msgs/ClearTrajectoriesRequest.h
Symlinking /home/caster/ros_ws/caster/devel/include/kinova_msgs/ClearTrajectoriesResponse.h
Symlinking /home/caster/ros_ws/caster/devel/include/kinova_msgs/ArmPoseActionFeedback.h
Symlinking /home/caster/ros_ws/caster/devel/include/kinova_msgs/Arm_KinovaPoseAction.h
Symlinking /home/caster/ros_ws/caster/devel/include/kinova_msgs/SetTorqueControlParameters.h
Symlinking /home/caster/ros_ws/caster/devel/include/kinova_msgs/ArmJointAnglesGoal.h
Symlinking /home/caster/ros_ws/caster/devel/include/kinova_msgs/SetFingersPositionActionGoal.h
Symlinking /home/caster/ros_ws/caster/devel/include/kinova_msgs/Arm_KinovaPoseActionResult.h
Symlinking /home/caster/ros_ws/caster/devel/include/kinova_msgs/SetNullSpaceModeState.h
Symlinking /home/caster/ros_ws/caster/devel/include/kinova_msgs/SetFingersPositionAction.h
Symlinking /home/caster/ros_ws/caster/devel/include/kinova_msgs/SetForceControlParamsRequest.h
Symlinking /home/caster/ros_ws/caster/devel/include/kinova_msgs/Arm_KinovaPoseActionGoal.h
Symlinking /home/caster/ros_ws/caster/devel/include/kinova_msgs/HomeArmRequest.h
Symlinking /home/caster/ros_ws/caster/devel/include/kinova_msgs/StopRequest.h
Symlinking /home/caster/ros_ws/caster/devel/include/kinova_msgs/SetFingersPositionFeedback.h
Symlinking /home/caster/ros_ws/caster/devel/include/kinova_msgs/SetTorqueControlModeResponse.h
Symlinking /home/caster/ros_ws/caster/devel/include/kinova_msgs/SetTorqueControlParametersResponse.h
Symlinking /home/caster/ros_ws/caster/devel/include/kinova_msgs/ClearTrajectories.h
Symlinking /home/caster/ros_ws/caster/devel/include/kinova_msgs/SetForceControlParams.h
Symlinking /home/caster/ros_ws/caster/devel/include/kinova_msgs/ArmJointAnglesResult.h
Symlinking /home/caster/ros_ws/caster/devel/include/kinova_msgs/StartResponse.h
Symlinking /home/caster/ros_ws/caster/devel/include/kinova_msgs/AddPoseToCartesianTrajectoryRequest.h
Symlinking /home/caster/ros_ws/caster/devel/include/kinova_msgs/Arm_KinovaPoseGoal.h
Symlinking /home/caster/ros_ws/caster/devel/include/kinova_msgs/CartesianForce.h
Symlinking /home/caster/ros_ws/caster/devel/include/kinova_msgs/Start.h
Symlinking /home/caster/ros_ws/caster/devel/include/kinova_msgs/FingerPosition.h
Symlinking /home/caster/ros_ws/caster/devel/include/kinova_msgs/ArmJointAnglesActionFeedback.h
Symlinking /home/caster/ros_ws/caster/devel/include/kinova_msgs/RunCOMParametersEstimationResponse.h
Symlinking /home/caster/ros_ws/caster/devel/include/kinova_msgs/ArmPoseActionResult.h
Symlinking /home/caster/ros_ws/caster/devel/include/kinova_msgs/SetEndEffectorOffset.h
Symlinking /home/caster/ros_ws/caster/devel/include/kinova_msgs/ArmPoseGoal.h
Symlinking /home/caster/ros_ws/caster/devel/include/kinova_msgs/ZeroTorquesResponse.h
Symlinking /home/caster/ros_ws/caster/devel/include/kinova_msgs/PoseVelocity.h
Symlinking /home/caster/ros_ws/caster/devel/include/kinova_msgs/HomeArm.h
Symlinking /home/caster/ros_ws/caster/devel/include/kinova_msgs/ArmJointAnglesActionResult.h
Symlinking /home/caster/ros_ws/caster/devel/include/kinova_msgs/SetEndEffectorOffsetRequest.h
Symlinking /home/caster/ros_ws/caster/devel/include/kinova_msgs/JointAngles.h
Symlinking /home/caster/ros_ws/caster/devel/share/gennodejs/ros/kinova_msgs/_index.js
Symlinking /home/caster/ros_ws/caster/devel/share/gennodejs/ros/kinova_msgs/msg/_index.js
Symlinking /home/caster/ros_ws/caster/devel/share/gennodejs/ros/kinova_msgs/msg/KinovaPose.js
Symlinking /home/caster/ros_ws/caster/devel/share/gennodejs/ros/kinova_msgs/msg/ArmJointAnglesActionResult.js
Symlinking /home/caster/ros_ws/caster/devel/share/gennodejs/ros/kinova_msgs/msg/SetFingersPositionGoal.js
Symlinking /home/caster/ros_ws/caster/devel/share/gennodejs/ros/kinova_msgs/msg/Arm_KinovaPoseResult.js
Symlinking /home/caster/ros_ws/caster/devel/share/gennodejs/ros/kinova_msgs/msg/ArmJointAnglesFeedback.js
Symlinking /home/caster/ros_ws/caster/devel/share/gennodejs/ros/kinova_msgs/msg/CartesianForce.js
Symlinking /home/caster/ros_ws/caster/devel/share/gennodejs/ros/kinova_msgs/msg/ArmJointAnglesAction.js
Symlinking /home/caster/ros_ws/caster/devel/share/gennodejs/ros/kinova_msgs/msg/JointAngles.js
Symlinking /home/caster/ros_ws/caster/devel/share/gennodejs/ros/kinova_msgs/msg/SetFingersPositionAction.js
Symlinking /home/caster/ros_ws/caster/devel/share/gennodejs/ros/kinova_msgs/msg/FingerPosition.js
Symlinking /home/caster/ros_ws/caster/devel/share/gennodejs/ros/kinova_msgs/msg/Arm_KinovaPoseAction.js
Symlinking /home/caster/ros_ws/caster/devel/share/gennodejs/ros/kinova_msgs/msg/ArmJointAnglesActionGoal.js
Symlinking /home/caster/ros_ws/caster/devel/share/gennodejs/ros/kinova_msgs/msg/JointVelocity.js
Symlinking /home/caster/ros_ws/caster/devel/share/gennodejs/ros/kinova_msgs/msg/ArmPoseActionGoal.js
Symlinking /home/caster/ros_ws/caster/devel/share/gennodejs/ros/kinova_msgs/msg/JointTorque.js
Symlinking /home/caster/ros_ws/caster/devel/share/gennodejs/ros/kinova_msgs/msg/ArmPoseResult.js
Symlinking /home/caster/ros_ws/caster/devel/share/gennodejs/ros/kinova_msgs/msg/SetFingersPositionActionResult.js
Symlinking /home/caster/ros_ws/caster/devel/share/gennodejs/ros/kinova_msgs/msg/Arm_KinovaPoseGoal.js
Symlinking /home/caster/ros_ws/caster/devel/share/gennodejs/ros/kinova_msgs/msg/ArmPoseActionFeedback.js
Symlinking /home/caster/ros_ws/caster/devel/share/gennodejs/ros/kinova_msgs/msg/Arm_KinovaPoseActionFeedback.js
Symlinking /home/caster/ros_ws/caster/devel/share/gennodejs/ros/kinova_msgs/msg/SetFingersPositionActionGoal.js
Symlinking /home/caster/ros_ws/caster/devel/share/gennodejs/ros/kinova_msgs/msg/SetFingersPositionResult.js
Symlinking /home/caster/ros_ws/caster/devel/share/gennodejs/ros/kinova_msgs/msg/ArmJointAnglesGoal.js
Symlinking /home/caster/ros_ws/caster/devel/share/gennodejs/ros/kinova_msgs/msg/PoseVelocity.js
Symlinking /home/caster/ros_ws/caster/devel/share/gennodejs/ros/kinova_msgs/msg/ArmJointAnglesActionFeedback.js
Symlinking /home/caster/ros_ws/caster/devel/share/gennodejs/ros/kinova_msgs/msg/SetFingersPositionActionFeedback.js
Symlinking /home/caster/ros_ws/caster/devel/share/gennodejs/ros/kinova_msgs/msg/ArmPoseFeedback.js
Symlinking /home/caster/ros_ws/caster/devel/share/gennodejs/ros/kinova_msgs/msg/ArmPoseAction.js
Symlinking /home/caster/ros_ws/caster/devel/share/gennodejs/ros/kinova_msgs/msg/Arm_KinovaPoseActionGoal.js
Symlinking /home/caster/ros_ws/caster/devel/share/gennodejs/ros/kinova_msgs/msg/SetFingersPositionFeedback.js
Symlinking /home/caster/ros_ws/caster/devel/share/gennodejs/ros/kinova_msgs/msg/ArmPoseActionResult.js
Symlinking /home/caster/ros_ws/caster/devel/share/gennodejs/ros/kinova_msgs/msg/ArmJointAnglesResult.js
Symlinking /home/caster/ros_ws/caster/devel/share/gennodejs/ros/kinova_msgs/msg/ArmPoseGoal.js
Symlinking /home/caster/ros_ws/caster/devel/share/gennodejs/ros/kinova_msgs/msg/Arm_KinovaPoseFeedback.js
Symlinking /home/caster/ros_ws/caster/devel/share/gennodejs/ros/kinova_msgs/msg/Arm_KinovaPoseActionResult.js
Symlinking /home/caster/ros_ws/caster/devel/share/gennodejs/ros/kinova_msgs/srv/_index.js
Symlinking /home/caster/ros_ws/caster/devel/share/gennodejs/ros/kinova_msgs/srv/SetNullSpaceModeState.js
Symlinking /home/caster/ros_ws/caster/devel/share/gennodejs/ros/kinova_msgs/srv/SetEndEffectorOffset.js
Symlinking /home/caster/ros_ws/caster/devel/share/gennodejs/ros/kinova_msgs/srv/ZeroTorques.js
Symlinking /home/caster/ros_ws/caster/devel/share/gennodejs/ros/kinova_msgs/srv/SetForceControlParams.js
Symlinking /home/caster/ros_ws/caster/devel/share/gennodejs/ros/kinova_msgs/srv/SetTorqueControlMode.js
Symlinking /home/caster/ros_ws/caster/devel/share/gennodejs/ros/kinova_msgs/srv/Stop.js
Symlinking /home/caster/ros_ws/caster/devel/share/gennodejs/ros/kinova_msgs/srv/SetTorqueControlParameters.js
Symlinking /home/caster/ros_ws/caster/devel/share/gennodejs/ros/kinova_msgs/srv/RunCOMParametersEstimation.js
Symlinking /home/caster/ros_ws/caster/devel/share/gennodejs/ros/kinova_msgs/srv/ClearTrajectories.js
Symlinking /home/caster/ros_ws/caster/devel/share/gennodejs/ros/kinova_msgs/srv/HomeArm.js
Symlinking /home/caster/ros_ws/caster/devel/share/gennodejs/ros/kinova_msgs/srv/AddPoseToCartesianTrajectory.js
Symlinking /home/caster/ros_ws/caster/devel/share/gennodejs/ros/kinova_msgs/srv/Start.js
Symlinking /home/caster/ros_ws/caster/devel/share/common-lisp/ros/kinova_msgs/msg/Arm_KinovaPoseActionResult.lisp
Symlinking /home/caster/ros_ws/caster/devel/share/common-lisp/ros/kinova_msgs/msg/_package_ArmJointAnglesResult.lisp
Symlinking /home/caster/ros_ws/caster/devel/share/common-lisp/ros/kinova_msgs/msg/_package_ArmPoseGoal.lisp
Symlinking /home/caster/ros_ws/caster/devel/share/common-lisp/ros/kinova_msgs/msg/ArmJointAnglesActionResult.lisp
Symlinking /home/caster/ros_ws/caster/devel/share/common-lisp/ros/kinova_msgs/msg/ArmPoseResult.lisp
Symlinking /home/caster/ros_ws/caster/devel/share/common-lisp/ros/kinova_msgs/msg/Arm_KinovaPoseActionGoal.lisp
Symlinking /home/caster/ros_ws/caster/devel/share/common-lisp/ros/kinova_msgs/msg/JointAngles.lisp
Symlinking /home/caster/ros_ws/caster/devel/share/common-lisp/ros/kinova_msgs/msg/SetFingersPositionResult.lisp
Symlinking /home/caster/ros_ws/caster/devel/share/common-lisp/ros/kinova_msgs/msg/_package_Arm_KinovaPoseAction.lisp
Symlinking /home/caster/ros_ws/caster/devel/share/common-lisp/ros/kinova_msgs/msg/_package_SetFingersPositionActionResult.lisp
Symlinking /home/caster/ros_ws/caster/devel/share/common-lisp/ros/kinova_msgs/msg/_package_ArmJointAnglesActionResult.lisp
Symlinking /home/caster/ros_ws/caster/devel/share/common-lisp/ros/kinova_msgs/msg/SetFingersPositionFeedback.lisp
Symlinking /home/caster/ros_ws/caster/devel/share/common-lisp/ros/kinova_msgs/msg/_package_ArmJointAnglesFeedback.lisp
Symlinking /home/caster/ros_ws/caster/devel/share/common-lisp/ros/kinova_msgs/msg/_package_ArmJointAnglesActionFeedback.lisp
Symlinking /home/caster/ros_ws/caster/devel/share/common-lisp/ros/kinova_msgs/msg/_package_SetFingersPositionResult.lisp
Symlinking /home/caster/ros_ws/caster/devel/share/common-lisp/ros/kinova_msgs/msg/_package_Arm_KinovaPoseActionResult.lisp
Symlinking /home/caster/ros_ws/caster/devel/share/common-lisp/ros/kinova_msgs/msg/Arm_KinovaPoseAction.lisp
Symlinking /home/caster/ros_ws/caster/devel/share/common-lisp/ros/kinova_msgs/msg/_package_ArmJointAnglesGoal.lisp
Symlinking /home/caster/ros_ws/caster/devel/share/common-lisp/ros/kinova_msgs/msg/ArmPoseActionFeedback.lisp
Symlinking /home/caster/ros_ws/caster/devel/share/common-lisp/ros/kinova_msgs/msg/_package_ArmPoseActionFeedback.lisp
Symlinking /home/caster/ros_ws/caster/devel/share/common-lisp/ros/kinova_msgs/msg/SetFingersPositionActionResult.lisp
Symlinking /home/caster/ros_ws/caster/devel/share/common-lisp/ros/kinova_msgs/msg/_package_Arm_KinovaPoseFeedback.lisp
Symlinking /home/caster/ros_ws/caster/devel/share/common-lisp/ros/kinova_msgs/msg/_package_Arm_KinovaPoseActionFeedback.lisp
Symlinking /home/caster/ros_ws/caster/devel/share/common-lisp/ros/kinova_msgs/msg/KinovaPose.lisp
Symlinking /home/caster/ros_ws/caster/devel/share/common-lisp/ros/kinova_msgs/msg/_package_ArmPoseActionResult.lisp
Symlinking /home/caster/ros_ws/caster/devel/share/common-lisp/ros/kinova_msgs/msg/_package_SetFingersPositionActionGoal.lisp
Symlinking /home/caster/ros_ws/caster/devel/share/common-lisp/ros/kinova_msgs/msg/_package_PoseVelocity.lisp
Symlinking /home/caster/ros_ws/caster/devel/share/common-lisp/ros/kinova_msgs/msg/JointTorque.lisp
Symlinking /home/caster/ros_ws/caster/devel/share/common-lisp/ros/kinova_msgs/msg/ArmPoseGoal.lisp
Symlinking /home/caster/ros_ws/caster/devel/share/common-lisp/ros/kinova_msgs/msg/ArmPoseActionGoal.lisp
Symlinking /home/caster/ros_ws/caster/devel/share/common-lisp/ros/kinova_msgs/msg/_package_Arm_KinovaPoseResult.lisp
Symlinking /home/caster/ros_ws/caster/devel/share/common-lisp/ros/kinova_msgs/msg/_package_SetFingersPositionAction.lisp
Symlinking /home/caster/ros_ws/caster/devel/share/common-lisp/ros/kinova_msgs/msg/PoseVelocity.lisp
Symlinking /home/caster/ros_ws/caster/devel/share/common-lisp/ros/kinova_msgs/msg/kinova_msgs-msg.asd
Symlinking /home/caster/ros_ws/caster/devel/share/common-lisp/ros/kinova_msgs/msg/_package_Arm_KinovaPoseGoal.lisp
Symlinking /home/caster/ros_ws/caster/devel/share/common-lisp/ros/kinova_msgs/msg/_package_FingerPosition.lisp
Symlinking /home/caster/ros_ws/caster/devel/share/common-lisp/ros/kinova_msgs/msg/Arm_KinovaPoseGoal.lisp
Symlinking /home/caster/ros_ws/caster/devel/share/common-lisp/ros/kinova_msgs/msg/ArmJointAnglesResult.lisp
Symlinking /home/caster/ros_ws/caster/devel/share/common-lisp/ros/kinova_msgs/msg/_package_Arm_KinovaPoseActionGoal.lisp
Symlinking /home/caster/ros_ws/caster/devel/share/common-lisp/ros/kinova_msgs/msg/_package_ArmPoseFeedback.lisp
Symlinking /home/caster/ros_ws/caster/devel/share/common-lisp/ros/kinova_msgs/msg/_package_ArmPoseAction.lisp
Symlinking /home/caster/ros_ws/caster/devel/share/common-lisp/ros/kinova_msgs/msg/_package_CartesianForce.lisp
Symlinking /home/caster/ros_ws/caster/devel/share/common-lisp/ros/kinova_msgs/msg/_package_KinovaPose.lisp
Symlinking /home/caster/ros_ws/caster/devel/share/common-lisp/ros/kinova_msgs/msg/SetFingersPositionGoal.lisp
Symlinking /home/caster/ros_ws/caster/devel/share/common-lisp/ros/kinova_msgs/msg/ArmPoseFeedback.lisp
Symlinking /home/caster/ros_ws/caster/devel/share/common-lisp/ros/kinova_msgs/msg/ArmJointAnglesAction.lisp
Symlinking /home/caster/ros_ws/caster/devel/share/common-lisp/ros/kinova_msgs/msg/_package_ArmJointAnglesAction.lisp
Symlinking /home/caster/ros_ws/caster/devel/share/common-lisp/ros/kinova_msgs/msg/SetFingersPositionActionFeedback.lisp
Symlinking /home/caster/ros_ws/caster/devel/share/common-lisp/ros/kinova_msgs/msg/SetFingersPositionActionGoal.lisp
Symlinking /home/caster/ros_ws/caster/devel/share/common-lisp/ros/kinova_msgs/msg/ArmJointAnglesActionFeedback.lisp
Symlinking /home/caster/ros_ws/caster/devel/share/common-lisp/ros/kinova_msgs/msg/ArmJointAnglesGoal.lisp
Symlinking /home/caster/ros_ws/caster/devel/share/common-lisp/ros/kinova_msgs/msg/FingerPosition.lisp
Symlinking /home/caster/ros_ws/caster/devel/share/common-lisp/ros/kinova_msgs/msg/ArmJointAnglesActionGoal.lisp
Symlinking /home/caster/ros_ws/caster/devel/share/common-lisp/ros/kinova_msgs/msg/_package_SetFingersPositionGoal.lisp
Symlinking /home/caster/ros_ws/caster/devel/share/common-lisp/ros/kinova_msgs/msg/_package_SetFingersPositionActionFeedback.lisp
Symlinking /home/caster/ros_ws/caster/devel/share/common-lisp/ros/kinova_msgs/msg/_package_JointVelocity.lisp
Symlinking /home/caster/ros_ws/caster/devel/share/common-lisp/ros/kinova_msgs/msg/Arm_KinovaPoseResult.lisp
Symlinking /home/caster/ros_ws/caster/devel/share/common-lisp/ros/kinova_msgs/msg/JointVelocity.lisp
Symlinking /home/caster/ros_ws/caster/devel/share/common-lisp/ros/kinova_msgs/msg/_package_JointTorque.lisp
Symlinking /home/caster/ros_ws/caster/devel/share/common-lisp/ros/kinova_msgs/msg/Arm_KinovaPoseFeedback.lisp
Symlinking /home/caster/ros_ws/caster/devel/share/common-lisp/ros/kinova_msgs/msg/ArmPoseActionResult.lisp
Symlinking /home/caster/ros_ws/caster/devel/share/common-lisp/ros/kinova_msgs/msg/_package_ArmPoseActionGoal.lisp
Symlinking /home/caster/ros_ws/caster/devel/share/common-lisp/ros/kinova_msgs/msg/_package.lisp
Symlinking /home/caster/ros_ws/caster/devel/share/common-lisp/ros/kinova_msgs/msg/_package_ArmPoseResult.lisp
Symlinking /home/caster/ros_ws/caster/devel/share/common-lisp/ros/kinova_msgs/msg/CartesianForce.lisp
Symlinking /home/caster/ros_ws/caster/devel/share/common-lisp/ros/kinova_msgs/msg/_package_JointAngles.lisp
Symlinking /home/caster/ros_ws/caster/devel/share/common-lisp/ros/kinova_msgs/msg/ArmJointAnglesFeedback.lisp
Symlinking /home/caster/ros_ws/caster/devel/share/common-lisp/ros/kinova_msgs/msg/_package_SetFingersPositionFeedback.lisp
Symlinking /home/caster/ros_ws/caster/devel/share/common-lisp/ros/kinova_msgs/msg/SetFingersPositionAction.lisp
Symlinking /home/caster/ros_ws/caster/devel/share/common-lisp/ros/kinova_msgs/msg/ArmPoseAction.lisp
Symlinking /home/caster/ros_ws/caster/devel/share/common-lisp/ros/kinova_msgs/msg/Arm_KinovaPoseActionFeedback.lisp
Symlinking /home/caster/ros_ws/caster/devel/share/common-lisp/ros/kinova_msgs/msg/_package_ArmJointAnglesActionGoal.lisp
Symlinking /home/caster/ros_ws/caster/devel/share/common-lisp/ros/kinova_msgs/srv/RunCOMParametersEstimation.lisp
Symlinking /home/caster/ros_ws/caster/devel/share/common-lisp/ros/kinova_msgs/srv/ZeroTorques.lisp
Symlinking /home/caster/ros_ws/caster/devel/share/common-lisp/ros/kinova_msgs/srv/_package_RunCOMParametersEstimation.lisp
Symlinking /home/caster/ros_ws/caster/devel/share/common-lisp/ros/kinova_msgs/srv/_package_AddPoseToCartesianTrajectory.lisp
Symlinking /home/caster/ros_ws/caster/devel/share/common-lisp/ros/kinova_msgs/srv/HomeArm.lisp
Symlinking /home/caster/ros_ws/caster/devel/share/common-lisp/ros/kinova_msgs/srv/Start.lisp
Symlinking /home/caster/ros_ws/caster/devel/share/common-lisp/ros/kinova_msgs/srv/AddPoseToCartesianTrajectory.lisp
Symlinking /home/caster/ros_ws/caster/devel/share/common-lisp/ros/kinova_msgs/srv/SetNullSpaceModeState.lisp
Symlinking /home/caster/ros_ws/caster/devel/share/common-lisp/ros/kinova_msgs/srv/SetTorqueControlParameters.lisp
Symlinking /home/caster/ros_ws/caster/devel/share/common-lisp/ros/kinova_msgs/srv/_package_SetTorqueControlMode.lisp
Symlinking /home/caster/ros_ws/caster/devel/share/common-lisp/ros/kinova_msgs/srv/_package_Start.lisp
Symlinking /home/caster/ros_ws/caster/devel/share/common-lisp/ros/kinova_msgs/srv/_package_ZeroTorques.lisp
Symlinking /home/caster/ros_ws/caster/devel/share/common-lisp/ros/kinova_msgs/srv/_package_SetForceControlParams.lisp
Symlinking /home/caster/ros_ws/caster/devel/share/common-lisp/ros/kinova_msgs/srv/SetEndEffectorOffset.lisp
Symlinking /home/caster/ros_ws/caster/devel/share/common-lisp/ros/kinova_msgs/srv/kinova_msgs-srv.asd
Symlinking /home/caster/ros_ws/caster/devel/share/common-lisp/ros/kinova_msgs/srv/_package_SetTorqueControlParameters.lisp
Symlinking /home/caster/ros_ws/caster/devel/share/common-lisp/ros/kinova_msgs/srv/ClearTrajectories.lisp
Symlinking /home/caster/ros_ws/caster/devel/share/common-lisp/ros/kinova_msgs/srv/_package_HomeArm.lisp
Symlinking /home/caster/ros_ws/caster/devel/share/common-lisp/ros/kinova_msgs/srv/_package.lisp
Symlinking /home/caster/ros_ws/caster/devel/share/common-lisp/ros/kinova_msgs/srv/Stop.lisp
Symlinking /home/caster/ros_ws/caster/devel/share/common-lisp/ros/kinova_msgs/srv/_package_ClearTrajectories.lisp
Symlinking /home/caster/ros_ws/caster/devel/share/common-lisp/ros/kinova_msgs/srv/SetForceControlParams.lisp
Symlinking /home/caster/ros_ws/caster/devel/share/common-lisp/ros/kinova_msgs/srv/_package_SetEndEffectorOffset.lisp
Symlinking /home/caster/ros_ws/caster/devel/share/common-lisp/ros/kinova_msgs/srv/_package_SetNullSpaceModeState.lisp
Symlinking /home/caster/ros_ws/caster/devel/share/common-lisp/ros/kinova_msgs/srv/_package_Stop.lisp
Symlinking /home/caster/ros_ws/caster/devel/share/common-lisp/ros/kinova_msgs/srv/SetTorqueControlMode.lisp
Symlinking /home/caster/ros_ws/caster/devel/share/kinova_msgs/cmake/kinova_msgs-msg-paths.cmake
Symlinking /home/caster/ros_ws/caster/devel/share/kinova_msgs/cmake/kinova_msgsConfig-version.cmake
Symlinking /home/caster/ros_ws/caster/devel/share/kinova_msgs/cmake/kinova_msgs-msg-extras.cmake
Symlinking /home/caster/ros_ws/caster/devel/share/kinova_msgs/cmake/kinova_msgsConfig.cmake
Symlinking /home/caster/ros_ws/caster/devel/share/kinova_msgs/msg/SetFingersPositionGoal.msg
Symlinking /home/caster/ros_ws/caster/devel/share/kinova_msgs/msg/Arm_KinovaPoseActionGoal.msg
Symlinking /home/caster/ros_ws/caster/devel/share/kinova_msgs/msg/SetFingersPositionFeedback.msg
Symlinking /home/caster/ros_ws/caster/devel/share/kinova_msgs/msg/ArmPoseActionResult.msg
Symlinking /home/caster/ros_ws/caster/devel/share/kinova_msgs/msg/ArmJointAnglesResult.msg
Symlinking /home/caster/ros_ws/caster/devel/share/kinova_msgs/msg/Arm_KinovaPoseResult.msg
Symlinking /home/caster/ros_ws/caster/devel/share/kinova_msgs/msg/ArmJointAnglesActionFeedback.msg
Symlinking /home/caster/ros_ws/caster/devel/share/kinova_msgs/msg/Arm_KinovaPoseGoal.msg
Symlinking /home/caster/ros_ws/caster/devel/share/kinova_msgs/msg/Arm_KinovaPoseAction.msg
Symlinking /home/caster/ros_ws/caster/devel/share/kinova_msgs/msg/ArmPoseAction.msg
Symlinking /home/caster/ros_ws/caster/devel/share/kinova_msgs/msg/ArmJointAnglesActionResult.msg
Symlinking /home/caster/ros_ws/caster/devel/share/kinova_msgs/msg/SetFingersPositionActionGoal.msg
Symlinking /home/caster/ros_ws/caster/devel/share/kinova_msgs/msg/ArmPoseActionGoal.msg
Symlinking /home/caster/ros_ws/caster/devel/share/kinova_msgs/msg/SetFingersPositionAction.msg
Symlinking /home/caster/ros_ws/caster/devel/share/kinova_msgs/msg/ArmPoseFeedback.msg
Symlinking /home/caster/ros_ws/caster/devel/share/kinova_msgs/msg/Arm_KinovaPoseActionFeedback.msg
Symlinking /home/caster/ros_ws/caster/devel/share/kinova_msgs/msg/SetFingersPositionActionResult.msg
Symlinking /home/caster/ros_ws/caster/devel/share/kinova_msgs/msg/SetFingersPositionResult.msg
Symlinking /home/caster/ros_ws/caster/devel/share/kinova_msgs/msg/ArmJointAnglesFeedback.msg
Symlinking /home/caster/ros_ws/caster/devel/share/kinova_msgs/msg/Arm_KinovaPoseFeedback.msg
Symlinking /home/caster/ros_ws/caster/devel/share/kinova_msgs/msg/ArmJointAnglesActionGoal.msg
Symlinking /home/caster/ros_ws/caster/devel/share/kinova_msgs/msg/ArmPoseResult.msg
Symlinking /home/caster/ros_ws/caster/devel/share/kinova_msgs/msg/SetFingersPositionActionFeedback.msg
Symlinking /home/caster/ros_ws/caster/devel/share/kinova_msgs/msg/ArmPoseActionFeedback.msg
Symlinking /home/caster/ros_ws/caster/devel/share/kinova_msgs/msg/Arm_KinovaPoseActionResult.msg
Symlinking /home/caster/ros_ws/caster/devel/share/kinova_msgs/msg/ArmJointAnglesGoal.msg
Symlinking /home/caster/ros_ws/caster/devel/share/kinova_msgs/msg/ArmJointAnglesAction.msg
Symlinking /home/caster/ros_ws/caster/devel/share/kinova_msgs/msg/ArmPoseGoal.msg
Symlinking /home/caster/ros_ws/caster/devel/share/roseus/ros/kinova_msgs/manifest.l
Symlinking /home/caster/ros_ws/caster/devel/share/roseus/ros/kinova_msgs/msg/ArmPoseActionResult.l
Symlinking /home/caster/ros_ws/caster/devel/share/roseus/ros/kinova_msgs/msg/ArmPoseResult.l
Symlinking /home/caster/ros_ws/caster/devel/share/roseus/ros/kinova_msgs/msg/JointTorque.l
Symlinking /home/caster/ros_ws/caster/devel/share/roseus/ros/kinova_msgs/msg/ArmJointAnglesActionGoal.l
Symlinking /home/caster/ros_ws/caster/devel/share/roseus/ros/kinova_msgs/msg/Arm_KinovaPoseActionGoal.l
Symlinking /home/caster/ros_ws/caster/devel/share/roseus/ros/kinova_msgs/msg/ArmJointAnglesGoal.l
Symlinking /home/caster/ros_ws/caster/devel/share/roseus/ros/kinova_msgs/msg/SetFingersPositionFeedback.l
Symlinking /home/caster/ros_ws/caster/devel/share/roseus/ros/kinova_msgs/msg/JointAngles.l
Symlinking /home/caster/ros_ws/caster/devel/share/roseus/ros/kinova_msgs/msg/SetFingersPositionActionGoal.l
Symlinking /home/caster/ros_ws/caster/devel/share/roseus/ros/kinova_msgs/msg/ArmJointAnglesActionResult.l
Symlinking /home/caster/ros_ws/caster/devel/share/roseus/ros/kinova_msgs/msg/ArmPoseFeedback.l
Symlinking /home/caster/ros_ws/caster/devel/share/roseus/ros/kinova_msgs/msg/ArmPoseActionGoal.l
Symlinking /home/caster/ros_ws/caster/devel/share/roseus/ros/kinova_msgs/msg/Arm_KinovaPoseAction.l
Symlinking /home/caster/ros_ws/caster/devel/share/roseus/ros/kinova_msgs/msg/ArmJointAnglesFeedback.l
Symlinking /home/caster/ros_ws/caster/devel/share/roseus/ros/kinova_msgs/msg/SetFingersPositionAction.l
Symlinking /home/caster/ros_ws/caster/devel/share/roseus/ros/kinova_msgs/msg/ArmPoseActionFeedback.l
Symlinking /home/caster/ros_ws/caster/devel/share/roseus/ros/kinova_msgs/msg/SetFingersPositionActionFeedback.l
Symlinking /home/caster/ros_ws/caster/devel/share/roseus/ros/kinova_msgs/msg/FingerPosition.l
Symlinking /home/caster/ros_ws/caster/devel/share/roseus/ros/kinova_msgs/msg/SetFingersPositionActionResult.l
Symlinking /home/caster/ros_ws/caster/devel/share/roseus/ros/kinova_msgs/msg/ArmJointAnglesAction.l
Symlinking /home/caster/ros_ws/caster/devel/share/roseus/ros/kinova_msgs/msg/Arm_KinovaPoseActionResult.l
Symlinking /home/caster/ros_ws/caster/devel/share/roseus/ros/kinova_msgs/msg/Arm_KinovaPoseGoal.l
Symlinking /home/caster/ros_ws/caster/devel/share/roseus/ros/kinova_msgs/msg/SetFingersPositionGoal.l
Symlinking /home/caster/ros_ws/caster/devel/share/roseus/ros/kinova_msgs/msg/PoseVelocity.l
Symlinking /home/caster/ros_ws/caster/devel/share/roseus/ros/kinova_msgs/msg/ArmPoseAction.l
Symlinking /home/caster/ros_ws/caster/devel/share/roseus/ros/kinova_msgs/msg/Arm_KinovaPoseResult.l
Symlinking /home/caster/ros_ws/caster/devel/share/roseus/ros/kinova_msgs/msg/ArmJointAnglesActionFeedback.l
Symlinking /home/caster/ros_ws/caster/devel/share/roseus/ros/kinova_msgs/msg/Arm_KinovaPoseFeedback.l
Symlinking /home/caster/ros_ws/caster/devel/share/roseus/ros/kinova_msgs/msg/ArmPoseGoal.l
Symlinking /home/caster/ros_ws/caster/devel/share/roseus/ros/kinova_msgs/msg/Arm_KinovaPoseActionFeedback.l
Symlinking /home/caster/ros_ws/caster/devel/share/roseus/ros/kinova_msgs/msg/CartesianForce.l
Symlinking /home/caster/ros_ws/caster/devel/share/roseus/ros/kinova_msgs/msg/JointVelocity.l
Symlinking /home/caster/ros_ws/caster/devel/share/roseus/ros/kinova_msgs/msg/KinovaPose.l
Symlinking /home/caster/ros_ws/caster/devel/share/roseus/ros/kinova_msgs/msg/ArmJointAnglesResult.l
Symlinking /home/caster/ros_ws/caster/devel/share/roseus/ros/kinova_msgs/msg/SetFingersPositionResult.l
Symlinking /home/caster/ros_ws/caster/devel/share/roseus/ros/kinova_msgs/srv/Start.l
Symlinking /home/caster/ros_ws/caster/devel/share/roseus/ros/kinova_msgs/srv/SetForceControlParams.l
Symlinking /home/caster/ros_ws/caster/devel/share/roseus/ros/kinova_msgs/srv/SetTorqueControlParameters.l
Symlinking /home/caster/ros_ws/caster/devel/share/roseus/ros/kinova_msgs/srv/SetEndEffectorOffset.l
Symlinking /home/caster/ros_ws/caster/devel/share/roseus/ros/kinova_msgs/srv/ClearTrajectories.l
Symlinking /home/caster/ros_ws/caster/devel/share/roseus/ros/kinova_msgs/srv/HomeArm.l
Symlinking /home/caster/ros_ws/caster/devel/share/roseus/ros/kinova_msgs/srv/Stop.l
Symlinking /home/caster/ros_ws/caster/devel/share/roseus/ros/kinova_msgs/srv/SetNullSpaceModeState.l
Symlinking /home/caster/ros_ws/caster/devel/share/roseus/ros/kinova_msgs/srv/SetTorqueControlMode.l
Symlinking /home/caster/ros_ws/caster/devel/share/roseus/ros/kinova_msgs/srv/RunCOMParametersEstimation.l
Symlinking /home/caster/ros_ws/caster/devel/share/roseus/ros/kinova_msgs/srv/ZeroTorques.l
Symlinking /home/caster/ros_ws/caster/devel/share/roseus/ros/kinova_msgs/srv/AddPoseToCartesianTrajectory.l
