Determining if the pthread_create exist failed with the following output:
Change Dir: /home/caster/ros_ws/caster/build/kinova_bringup/CMakeFiles/CMakeTmp

Run Build Command:"/usr/bin/make" "cmTC_4c450/fast"
/usr/bin/make -f CMakeFiles/cmTC_4c450.dir/build.make CMakeFiles/cmTC_4c450.dir/build
make[1]: Entering directory '/home/caster/ros_ws/caster/build/kinova_bringup/CMakeFiles/CMakeTmp'
Building C object CMakeFiles/cmTC_4c450.dir/CheckSymbolExists.c.o
/usr/bin/cc    -o CMakeFiles/cmTC_4c450.dir/CheckSymbolExists.c.o   -c /home/caster/ros_ws/caster/build/kinova_bringup/CMakeFiles/CMakeTmp/CheckSymbolExists.c
Linking C executable cmTC_4c450
/usr/bin/cmake -E cmake_link_script CMakeFiles/cmTC_4c450.dir/link.txt --verbose=1
/usr/bin/cc      -rdynamic CMakeFiles/cmTC_4c450.dir/CheckSymbolExists.c.o  -o cmTC_4c450 
CMakeFiles/cmTC_4c450.dir/CheckSymbolExists.c.o: In function `main':
CheckSymbolExists.c:(.text+0x1b): undefined reference to `pthread_create'
collect2: error: ld returned 1 exit status
CMakeFiles/cmTC_4c450.dir/build.make:97: recipe for target 'cmTC_4c450' failed
make[1]: *** [cmTC_4c450] Error 1
make[1]: Leaving directory '/home/caster/ros_ws/caster/build/kinova_bringup/CMakeFiles/CMakeTmp'
Makefile:126: recipe for target 'cmTC_4c450/fast' failed
make: *** [cmTC_4c450/fast] Error 2

File /home/caster/ros_ws/caster/build/kinova_bringup/CMakeFiles/CMakeTmp/CheckSymbolExists.c:
/* */
#include <pthread.h>

int main(int argc, char** argv)
{
  (void)argv;
#ifndef pthread_create
  return ((int*)(&pthread_create))[argc];
#else
  (void)argc;
  return 0;
#endif
}

Determining if the function pthread_create exists in the pthreads failed with the following output:
Change Dir: /home/caster/ros_ws/caster/build/kinova_bringup/CMakeFiles/CMakeTmp

Run Build Command:"/usr/bin/make" "cmTC_470ea/fast"
/usr/bin/make -f CMakeFiles/cmTC_470ea.dir/build.make CMakeFiles/cmTC_470ea.dir/build
make[1]: Entering directory '/home/caster/ros_ws/caster/build/kinova_bringup/CMakeFiles/CMakeTmp'
Building C object CMakeFiles/cmTC_470ea.dir/CheckFunctionExists.c.o
/usr/bin/cc   -DCHECK_FUNCTION_EXISTS=pthread_create   -o CMakeFiles/cmTC_470ea.dir/CheckFunctionExists.c.o   -c /usr/share/cmake-3.10/Modules/CheckFunctionExists.c
Linking C executable cmTC_470ea
/usr/bin/cmake -E cmake_link_script CMakeFiles/cmTC_470ea.dir/link.txt --verbose=1
/usr/bin/cc  -DCHECK_FUNCTION_EXISTS=pthread_create    -rdynamic CMakeFiles/cmTC_470ea.dir/CheckFunctionExists.c.o  -o cmTC_470ea -lpthreads 
/usr/bin/ld: cannot find -lpthreads
collect2: error: ld returned 1 exit status
CMakeFiles/cmTC_470ea.dir/build.make:97: recipe for target 'cmTC_470ea' failed
make[1]: *** [cmTC_470ea] Error 1
make[1]: Leaving directory '/home/caster/ros_ws/caster/build/kinova_bringup/CMakeFiles/CMakeTmp'
Makefile:126: recipe for target 'cmTC_470ea/fast' failed
make: *** [cmTC_470ea/fast] Error 2


