Determining if the pthread_create exist failed with the following output:
Change Dir: /home/caster/ros_ws/caster/build/pan_tilt_msg/CMakeFiles/CMakeTmp

Run Build Command:"/usr/bin/make" "cmTC_6fbae/fast"
/usr/bin/make -f CMakeFiles/cmTC_6fbae.dir/build.make CMakeFiles/cmTC_6fbae.dir/build
make[1]: Entering directory '/home/caster/ros_ws/caster/build/pan_tilt_msg/CMakeFiles/CMakeTmp'
Building C object CMakeFiles/cmTC_6fbae.dir/CheckSymbolExists.c.o
/usr/bin/cc    -o CMakeFiles/cmTC_6fbae.dir/CheckSymbolExists.c.o   -c /home/caster/ros_ws/caster/build/pan_tilt_msg/CMakeFiles/CMakeTmp/CheckSymbolExists.c
Linking C executable cmTC_6fbae
/usr/bin/cmake -E cmake_link_script CMakeFiles/cmTC_6fbae.dir/link.txt --verbose=1
/usr/bin/cc      -rdynamic CMakeFiles/cmTC_6fbae.dir/CheckSymbolExists.c.o  -o cmTC_6fbae 
CMakeFiles/cmTC_6fbae.dir/CheckSymbolExists.c.o: In function `main':
CheckSymbolExists.c:(.text+0x1b): undefined reference to `pthread_create'
collect2: error: ld returned 1 exit status
CMakeFiles/cmTC_6fbae.dir/build.make:97: recipe for target 'cmTC_6fbae' failed
make[1]: *** [cmTC_6fbae] Error 1
make[1]: Leaving directory '/home/caster/ros_ws/caster/build/pan_tilt_msg/CMakeFiles/CMakeTmp'
Makefile:126: recipe for target 'cmTC_6fbae/fast' failed
make: *** [cmTC_6fbae/fast] Error 2

File /home/caster/ros_ws/caster/build/pan_tilt_msg/CMakeFiles/CMakeTmp/CheckSymbolExists.c:
/* */
#include <pthread.h>

int main(int argc, char** argv)
{
  (void)argv;
#ifndef pthread_create
  return ((int*)(&pthread_create))[argc];
#else
  (void)argc;
  return 0;
#endif
}

Determining if the function pthread_create exists in the pthreads failed with the following output:
Change Dir: /home/caster/ros_ws/caster/build/pan_tilt_msg/CMakeFiles/CMakeTmp

Run Build Command:"/usr/bin/make" "cmTC_61754/fast"
/usr/bin/make -f CMakeFiles/cmTC_61754.dir/build.make CMakeFiles/cmTC_61754.dir/build
make[1]: Entering directory '/home/caster/ros_ws/caster/build/pan_tilt_msg/CMakeFiles/CMakeTmp'
Building C object CMakeFiles/cmTC_61754.dir/CheckFunctionExists.c.o
/usr/bin/cc   -DCHECK_FUNCTION_EXISTS=pthread_create   -o CMakeFiles/cmTC_61754.dir/CheckFunctionExists.c.o   -c /usr/share/cmake-3.10/Modules/CheckFunctionExists.c
Linking C executable cmTC_61754
/usr/bin/cmake -E cmake_link_script CMakeFiles/cmTC_61754.dir/link.txt --verbose=1
/usr/bin/cc  -DCHECK_FUNCTION_EXISTS=pthread_create    -rdynamic CMakeFiles/cmTC_61754.dir/CheckFunctionExists.c.o  -o cmTC_61754 -lpthreads 
/usr/bin/ld: cannot find -lpthreads
collect2: error: ld returned 1 exit status
CMakeFiles/cmTC_61754.dir/build.make:97: recipe for target 'cmTC_61754' failed
make[1]: *** [cmTC_61754] Error 1
make[1]: Leaving directory '/home/caster/ros_ws/caster/build/pan_tilt_msg/CMakeFiles/CMakeTmp'
Makefile:126: recipe for target 'cmTC_61754/fast' failed
make: *** [cmTC_61754/fast] Error 2


