Determining if the pthread_create exist failed with the following output:
Change Dir: /home/caster/ros_ws/caster/build/kinova_driver/CMakeFiles/CMakeTmp

Run Build Command:"/usr/bin/make" "cmTC_8163a/fast"
/usr/bin/make -f CMakeFiles/cmTC_8163a.dir/build.make CMakeFiles/cmTC_8163a.dir/build
make[1]: Entering directory '/home/caster/ros_ws/caster/build/kinova_driver/CMakeFiles/CMakeTmp'
Building C object CMakeFiles/cmTC_8163a.dir/CheckSymbolExists.c.o
/usr/bin/cc    -o CMakeFiles/cmTC_8163a.dir/CheckSymbolExists.c.o   -c /home/caster/ros_ws/caster/build/kinova_driver/CMakeFiles/CMakeTmp/CheckSymbolExists.c
Linking C executable cmTC_8163a
/usr/bin/cmake -E cmake_link_script CMakeFiles/cmTC_8163a.dir/link.txt --verbose=1
/usr/bin/cc      -rdynamic CMakeFiles/cmTC_8163a.dir/CheckSymbolExists.c.o  -o cmTC_8163a 
CMakeFiles/cmTC_8163a.dir/CheckSymbolExists.c.o: In function `main':
CheckSymbolExists.c:(.text+0x1b): undefined reference to `pthread_create'
collect2: error: ld returned 1 exit status
CMakeFiles/cmTC_8163a.dir/build.make:97: recipe for target 'cmTC_8163a' failed
make[1]: *** [cmTC_8163a] Error 1
make[1]: Leaving directory '/home/caster/ros_ws/caster/build/kinova_driver/CMakeFiles/CMakeTmp'
Makefile:126: recipe for target 'cmTC_8163a/fast' failed
make: *** [cmTC_8163a/fast] Error 2

File /home/caster/ros_ws/caster/build/kinova_driver/CMakeFiles/CMakeTmp/CheckSymbolExists.c:
/* */
#include <pthread.h>

int main(int argc, char** argv)
{
  (void)argv;
#ifndef pthread_create
  return ((int*)(&pthread_create))[argc];
#else
  (void)argc;
  return 0;
#endif
}

Determining if the function pthread_create exists in the pthreads failed with the following output:
Change Dir: /home/caster/ros_ws/caster/build/kinova_driver/CMakeFiles/CMakeTmp

Run Build Command:"/usr/bin/make" "cmTC_7e7de/fast"
/usr/bin/make -f CMakeFiles/cmTC_7e7de.dir/build.make CMakeFiles/cmTC_7e7de.dir/build
make[1]: Entering directory '/home/caster/ros_ws/caster/build/kinova_driver/CMakeFiles/CMakeTmp'
Building C object CMakeFiles/cmTC_7e7de.dir/CheckFunctionExists.c.o
/usr/bin/cc   -DCHECK_FUNCTION_EXISTS=pthread_create   -o CMakeFiles/cmTC_7e7de.dir/CheckFunctionExists.c.o   -c /usr/share/cmake-3.10/Modules/CheckFunctionExists.c
Linking C executable cmTC_7e7de
/usr/bin/cmake -E cmake_link_script CMakeFiles/cmTC_7e7de.dir/link.txt --verbose=1
/usr/bin/cc  -DCHECK_FUNCTION_EXISTS=pthread_create    -rdynamic CMakeFiles/cmTC_7e7de.dir/CheckFunctionExists.c.o  -o cmTC_7e7de -lpthreads 
/usr/bin/ld: cannot find -lpthreads
collect2: error: ld returned 1 exit status
CMakeFiles/cmTC_7e7de.dir/build.make:97: recipe for target 'cmTC_7e7de' failed
make[1]: *** [cmTC_7e7de] Error 1
make[1]: Leaving directory '/home/caster/ros_ws/caster/build/kinova_driver/CMakeFiles/CMakeTmp'
Makefile:126: recipe for target 'cmTC_7e7de/fast' failed
make: *** [cmTC_7e7de/fast] Error 2


