Symlinking /home/caster/ros_ws/caster/devel/lib/caster_base/caster_base_node
Symlinking /home/caster/ros_ws/caster/devel/lib/pkgconfig/caster_base.pc
Symlinking /home/caster/ros_ws/caster/devel/lib/python2.7/dist-packages/caster_base/__init__.py
Symlinking /home/caster/ros_ws/caster/devel/lib/python2.7/dist-packages/caster_base/srv/__init__.py
Symlinking /home/caster/ros_ws/caster/devel/lib/python2.7/dist-packages/caster_base/srv/_SetDigitalOutput.py
Symlinking /home/caster/ros_ws/caster/devel/include/caster_base/SetDigitalOutputRequest.h
Symlinking /home/caster/ros_ws/caster/devel/include/caster_base/SetDigitalOutput.h
Symlinking /home/caster/ros_ws/caster/devel/include/caster_base/SetDigitalOutputResponse.h
Symlinking /home/caster/ros_ws/caster/devel/share/caster_base/cmake/caster_baseConfig-version.cmake
Symlinking /home/caster/ros_ws/caster/devel/share/caster_base/cmake/caster_base-msg-extras.cmake
Symlinking /home/caster/ros_ws/caster/devel/share/caster_base/cmake/caster_base-msg-paths.cmake
Symlinking /home/caster/ros_ws/caster/devel/share/caster_base/cmake/caster_baseConfig.cmake
Symlinking /home/caster/ros_ws/caster/devel/share/gennodejs/ros/caster_base/_index.js
Symlinking /home/caster/ros_ws/caster/devel/share/gennodejs/ros/caster_base/srv/_index.js
Symlinking /home/caster/ros_ws/caster/devel/share/gennodejs/ros/caster_base/srv/SetDigitalOutput.js
Symlinking /home/caster/ros_ws/caster/devel/share/common-lisp/ros/caster_base/srv/caster_base-srv.asd
Symlinking /home/caster/ros_ws/caster/devel/share/common-lisp/ros/caster_base/srv/_package_SetDigitalOutput.lisp
Symlinking /home/caster/ros_ws/caster/devel/share/common-lisp/ros/caster_base/srv/SetDigitalOutput.lisp
Symlinking /home/caster/ros_ws/caster/devel/share/common-lisp/ros/caster_base/srv/_package.lisp
Symlinking /home/caster/ros_ws/caster/devel/share/roseus/ros/caster_base/manifest.l
Symlinking /home/caster/ros_ws/caster/devel/share/roseus/ros/caster_base/srv/SetDigitalOutput.l
